==> my-centos-7-x86_64: Downloading or copying ISO
    my-centos-7-x86_64: Found already downloaded, initial checksum matched, no download needed: http://ftp.linux.cz/pub/linux/centos/7/isos/x86_64/CentOS-7-x86_64-NetInstall-1708.iso
==> my-centos-7-x86_64: Creating hard drive...
==> my-centos-7-x86_64: Starting HTTP server on port 8229
==> my-centos-7-x86_64: Found port for communicator (SSH, WinRM, etc): 4291.
==> my-centos-7-x86_64: Looking for available port between 5900 and 6000 on 127.0.0.1
==> my-centos-7-x86_64: Starting VM, booting from CD-ROM
==> my-centos-7-x86_64: Overriding defaults Qemu arguments with QemuArgs...
==> my-centos-7-x86_64: Waiting 2s for boot...
==> my-centos-7-x86_64: Connecting to VM via VNC
==> my-centos-7-x86_64: Typing the boot command over VNC...
==> my-centos-7-x86_64: Waiting for SSH to become available...
==> my-centos-7-x86_64: Connected to SSH!
==> my-centos-7-x86_64: Provisioning with shell script: scripts/linux-common/vagrant.sh
    my-centos-7-x86_64: + date
    my-centos-7-x86_64: + SSH_USER=vagrant
    my-centos-7-x86_64: ==> Giving vagrant sudo powers
    my-centos-7-x86_64: + SSH_USER_HOME=/home/vagrant
    my-centos-7-x86_64: + VAGRANT_INSECURE_KEY='ssh-rsa AAAAB3NzaC1yc2EAAAABIwAAAQEA6NF8iallvQVp22WDkTkyrtvp9eWW6A8YVr+kz4TjGYe7gHzIw+niNltGEFHzD8+v1I2YJ6oXevct1YeS0o9HZyN1Q9qgCgzUFtdOKLv6IedplqoPkcmF0aYet2PkEDo3MlTBckFXPITAMzF8dJSIFo9D8HfdOV0IAdx4O7PtixWKn5y2hMNG0zQPyUecp4pzC6kivAIhyfHilFR61RGL+GPXQ2MWZWFYbAGjyiYJnAmCP3NOTd0jMZEnDkbUvxhMmBYSdETk1rRgm+R4LOzFUGaHqHDLKLX+FIPKcF96hrucXzcWyLbIbEgE98OHlnVYCzRdK8jlqm8tehUc9c9WhQ== vagrant insecure public key'
    my-centos-7-x86_64: + echo '==> Giving vagrant sudo powers'
    my-centos-7-x86_64: ==> Installing vagrant key
    my-centos-7-x86_64: + echo 'vagrant        ALL=(ALL)       NOPASSWD: ALL'
    my-centos-7-x86_64: + echo '==> Installing vagrant key'
    my-centos-7-x86_64: + '[' '!' -d /home/vagrant/.ssh ']'
    my-centos-7-x86_64: + mkdir /home/vagrant/.ssh
    my-centos-7-x86_64: + chmod 700 /home/vagrant/.ssh
    my-centos-7-x86_64: + echo 'ssh-rsa AAAAB3NzaC1yc2EAAAABIwAAAQEA6NF8iallvQVp22WDkTkyrtvp9eWW6A8YVr+kz4TjGYe7gHzIw+niNltGEFHzD8+v1I2YJ6oXevct1YeS0o9HZyN1Q9qgCgzUFtdOKLv6IedplqoPkcmF0aYet2PkEDo3MlTBckFXPITAMzF8dJSIFo9D8HfdOV0IAdx4O7PtixWKn5y2hMNG0zQPyUecp4pzC6kivAIhyfHilFR61RGL+GPXQ2MWZWFYbAGjyiYJnAmCP3NOTd0jMZEnDkbUvxhMmBYSdETk1rRgm+R4LOzFUGaHqHDLKLX+FIPKcF96hrucXzcWyLbIbEgE98OHlnVYCzRdK8jlqm8tehUc9c9WhQ== vagrant insecure public key'
    my-centos-7-x86_64: + chmod 600 /home/vagrant/.ssh/authorized_keys
    my-centos-7-x86_64: + chown -R vagrant:vagrant /home/vagrant/.ssh
==> my-centos-7-x86_64: Provisioning with Ansible...
==> my-centos-7-x86_64: Executing Ansible: ansible-playbook --extra-vars packer_build_name=my-centos-7-x86_64 packer_builder_type=qemu -i /var/tmp/packer-provisioner-ansible704329756 /home/pruzicka/data/github/packer-templates/ansible/site.yml --private-key /var/tmp/ansible-key206158705
    my-centos-7-x86_64:
    my-centos-7-x86_64: PLAY [all] *********************************************************************
    my-centos-7-x86_64:
    my-centos-7-x86_64: TASK [Gathering Facts] *********************************************************
    my-centos-7-x86_64: ok: [default]
    my-centos-7-x86_64:
    my-centos-7-x86_64: TASK [common_defaults : Include OS-specific variables] *************************
    my-centos-7-x86_64: ok: [default]
    my-centos-7-x86_64:
    my-centos-7-x86_64: TASK [common_defaults : Update repositories] ***********************************
    my-centos-7-x86_64: skipping: [default]
    my-centos-7-x86_64:
    my-centos-7-x86_64: TASK [common_defaults : Install EPEL repo] *************************************
    my-centos-7-x86_64: changed: [default]
    my-centos-7-x86_64:
    my-centos-7-x86_64: TASK [common_defaults : Import EPEL GPG key] ***********************************
    my-centos-7-x86_64: changed: [default]
    my-centos-7-x86_64:
    my-centos-7-x86_64: TASK [common_defaults : Install common packages] *******************************
    my-centos-7-x86_64: changed: [default] => (item=acpid)
    my-centos-7-x86_64: changed: [default] => (item=atop)
    my-centos-7-x86_64: ok: [default] => (item=bash-completion)
    my-centos-7-x86_64: changed: [default] => (item=byobu)
    my-centos-7-x86_64: changed: [default] => (item=cloud-init)
    my-centos-7-x86_64: ok: [default] => (item=curl)
    my-centos-7-x86_64: changed: [default] => (item=dstat)
    my-centos-7-x86_64: ok: [default] => (item=ethtool)
    my-centos-7-x86_64: changed: [default] => (item=haveged)
    my-centos-7-x86_64: changed: [default] => (item=htop)
    my-centos-7-x86_64: changed: [default] => (item=iftop)
    my-centos-7-x86_64: changed: [default] => (item=iotop)
    my-centos-7-x86_64: changed: [default] => (item=lftp)
    my-centos-7-x86_64: ok: [default] => (item=logrotate)
    my-centos-7-x86_64: changed: [default] => (item=logwatch)
    my-centos-7-x86_64: changed: [default] => (item=lshw)
    my-centos-7-x86_64: ok: [default] => (item=lsof)
    my-centos-7-x86_64: ok: [default] => (item=man)
    my-centos-7-x86_64: changed: [default] => (item=mc)
    my-centos-7-x86_64: ok: [default] => (item=mlocate)
    my-centos-7-x86_64: changed: [default] => (item=mutt)
    my-centos-7-x86_64: changed: [default] => (item=nmap)
    my-centos-7-x86_64: changed: [default] => (item=ntp)
    my-centos-7-x86_64: ok: [default] => (item=ntpdate)
    my-centos-7-x86_64: ok: [default] => (item=openssh-server)
    my-centos-7-x86_64: ok: [default] => (item=parted)
    my-centos-7-x86_64: ok: [default] => (item=postfix)
    my-centos-7-x86_64: ok: [default] => (item=rsync)
    my-centos-7-x86_64: ok: [default] => (item=screen)
    my-centos-7-x86_64: ok: [default] => (item=strace)
    my-centos-7-x86_64: ok: [default] => (item=sysstat)
    my-centos-7-x86_64: ok: [default] => (item=tcpdump)
    my-centos-7-x86_64: changed: [default] => (item=telnet)
    my-centos-7-x86_64: ok: [default] => (item=traceroute)
    my-centos-7-x86_64: ok: [default] => (item=@base)
    my-centos-7-x86_64: ok: [default] => (item=audit)
    my-centos-7-x86_64: ok: [default] => (item=libselinux-python)
    my-centos-7-x86_64: changed: [default] => (item=net-snmp)
    my-centos-7-x86_64: changed: [default] => (item=net-snmp-utils)
    my-centos-7-x86_64: ok: [default] => (item=openssh-clients)
    my-centos-7-x86_64: ok: [default] => (item=selinux-policy)
    my-centos-7-x86_64: ok: [default] => (item=sos)
    my-centos-7-x86_64: changed: [default] => (item=tmpwatch)
    my-centos-7-x86_64: ok: [default] => (item=tuned)
    my-centos-7-x86_64: ok: [default] => (item=vim-enhanced)
    my-centos-7-x86_64: changed: [default] => (item=yum-cron)
    my-centos-7-x86_64:
    my-centos-7-x86_64: TASK [common_defaults : Chnage root password] **********************************
    my-centos-7-x86_64: ok: [default]
    my-centos-7-x86_64:
    my-centos-7-x86_64: TASK [common_defaults : Disable mouse in mc (/etc/profile.d/mc.sh)] ************
    my-centos-7-x86_64: changed: [default]
    my-centos-7-x86_64:
    my-centos-7-x86_64: TASK [common_defaults : Create directory "/etc/skel/.config/mc"] ***************
    my-centos-7-x86_64: changed: [default]
    my-centos-7-x86_64:
    my-centos-7-x86_64: TASK [common_defaults : Create directory for mc inside /etc/skel] **************
    my-centos-7-x86_64: changed: [default]
    my-centos-7-x86_64:
    my-centos-7-x86_64: TASK [common_defaults : Check if user dirctory exists] *************************
    my-centos-7-x86_64: ok: [default] => (item=/home/ubuntu)
    my-centos-7-x86_64: ok: [default] => (item=/home/centos)
    my-centos-7-x86_64: ok: [default] => (item=/home/vagrant)
    my-centos-7-x86_64: ok: [default] => (item=/root)
    my-centos-7-x86_64:
    my-centos-7-x86_64: TASK [common_defaults : Copy /etc/skel/.config/ directory to root] *************
    my-centos-7-x86_64: skipping: [default] => (item=/home/ubuntu)
    my-centos-7-x86_64: skipping: [default] => (item=/home/centos)
    my-centos-7-x86_64: changed: [default] => (item=/home/vagrant)
    my-centos-7-x86_64: changed: [default] => (item=/root)
    my-centos-7-x86_64:
    my-centos-7-x86_64: TASK [common_defaults : Change owner for skel_copy_users/.config] **************
    my-centos-7-x86_64: skipping: [default] => (item=/home/ubuntu)
    my-centos-7-x86_64: skipping: [default] => (item=/home/centos)
    my-centos-7-x86_64: changed: [default] => (item=/home/vagrant)
    my-centos-7-x86_64: ok: [default] => (item=/root)
    my-centos-7-x86_64:
    my-centos-7-x86_64: TASK [common_defaults : Change rights for skel_copy_users/.config] *************
    my-centos-7-x86_64: skipping: [default] => (item=/home/ubuntu)
    my-centos-7-x86_64: skipping: [default] => (item=/home/centos)
    my-centos-7-x86_64: changed: [default] => (item=/home/vagrant)
    my-centos-7-x86_64: changed: [default] => (item=/root)
    my-centos-7-x86_64:
    my-centos-7-x86_64: TASK [common_defaults : Set format for history command (/etc/profile.d/history_format.sh)] ***
    my-centos-7-x86_64: changed: [default]
    my-centos-7-x86_64:
    my-centos-7-x86_64: TASK [common_defaults : Add sar alias (/etc/bashrc)] ***************************
    my-centos-7-x86_64: changed: [default]
    my-centos-7-x86_64:
    my-centos-7-x86_64: TASK [common_defaults : Tweak vim (/etc/vimrc)] ********************************
    my-centos-7-x86_64: changed: [default]
    my-centos-7-x86_64:
    my-centos-7-x86_64: TASK [common_defaults : Tweak screen (/etc/screenrc)] **************************
    my-centos-7-x86_64: changed: [default]
    my-centos-7-x86_64:
    my-centos-7-x86_64: TASK [common_defaults : Tweak logrotate (/etc/logrotate.conf)] *****************
    my-centos-7-x86_64: changed: [default]
    my-centos-7-x86_64:
    my-centos-7-x86_64: TASK [common_defaults : Change logwatch to display weekly status (/etc/logwatch/conf/logwatch.conf)] ***
    my-centos-7-x86_64: changed: [default]
    my-centos-7-x86_64:
    my-centos-7-x86_64: TASK [common_defaults : Move logwatch cron entry from cron.daily to cron.weekly] ***
    my-centos-7-x86_64: changed: [default]
    my-centos-7-x86_64:
    my-centos-7-x86_64: TASK [common_defaults : Place snmpd.conf file to the /etc/snmp/] ***************
    my-centos-7-x86_64: changed: [default]
    my-centos-7-x86_64:
    my-centos-7-x86_64: TASK [common_defaults : Configure sshd] ****************************************
    my-centos-7-x86_64: skipping: [default]
    my-centos-7-x86_64:
    my-centos-7-x86_64: TASK [common_defaults : Allow root SSH access and set "PasswordAuthentication yes" in /etc/ssh/sshd_config] ***
    my-centos-7-x86_64: changed: [default] => (item={u'regexp': u'^PermitRootLogin', u'line': u'PermitRootLogin yes'})
    my-centos-7-x86_64: ok: [default] => (item={u'regexp': u'^PasswordAuthentication', u'line': u'PasswordAuthentication yes'})
    my-centos-7-x86_64:
    my-centos-7-x86_64: TASK [common_defaults : Configure ssh client] **********************************
    my-centos-7-x86_64: changed: [default]
    my-centos-7-x86_64:
    my-centos-7-x86_64: TASK [common_defaults : Tweak sysstat in cron.d] *******************************
    my-centos-7-x86_64: changed: [default]
    my-centos-7-x86_64:
    my-centos-7-x86_64: TASK [common_defaults : Configure cloud-init] **********************************
    my-centos-7-x86_64: changed: [default]
    my-centos-7-x86_64:
    my-centos-7-x86_64: TASK [common_defaults : Remove /dev/fd0 (floppy) from /etc/fstab (floppy is presend by default when using KVM provisioner)] ***
    my-centos-7-x86_64: ok: [default]
    my-centos-7-x86_64:
    my-centos-7-x86_64: TASK [common_defaults : Ensure fstab uses nodiratime and noatime] **************
    my-centos-7-x86_64: changed: [default]
    my-centos-7-x86_64:
    my-centos-7-x86_64: TASK [common_defaults : Check if /root/.ssh/authorized_keys exists] ************
    my-centos-7-x86_64: ok: [default]
    my-centos-7-x86_64:
    my-centos-7-x86_64: TASK [common_defaults : Remove the Amazon AWS "disable root" feature] **********
    my-centos-7-x86_64: skipping: [default]
    my-centos-7-x86_64:
    my-centos-7-x86_64: TASK [common_defaults : Check if the X server is installed] ********************
    my-centos-7-x86_64: ok: [default]
    my-centos-7-x86_64:
    my-centos-7-x86_64: TASK [common_defaults : Install spice / qxl packages (needed for desktop)] *****
    my-centos-7-x86_64: skipping: [default] => (item=spice-vdagent)
    my-centos-7-x86_64: skipping: [default] => (item=xorg-x11-drv-qxl)
    my-centos-7-x86_64:
    my-centos-7-x86_64: TASK [common_defaults : include_tasks] *****************************************
    my-centos-7-x86_64: included: /home/pruzicka/data/github/packer-templates/ansible/roles/common_defaults/tasks/RedHat.yml for default
    my-centos-7-x86_64:
    my-centos-7-x86_64: TASK [common_defaults : Upgrade packages] **************************************
    my-centos-7-x86_64: ok: [default]
    my-centos-7-x86_64:
    my-centos-7-x86_64: TASK [common_defaults : Remove useless packages] *******************************
    my-centos-7-x86_64: ok: [default] => (item=aic94xx-firmware)
    my-centos-7-x86_64: ok: [default] => (item=alsa-firmware)
    my-centos-7-x86_64: ok: [default] => (item=alsa-lib)
    my-centos-7-x86_64: ok: [default] => (item=alsa-tools-firmware)
    my-centos-7-x86_64: ok: [default] => (item=biosdevname)
    my-centos-7-x86_64: ok: [default] => (item=iprutils)
    my-centos-7-x86_64: ok: [default] => (item=ivtv-firmware)
    my-centos-7-x86_64: ok: [default] => (item=iwl100-firmware)
    my-centos-7-x86_64: ok: [default] => (item=iwl1000-firmware)
    my-centos-7-x86_64: ok: [default] => (item=iwl105-firmware)
    my-centos-7-x86_64: ok: [default] => (item=iwl135-firmware)
    my-centos-7-x86_64: ok: [default] => (item=iwl2000-firmware)
    my-centos-7-x86_64: ok: [default] => (item=iwl2030-firmware)
    my-centos-7-x86_64: ok: [default] => (item=iwl3160-firmware)
    my-centos-7-x86_64: ok: [default] => (item=iwl3945-firmware)
    my-centos-7-x86_64: ok: [default] => (item=iwl4965-firmware)
    my-centos-7-x86_64: ok: [default] => (item=iwl5000-firmware)
    my-centos-7-x86_64: ok: [default] => (item=iwl5150-firmware)
    my-centos-7-x86_64: ok: [default] => (item=iwl6000-firmware)
    my-centos-7-x86_64: ok: [default] => (item=iwl6000g2a-firmware)
    my-centos-7-x86_64: ok: [default] => (item=iwl6000g2b-firmware)
    my-centos-7-x86_64: ok: [default] => (item=iwl6050-firmware)
    my-centos-7-x86_64: ok: [default] => (item=iwl7260-firmware)
    my-centos-7-x86_64: ok: [default] => (item=libertas-sd8686-firmware)
    my-centos-7-x86_64: ok: [default] => (item=libertas-sd8787-firmware)
    my-centos-7-x86_64: ok: [default] => (item=libertas-usb8388-firmware)
    my-centos-7-x86_64: changed: [default] => (item=linux-firmware)
    my-centos-7-x86_64:
    my-centos-7-x86_64: TASK [common_defaults : Add nice prompt for root user] *************************
    my-centos-7-x86_64: changed: [default]
    my-centos-7-x86_64:
    my-centos-7-x86_64: TASK [common_defaults : Tweak auditlog pre-prepare audit all commands run in the system] ***
    my-centos-7-x86_64: changed: [default]
    my-centos-7-x86_64:
    my-centos-7-x86_64: TASK [common_defaults : Disable selinux] ***************************************
    my-centos-7-x86_64: ok: [default]
    my-centos-7-x86_64:
    my-centos-7-x86_64: TASK [common_defaults : Check the presence of /etc/default/grub] ***************
    my-centos-7-x86_64: ok: [default]
    my-centos-7-x86_64:
    my-centos-7-x86_64: TASK [common_defaults : Backup grub settings] **********************************
    my-centos-7-x86_64: changed: [default]
    my-centos-7-x86_64:
    my-centos-7-x86_64: TASK [common_defaults : Modify grub settings] **********************************
    my-centos-7-x86_64: changed: [default] => (item={u'regexp': u'^GRUB_TIMEOUT=.*', u'replace': u'GRUB_TIMEOUT=1'})
    my-centos-7-x86_64: ok: [default] => (item={u'regexp': u'nofb quiet splash=quiet', u'replace': u'nofb quiet rootflags=usrquota,grpquota vmwgfx.enable_fbdev=0 verbose consoleblank=0 no_timer_check splash=quiet'})
    my-centos-7-x86_64:
    my-centos-7-x86_64: TASK [common_defaults : Change HW Clock configuration] *************************
    my-centos-7-x86_64: changed: [default]
    my-centos-7-x86_64:
    my-centos-7-x86_64: TASK [common_defaults : Set NTP step stickers] *********************************
    my-centos-7-x86_64: changed: [default]
    my-centos-7-x86_64:
    my-centos-7-x86_64: TASK [common_defaults : Backup original /etc/yum/yum-cron.conf and /etc/yum/yum-cron-hourly.conf if exists] ***
    my-centos-7-x86_64:
    my-centos-7-x86_64: TASK [common_defaults : Configure yum-cron] ************************************
    my-centos-7-x86_64: skipping: [default] => (item={u'regexp': u'^apply_updates.*', u'replace': u'apply_updates = yes'})
    my-centos-7-x86_64:
    my-centos-7-x86_64: TASK [common_defaults : Configure yum-cron] ************************************
    my-centos-7-x86_64: skipping: [default] => (item={u'regexp': u'^update_cmd.*', u'replace': u'update_cmd = security-severity:Critical'})
    my-centos-7-x86_64: skipping: [default] => (item={u'regexp': u'^apply_updates.*', u'replace': u'apply_updates = yes'})
    my-centos-7-x86_64: skipping: [default] => (item={u'regexp': u'^update_messages.*', u'replace': u'update_messages = yes'})
    my-centos-7-x86_64: skipping: [default] => (item={u'regexp': u'^download_updates.*', u'replace': u'download_updates = yes'})
    my-centos-7-x86_64:
    my-centos-7-x86_64: TASK [common_defaults : Add /usr/local/bin/etc_issue.sh script] ****************
    my-centos-7-x86_64: changed: [default]
    my-centos-7-x86_64:
    my-centos-7-x86_64: TASK [common_defaults : Create link /usr/local/bin/etc_issue.sh /etc/profile.d/etc_issue.sh] ***
    my-centos-7-x86_64: changed: [default]
    my-centos-7-x86_64:
    my-centos-7-x86_64: TASK [common_defaults : Prevent systemd to log too many messages like "Starting Session 1398 of user root."] ***
    my-centos-7-x86_64: changed: [default]
    my-centos-7-x86_64:
    my-centos-7-x86_64: TASK [common_defaults : Disable and stop services during boot] *****************
    my-centos-7-x86_64: ok: [default] => (item=abrt-ccpp)
    my-centos-7-x86_64: ok: [default] => (item=abrtd)
    my-centos-7-x86_64: changed: [default] => (item=abrt-oops)
    my-centos-7-x86_64: changed: [default] => (item=abrt-vmcore)
    my-centos-7-x86_64: changed: [default] => (item=abrt-xorg)
    my-centos-7-x86_64: changed: [default] => (item=chronyd)
    my-centos-7-x86_64: changed: [default] => (item=dmraid-activation)
    my-centos-7-x86_64: changed: [default] => (item=kdump)
    my-centos-7-x86_64: ok: [default] => (item=mdmonitor)
    my-centos-7-x86_64: changed: [default] => (item=smartd)
    my-centos-7-x86_64:
    my-centos-7-x86_64: TASK [common_defaults : Enable services during boot] ***************************
    my-centos-7-x86_64: changed: [default] => (item=ntpd)
    my-centos-7-x86_64: changed: [default] => (item=ntpdate)
    my-centos-7-x86_64: changed: [default] => (item=snmpd)
    my-centos-7-x86_64: ok: [default] => (item=yum-cron)
    my-centos-7-x86_64:
    my-centos-7-x86_64: RUNNING HANDLER [common_defaults : restart sshd] *******************************
    my-centos-7-x86_64: changed: [default]
    my-centos-7-x86_64:
    my-centos-7-x86_64: RUNNING HANDLER [common_defaults : reload snmpd] *******************************
    my-centos-7-x86_64: changed: [default]
    my-centos-7-x86_64:
    my-centos-7-x86_64: RUNNING HANDLER [common_defaults : generate grub configuration] ****************
    my-centos-7-x86_64: changed: [default]
    my-centos-7-x86_64:
    my-centos-7-x86_64: PLAY RECAP *********************************************************************
    my-centos-7-x86_64: default                    : ok=48   changed=37   unreachable=0    failed=0
    my-centos-7-x86_64:
==> my-centos-7-x86_64: Provisioning with shell script: scripts/linux-common/cleanup.sh
    my-centos-7-x86_64: + SSH_USER=vagrant
    my-centos-7-x86_64: ==> Cleaning up udev rules
    my-centos-7-x86_64: + echo '==> Cleaning up udev rules'
    my-centos-7-x86_64: + rm -rf /dev/.udev/ /lib/udev/rules.d/75-persistent-net-generator.rules
    my-centos-7-x86_64: + service rsyslog stop
    my-centos-7-x86_64: Redirecting to /bin/systemctl stop rsyslog.service
    my-centos-7-x86_64: + '[' -f /etc/os-release ']'
    my-centos-7-x86_64: + grep -iq debian /etc/os-release
    my-centos-7-x86_64: + service auditd stop
    my-centos-7-x86_64: Stopping logging: [  OK  ]
    my-centos-7-x86_64: + sed -i '/^(HWADDR|UUID)=/d' /etc/sysconfig/network-scripts/ifcfg-eth0
    my-centos-7-x86_64: + yum clean all
    my-centos-7-x86_64: Loaded plugins: fastestmirror, langpacks
    my-centos-7-x86_64: Cleaning repos: base epel extras updates
    my-centos-7-x86_64: Cleaning up everything
    my-centos-7-x86_64: Maybe you want: rm -rf /var/cache/yum, to also free up space taken by orphaned data from disabled or removed repos
    my-centos-7-x86_64: Cleaning up list of fastest mirrors
    my-centos-7-x86_64: ==> Cleaning up tmp
    my-centos-7-x86_64: + echo '==> Cleaning up tmp'
    my-centos-7-x86_64: + rm -rf /tmp/ks-script-1Rkq3x /tmp/ks-script-CMPsOV /tmp/script_3619.sh /tmp/ssh-naGKjd2dOC /tmp/yum.log
    my-centos-7-x86_64: + unset HISTFILE
    my-centos-7-x86_64: + rm -f /root/.bash_history
    my-centos-7-x86_64: + rm -f /home/vagrant/.bash_history
    my-centos-7-x86_64: + find /var/log -type f
    my-centos-7-x86_64: + read f
    my-centos-7-x86_64: + echo -ne ''
    my-centos-7-x86_64: + read f
    my-centos-7-x86_64: + echo -ne ''
    my-centos-7-x86_64: + read f
    my-centos-7-x86_64: + echo -ne ''
    my-centos-7-x86_64: + read f
    my-centos-7-x86_64: + echo -ne ''
    my-centos-7-x86_64: + read f
    my-centos-7-x86_64: + echo -ne ''
    my-centos-7-x86_64: + read f
    my-centos-7-x86_64: + echo -ne ''
    my-centos-7-x86_64: + read f
    my-centos-7-x86_64: + echo -ne ''
    my-centos-7-x86_64: + read f
    my-centos-7-x86_64: ==> Clearing last login information
    my-centos-7-x86_64: + echo -ne ''
    my-centos-7-x86_64: + read f
    my-centos-7-x86_64: + echo -ne ''
    my-centos-7-x86_64: + read f
    my-centos-7-x86_64: + echo -ne ''
    my-centos-7-x86_64: + read f
    my-centos-7-x86_64: + echo -ne ''
    my-centos-7-x86_64: + read f
    my-centos-7-x86_64: + echo -ne ''
    my-centos-7-x86_64: + read f
    my-centos-7-x86_64: + echo -ne ''
    my-centos-7-x86_64: + read f
    my-centos-7-x86_64: + echo -ne ''
    my-centos-7-x86_64: + read f
    my-centos-7-x86_64: + echo -ne ''
    my-centos-7-x86_64: + read f
    my-centos-7-x86_64: + echo -ne ''
    my-centos-7-x86_64: + read f
    my-centos-7-x86_64: + echo -ne ''
    my-centos-7-x86_64: + read f
    my-centos-7-x86_64: + echo -ne ''
    my-centos-7-x86_64: + read f
    my-centos-7-x86_64: + echo -ne ''
    my-centos-7-x86_64: + read f
    my-centos-7-x86_64: + echo -ne ''
    my-centos-7-x86_64: + read f
    my-centos-7-x86_64: + echo -ne ''
    my-centos-7-x86_64: + read f
    my-centos-7-x86_64: + echo -ne ''
    my-centos-7-x86_64: + read f
    my-centos-7-x86_64: + echo -ne ''
    my-centos-7-x86_64: + read f
    my-centos-7-x86_64: + echo -ne ''
    my-centos-7-x86_64: + read f
    my-centos-7-x86_64: + echo -ne ''
    my-centos-7-x86_64: + read f
    my-centos-7-x86_64: + echo -ne ''
    my-centos-7-x86_64: + read f
    my-centos-7-x86_64: + echo '==> Clearing last login information'
    my-centos-7-x86_64: + dd if=/dev/zero of=/EMPTY_FILE bs=1M
    my-centos-7-x86_64: dd exit code 1 is suppressed
    my-centos-7-x86_64: + echo 'dd exit code 1 is suppressed'
    my-centos-7-x86_64: + rm -f /EMPTY_FILE
    my-centos-7-x86_64: + sync
==> my-centos-7-x86_64: Gracefully halting virtual machine...
==> my-centos-7-x86_64: Converting hard drive...
==> my-centos-7-x86_64: Running post-processor: vagrant
==> my-centos-7-x86_64 (vagrant): Creating Vagrant box for 'libvirt' provider
    my-centos-7-x86_64 (vagrant): Copying from artifact: output-my-centos-7-x86_64/packer-my-centos-7-x86_64
    my-centos-7-x86_64 (vagrant): Using custom Vagrantfile: Vagrantfile-linux.template
    my-centos-7-x86_64 (vagrant): Compressing: Vagrantfile
    my-centos-7-x86_64 (vagrant): Compressing: box.img
    my-centos-7-x86_64 (vagrant): Compressing: metadata.json
Build 'my-centos-7-x86_64' finished.

==> Builds finished. The artifacts of successful builds are:
--> my-centos-7-x86_64: 'libvirt' provider box: my-centos-7-x86_64-libvirt.box
