my-ubuntu-16.04-server-amd64 output will be in this color.

==> my-ubuntu-16.04-server-amd64: Downloading or copying ISO
    my-ubuntu-16.04-server-amd64: Downloading or copying: http://releases.ubuntu.com/16.04.1/ubuntu-16.04.1-server-amd64.iso
==> my-ubuntu-16.04-server-amd64: Creating hard drive...
==> my-ubuntu-16.04-server-amd64: Starting HTTP server on port 8678
==> my-ubuntu-16.04-server-amd64: Found port for communicator (SSH, WinRM, etc): 2430.
==> my-ubuntu-16.04-server-amd64: Looking for available port between 5900 and 6000
==> my-ubuntu-16.04-server-amd64: Found available VNC port: 5931
==> my-ubuntu-16.04-server-amd64: Starting VM, booting from CD-ROM
==> my-ubuntu-16.04-server-amd64: Overriding defaults Qemu arguments with QemuArgs...
==> my-ubuntu-16.04-server-amd64: Waiting 2s for boot...
==> my-ubuntu-16.04-server-amd64: Connecting to VM via VNC
==> my-ubuntu-16.04-server-amd64: Typing the boot command over VNC...
==> my-ubuntu-16.04-server-amd64: Waiting for SSH to become available...
==> my-ubuntu-16.04-server-amd64: Connected to SSH!
==> my-ubuntu-16.04-server-amd64: Provisioning with shell script: scripts/ubuntu/update.sh
    my-ubuntu-16.04-server-amd64: [sudo] password for vagrant: + export DEBIAN_FRONTEND=noninteractive
    my-ubuntu-16.04-server-amd64: + DEBIAN_FRONTEND=noninteractive
    my-ubuntu-16.04-server-amd64: + apt-get update
    my-ubuntu-16.04-server-amd64: Hit:1 http://archive.ubuntu.com/ubuntu xenial InRelease
    my-ubuntu-16.04-server-amd64: Hit:2 http://archive.ubuntu.com/ubuntu xenial-updates InRelease
    my-ubuntu-16.04-server-amd64: Hit:3 http://archive.ubuntu.com/ubuntu xenial-backports InRelease
    my-ubuntu-16.04-server-amd64: Hit:4 http://security.ubuntu.com/ubuntu xenial-security InRelease
    my-ubuntu-16.04-server-amd64: Reading package lists...
    my-ubuntu-16.04-server-amd64: + apt-get -y upgrade
    my-ubuntu-16.04-server-amd64: Reading package lists...
    my-ubuntu-16.04-server-amd64: Building dependency tree...
    my-ubuntu-16.04-server-amd64: Reading state information...
    my-ubuntu-16.04-server-amd64: Calculating upgrade...
    my-ubuntu-16.04-server-amd64: The following packages have been kept back:
    my-ubuntu-16.04-server-amd64: linux-headers-generic linux-headers-virtual linux-image-virtual
    my-ubuntu-16.04-server-amd64: linux-virtual
    my-ubuntu-16.04-server-amd64: The following packages will be upgraded:
    my-ubuntu-16.04-server-amd64: accountsservice apt apt-utils base-files dbus distro-info-data gcc-5-base
    my-ubuntu-16.04-server-amd64: gnupg gpgv ifupdown init init-system-helpers initramfs-tools
    my-ubuntu-16.04-server-amd64: initramfs-tools-bin initramfs-tools-core isc-dhcp-client isc-dhcp-common kbd
    my-ubuntu-16.04-server-amd64: klibc-utils language-selector-common less libaccountsservice0 libapparmor1
    my-ubuntu-16.04-server-amd64: libapt-inst2.0 libapt-pkg5.0 libc-bin libc6 libdbus-1-3 libdns-export162
    my-ubuntu-16.04-server-amd64: libgcrypt20 libidn11 libisc-export160 libklibc libp11-kit0
    my-ubuntu-16.04-server-amd64: libpython3.5-minimal libpython3.5-stdlib libssl1.0.0 libstdc++6 libsystemd0
    my-ubuntu-16.04-server-amd64: libudev1 locales multiarch-support python3.5 python3.5-minimal sudo systemd
    my-ubuntu-16.04-server-amd64: systemd-sysv tzdata udev unattended-upgrades
    my-ubuntu-16.04-server-amd64: 50 upgraded, 0 newly installed, 0 to remove and 4 not upgraded.
    my-ubuntu-16.04-server-amd64: Need to get 23.7 MB of archives.
    my-ubuntu-16.04-server-amd64: After this operation, 74.8 kB of additional disk space will be used.
    my-ubuntu-16.04-server-amd64: Get:1 http://archive.ubuntu.com/ubuntu xenial-updates/main amd64 base-files amd64 9.4ubuntu4.3 [67.7 kB]
    my-ubuntu-16.04-server-amd64: Get:2 http://archive.ubuntu.com/ubuntu xenial-updates/main amd64 init-system-helpers all 1.29ubuntu3 [32.4 kB]
    my-ubuntu-16.04-server-amd64: Get:3 http://archive.ubuntu.com/ubuntu xenial-updates/main amd64 init amd64 1.29ubuntu3 [4,716 B]
    my-ubuntu-16.04-server-amd64: Get:4 http://archive.ubuntu.com/ubuntu xenial-updates/main amd64 libc6 amd64 2.23-0ubuntu4 [2,586 kB]
    my-ubuntu-16.04-server-amd64: Get:5 http://archive.ubuntu.com/ubuntu xenial-updates/main amd64 locales all 2.23-0ubuntu4 [3,214 kB]
    my-ubuntu-16.04-server-amd64: Get:6 http://archive.ubuntu.com/ubuntu xenial-updates/main amd64 libc-bin amd64 2.23-0ubuntu4 [623 kB]
    my-ubuntu-16.04-server-amd64: Get:7 http://archive.ubuntu.com/ubuntu xenial-updates/main amd64 gcc-5-base amd64 5.4.0-6ubuntu1~16.04.4 [16.8 kB]
    my-ubuntu-16.04-server-amd64: Get:8 http://archive.ubuntu.com/ubuntu xenial-updates/main amd64 libstdc++6 amd64 5.4.0-6ubuntu1~16.04.4 [393 kB]
    my-ubuntu-16.04-server-amd64: Get:9 http://archive.ubuntu.com/ubuntu xenial-updates/main amd64 libapt-pkg5.0 amd64 1.2.15 [702 kB]
    my-ubuntu-16.04-server-amd64: Get:10 http://archive.ubuntu.com/ubuntu xenial-updates/main amd64 libapt-inst2.0 amd64 1.2.15 [55.5 kB]
    my-ubuntu-16.04-server-amd64: Get:11 http://archive.ubuntu.com/ubuntu xenial-updates/main amd64 apt amd64 1.2.15 [1,041 kB]
    my-ubuntu-16.04-server-amd64: Get:12 http://archive.ubuntu.com/ubuntu xenial-updates/main amd64 apt-utils amd64 1.2.15 [196 kB]
    my-ubuntu-16.04-server-amd64: Get:13 http://archive.ubuntu.com/ubuntu xenial-updates/main amd64 gpgv amd64 1.4.20-1ubuntu3.1 [165 kB]
    my-ubuntu-16.04-server-amd64: Get:14 http://archive.ubuntu.com/ubuntu xenial-updates/main amd64 gnupg amd64 1.4.20-1ubuntu3.1 [626 kB]
    my-ubuntu-16.04-server-amd64: Get:15 http://archive.ubuntu.com/ubuntu xenial-updates/main amd64 libsystemd0 amd64 229-4ubuntu12 [205 kB]
    my-ubuntu-16.04-server-amd64: Get:16 http://archive.ubuntu.com/ubuntu xenial-updates/main amd64 ifupdown amd64 0.8.10ubuntu1.1 [54.9 kB]
    my-ubuntu-16.04-server-amd64: Get:17 http://archive.ubuntu.com/ubuntu xenial-updates/main amd64 systemd amd64 229-4ubuntu12 [3,783 kB]
    my-ubuntu-16.04-server-amd64: Get:18 http://archive.ubuntu.com/ubuntu xenial-updates/main amd64 udev amd64 229-4ubuntu12 [993 kB]
    my-ubuntu-16.04-server-amd64: Get:19 http://archive.ubuntu.com/ubuntu xenial-updates/main amd64 libudev1 amd64 229-4ubuntu12 [55.2 kB]
    my-ubuntu-16.04-server-amd64: Get:20 http://archive.ubuntu.com/ubuntu xenial-updates/main amd64 libapparmor1 amd64 2.10.95-0ubuntu2.5 [31.6 kB]
    my-ubuntu-16.04-server-amd64: Get:21 http://archive.ubuntu.com/ubuntu xenial-updates/main amd64 klibc-utils amd64 2.0.4-8ubuntu1.16.04.2 [107 kB]
    my-ubuntu-16.04-server-amd64: Get:22 http://archive.ubuntu.com/ubuntu xenial-updates/main amd64 initramfs-tools all 0.122ubuntu8.5 [8,618 B]
    my-ubuntu-16.04-server-amd64: Get:23 http://archive.ubuntu.com/ubuntu xenial-updates/main amd64 initramfs-tools-core all 0.122ubuntu8.5 [42.2 kB]
    my-ubuntu-16.04-server-amd64: Get:24 http://archive.ubuntu.com/ubuntu xenial-updates/main amd64 initramfs-tools-bin amd64 0.122ubuntu8.5 [9,334 B]
    my-ubuntu-16.04-server-amd64: Get:25 http://archive.ubuntu.com/ubuntu xenial-updates/main amd64 libklibc amd64 2.0.4-8ubuntu1.16.04.2 [41.3 kB]
    my-ubuntu-16.04-server-amd64: Get:26 http://archive.ubuntu.com/ubuntu xenial-updates/main amd64 systemd-sysv amd64 229-4ubuntu12 [12.7 kB]
    my-ubuntu-16.04-server-amd64: Get:27 http://archive.ubuntu.com/ubuntu xenial-updates/main amd64 libssl1.0.0 amd64 1.0.2g-1ubuntu4.5 [1,082 kB]
    my-ubuntu-16.04-server-amd64: Get:28 http://archive.ubuntu.com/ubuntu xenial-updates/main amd64 python3.5 amd64 3.5.2-2~16.04 [165 kB]
    my-ubuntu-16.04-server-amd64: Get:29 http://archive.ubuntu.com/ubuntu xenial-updates/main amd64 libpython3.5-stdlib amd64 3.5.2-2~16.04 [2,131 kB]
    my-ubuntu-16.04-server-amd64: Get:30 http://archive.ubuntu.com/ubuntu xenial-updates/main amd64 python3.5-minimal amd64 3.5.2-2~16.04 [1,599 kB]
    my-ubuntu-16.04-server-amd64: Get:31 http://archive.ubuntu.com/ubuntu xenial-updates/main amd64 libpython3.5-minimal amd64 3.5.2-2~16.04 [527 kB]
    my-ubuntu-16.04-server-amd64: Get:32 http://archive.ubuntu.com/ubuntu xenial-updates/main amd64 dbus amd64 1.10.6-1ubuntu3.1 [141 kB]
    my-ubuntu-16.04-server-amd64: Get:33 http://archive.ubuntu.com/ubuntu xenial-updates/main amd64 libdbus-1-3 amd64 1.10.6-1ubuntu3.1 [161 kB]
    my-ubuntu-16.04-server-amd64: Get:34 http://archive.ubuntu.com/ubuntu xenial-updates/main amd64 accountsservice amd64 0.6.40-2ubuntu11.3 [56.1 kB]
    my-ubuntu-16.04-server-amd64: Get:35 http://archive.ubuntu.com/ubuntu xenial-updates/main amd64 libaccountsservice0 amd64 0.6.40-2ubuntu11.3 [68.7 kB]
    my-ubuntu-16.04-server-amd64: Get:36 http://archive.ubuntu.com/ubuntu xenial-updates/main amd64 language-selector-common all 0.165.4 [214 kB]
    my-ubuntu-16.04-server-amd64: Get:37 http://archive.ubuntu.com/ubuntu xenial-updates/main amd64 libgcrypt20 amd64 1.6.5-2ubuntu0.2 [336 kB]
    my-ubuntu-16.04-server-amd64: Get:38 http://archive.ubuntu.com/ubuntu xenial-updates/main amd64 multiarch-support amd64 2.23-0ubuntu4 [6,828 B]
    my-ubuntu-16.04-server-amd64: Get:39 http://archive.ubuntu.com/ubuntu xenial-updates/main amd64 tzdata all 2016h-0ubuntu0.16.04 [168 kB]
    my-ubuntu-16.04-server-amd64: Get:40 http://archive.ubuntu.com/ubuntu xenial-updates/main amd64 distro-info-data all 0.28ubuntu0.2 [4,006 B]
    my-ubuntu-16.04-server-amd64: Get:41 http://archive.ubuntu.com/ubuntu xenial-updates/main amd64 libisc-export160 amd64 1:9.10.3.dfsg.P4-8ubuntu1.2 [152 kB]
    my-ubuntu-16.04-server-amd64: Get:42 http://archive.ubuntu.com/ubuntu xenial-updates/main amd64 libdns-export162 amd64 1:9.10.3.dfsg.P4-8ubuntu1.2 [665 kB]
    my-ubuntu-16.04-server-amd64: Get:43 http://archive.ubuntu.com/ubuntu xenial-updates/main amd64 isc-dhcp-client amd64 4.3.3-5ubuntu12.4 [223 kB]
    my-ubuntu-16.04-server-amd64: Get:44 http://archive.ubuntu.com/ubuntu xenial-updates/main amd64 isc-dhcp-common amd64 4.3.3-5ubuntu12.4 [104 kB]
    my-ubuntu-16.04-server-amd64: Get:45 http://archive.ubuntu.com/ubuntu xenial-updates/main amd64 kbd amd64 1.15.5-1ubuntu5 [183 kB]
    my-ubuntu-16.04-server-amd64: Get:46 http://archive.ubuntu.com/ubuntu xenial-updates/main amd64 less amd64 481-2.1ubuntu0.1 [110 kB]
    my-ubuntu-16.04-server-amd64: Get:47 http://archive.ubuntu.com/ubuntu xenial-updates/main amd64 libidn11 amd64 1.32-3ubuntu1.1 [45.6 kB]
    my-ubuntu-16.04-server-amd64: Get:48 http://archive.ubuntu.com/ubuntu xenial-updates/main amd64 libp11-kit0 amd64 0.23.2-5~ubuntu16.04.1 [105 kB]
    my-ubuntu-16.04-server-amd64: Get:49 http://archive.ubuntu.com/ubuntu xenial-updates/main amd64 sudo amd64 1.8.16-0ubuntu1.2 [389 kB]
    my-ubuntu-16.04-server-amd64: Get:50 http://archive.ubuntu.com/ubuntu xenial-updates/main amd64 unattended-upgrades all 0.90ubuntu0.2 [31.7 kB]
    my-ubuntu-16.04-server-amd64: Extracting templates from packages: 100%
    my-ubuntu-16.04-server-amd64: Preconfiguring packages ...
    my-ubuntu-16.04-server-amd64: Fetched 23.7 MB in 5s (4,081 kB/s)
    my-ubuntu-16.04-server-amd64: (Reading database ... 43625 files and directories currently installed.)
    my-ubuntu-16.04-server-amd64: Preparing to unpack .../base-files_9.4ubuntu4.3_amd64.deb ...
    my-ubuntu-16.04-server-amd64: Unpacking base-files (9.4ubuntu4.3) over (9.4ubuntu4.2) ...
    my-ubuntu-16.04-server-amd64: Setting up base-files (9.4ubuntu4.3) ...
    my-ubuntu-16.04-server-amd64: (Reading database ... 43625 files and directories currently installed.)
    my-ubuntu-16.04-server-amd64: Preparing to unpack .../init-system-helpers_1.29ubuntu3_all.deb ...
    my-ubuntu-16.04-server-amd64: Unpacking init-system-helpers (1.29ubuntu3) over (1.29ubuntu2) ...
    my-ubuntu-16.04-server-amd64: Setting up init-system-helpers (1.29ubuntu3) ...
    my-ubuntu-16.04-server-amd64: (Reading database ... 43625 files and directories currently installed.)
    my-ubuntu-16.04-server-amd64: Preparing to unpack .../init_1.29ubuntu3_amd64.deb ...
    my-ubuntu-16.04-server-amd64: Unpacking init (1.29ubuntu3) over (1.29ubuntu2) ...
    my-ubuntu-16.04-server-amd64: Setting up init (1.29ubuntu3) ...
    my-ubuntu-16.04-server-amd64: (Reading database ... 43625 files and directories currently installed.)
    my-ubuntu-16.04-server-amd64: Preparing to unpack .../libc6_2.23-0ubuntu4_amd64.deb ...
    my-ubuntu-16.04-server-amd64: Unpacking libc6:amd64 (2.23-0ubuntu4) over (2.23-0ubuntu3) ...
    my-ubuntu-16.04-server-amd64: Setting up libc6:amd64 (2.23-0ubuntu4) ...
    my-ubuntu-16.04-server-amd64: Processing triggers for libc-bin (2.23-0ubuntu3) ...
    my-ubuntu-16.04-server-amd64: (Reading database ... 43625 files and directories currently installed.)
    my-ubuntu-16.04-server-amd64: Preparing to unpack .../locales_2.23-0ubuntu4_all.deb ...
    my-ubuntu-16.04-server-amd64: Unpacking locales (2.23-0ubuntu4) over (2.23-0ubuntu3) ...
    my-ubuntu-16.04-server-amd64: Preparing to unpack .../libc-bin_2.23-0ubuntu4_amd64.deb ...
    my-ubuntu-16.04-server-amd64: Unpacking libc-bin (2.23-0ubuntu4) over (2.23-0ubuntu3) ...
    my-ubuntu-16.04-server-amd64: Setting up libc-bin (2.23-0ubuntu4) ...
    my-ubuntu-16.04-server-amd64: (Reading database ... 43625 files and directories currently installed.)
    my-ubuntu-16.04-server-amd64: Preparing to unpack .../gcc-5-base_5.4.0-6ubuntu1~16.04.4_amd64.deb ...
    my-ubuntu-16.04-server-amd64: Unpacking gcc-5-base:amd64 (5.4.0-6ubuntu1~16.04.4) over (5.4.0-6ubuntu1~16.04.1) ...
    my-ubuntu-16.04-server-amd64: Setting up gcc-5-base:amd64 (5.4.0-6ubuntu1~16.04.4) ...
    my-ubuntu-16.04-server-amd64: (Reading database ... 43625 files and directories currently installed.)
    my-ubuntu-16.04-server-amd64: Preparing to unpack .../libstdc++6_5.4.0-6ubuntu1~16.04.4_amd64.deb ...
    my-ubuntu-16.04-server-amd64: Unpacking libstdc++6:amd64 (5.4.0-6ubuntu1~16.04.4) over (5.4.0-6ubuntu1~16.04.1) ...
    my-ubuntu-16.04-server-amd64: Processing triggers for libc-bin (2.23-0ubuntu4) ...
    my-ubuntu-16.04-server-amd64: Setting up libstdc++6:amd64 (5.4.0-6ubuntu1~16.04.4) ...
    my-ubuntu-16.04-server-amd64: Processing triggers for libc-bin (2.23-0ubuntu4) ...
    my-ubuntu-16.04-server-amd64: (Reading database ... 43625 files and directories currently installed.)
    my-ubuntu-16.04-server-amd64: Preparing to unpack .../libapt-pkg5.0_1.2.15_amd64.deb ...
    my-ubuntu-16.04-server-amd64: Unpacking libapt-pkg5.0:amd64 (1.2.15) over (1.2.12~ubuntu16.04.1) ...
    my-ubuntu-16.04-server-amd64: Processing triggers for libc-bin (2.23-0ubuntu4) ...
    my-ubuntu-16.04-server-amd64: Setting up libapt-pkg5.0:amd64 (1.2.15) ...
    my-ubuntu-16.04-server-amd64: Processing triggers for libc-bin (2.23-0ubuntu4) ...
    my-ubuntu-16.04-server-amd64: (Reading database ... 43625 files and directories currently installed.)
    my-ubuntu-16.04-server-amd64: Preparing to unpack .../libapt-inst2.0_1.2.15_amd64.deb ...
    my-ubuntu-16.04-server-amd64: Unpacking libapt-inst2.0:amd64 (1.2.15) over (1.2.12~ubuntu16.04.1) ...
    my-ubuntu-16.04-server-amd64: Preparing to unpack .../archives/apt_1.2.15_amd64.deb ...
    my-ubuntu-16.04-server-amd64: Unpacking apt (1.2.15) over (1.2.12~ubuntu16.04.1) ...
    my-ubuntu-16.04-server-amd64: Processing triggers for libc-bin (2.23-0ubuntu4) ...
    my-ubuntu-16.04-server-amd64: Setting up apt (1.2.15) ...
    my-ubuntu-16.04-server-amd64: Installing new version of config file /etc/cron.daily/apt-compat ...
    my-ubuntu-16.04-server-amd64: Installing new version of config file /etc/kernel/postinst.d/apt-auto-removal ...
    my-ubuntu-16.04-server-amd64: Processing triggers for libc-bin (2.23-0ubuntu4) ...
    my-ubuntu-16.04-server-amd64: (Reading database ... 43625 files and directories currently installed.)
    my-ubuntu-16.04-server-amd64: Preparing to unpack .../apt-utils_1.2.15_amd64.deb ...
    my-ubuntu-16.04-server-amd64: Unpacking apt-utils (1.2.15) over (1.2.12~ubuntu16.04.1) ...
    my-ubuntu-16.04-server-amd64: Preparing to unpack .../gpgv_1.4.20-1ubuntu3.1_amd64.deb ...
    my-ubuntu-16.04-server-amd64: Unpacking gpgv (1.4.20-1ubuntu3.1) over (1.4.20-1ubuntu3) ...
    my-ubuntu-16.04-server-amd64: Setting up gpgv (1.4.20-1ubuntu3.1) ...
    my-ubuntu-16.04-server-amd64: (Reading database ... 43625 files and directories currently installed.)
    my-ubuntu-16.04-server-amd64: Preparing to unpack .../gnupg_1.4.20-1ubuntu3.1_amd64.deb ...
    my-ubuntu-16.04-server-amd64: Unpacking gnupg (1.4.20-1ubuntu3.1) over (1.4.20-1ubuntu3) ...
    my-ubuntu-16.04-server-amd64: Setting up gnupg (1.4.20-1ubuntu3.1) ...
    my-ubuntu-16.04-server-amd64: (Reading database ... 43625 files and directories currently installed.)
    my-ubuntu-16.04-server-amd64: Preparing to unpack .../libsystemd0_229-4ubuntu12_amd64.deb ...
    my-ubuntu-16.04-server-amd64: Unpacking libsystemd0:amd64 (229-4ubuntu12) over (229-4ubuntu7) ...
    my-ubuntu-16.04-server-amd64: Processing triggers for libc-bin (2.23-0ubuntu4) ...
    my-ubuntu-16.04-server-amd64: Setting up libsystemd0:amd64 (229-4ubuntu12) ...
    my-ubuntu-16.04-server-amd64: Processing triggers for libc-bin (2.23-0ubuntu4) ...
    my-ubuntu-16.04-server-amd64: (Reading database ... 43625 files and directories currently installed.)
    my-ubuntu-16.04-server-amd64: Preparing to unpack .../ifupdown_0.8.10ubuntu1.1_amd64.deb ...
    my-ubuntu-16.04-server-amd64: Unpacking ifupdown (0.8.10ubuntu1.1) over (0.8.10ubuntu1) ...
    my-ubuntu-16.04-server-amd64: Preparing to unpack .../systemd_229-4ubuntu12_amd64.deb ...
    my-ubuntu-16.04-server-amd64: Unpacking systemd (229-4ubuntu12) over (229-4ubuntu7) ...
    my-ubuntu-16.04-server-amd64: Processing triggers for ureadahead (0.100.0-19) ...
    my-ubuntu-16.04-server-amd64: Processing triggers for dbus (1.10.6-1ubuntu3) ...
    my-ubuntu-16.04-server-amd64: Setting up systemd (229-4ubuntu12) ...
    my-ubuntu-16.04-server-amd64: addgroup: The group `systemd-journal' already exists as a system group. Exiting.
    my-ubuntu-16.04-server-amd64: (Reading database ... 43625 files and directories currently installed.)
    my-ubuntu-16.04-server-amd64: Preparing to unpack .../udev_229-4ubuntu12_amd64.deb ...
    my-ubuntu-16.04-server-amd64: Unpacking udev (229-4ubuntu12) over (229-4ubuntu7) ...
    my-ubuntu-16.04-server-amd64: Preparing to unpack .../libudev1_229-4ubuntu12_amd64.deb ...
    my-ubuntu-16.04-server-amd64: Unpacking libudev1:amd64 (229-4ubuntu12) over (229-4ubuntu7) ...
    my-ubuntu-16.04-server-amd64: Processing triggers for ureadahead (0.100.0-19) ...
    my-ubuntu-16.04-server-amd64: Processing triggers for systemd (229-4ubuntu12) ...
    my-ubuntu-16.04-server-amd64: Processing triggers for libc-bin (2.23-0ubuntu4) ...
    my-ubuntu-16.04-server-amd64: Setting up libudev1:amd64 (229-4ubuntu12) ...
    my-ubuntu-16.04-server-amd64: Processing triggers for libc-bin (2.23-0ubuntu4) ...
    my-ubuntu-16.04-server-amd64: (Reading database ... 43625 files and directories currently installed.)
    my-ubuntu-16.04-server-amd64: Preparing to unpack .../libapparmor1_2.10.95-0ubuntu2.5_amd64.deb ...
    my-ubuntu-16.04-server-amd64: Unpacking libapparmor1:amd64 (2.10.95-0ubuntu2.5) over (2.10.95-0ubuntu2) ...
    my-ubuntu-16.04-server-amd64: Processing triggers for libc-bin (2.23-0ubuntu4) ...
    my-ubuntu-16.04-server-amd64: Setting up libapparmor1:amd64 (2.10.95-0ubuntu2.5) ...
    my-ubuntu-16.04-server-amd64: Processing triggers for libc-bin (2.23-0ubuntu4) ...
    my-ubuntu-16.04-server-amd64: (Reading database ... 43625 files and directories currently installed.)
    my-ubuntu-16.04-server-amd64: Preparing to unpack .../klibc-utils_2.0.4-8ubuntu1.16.04.2_amd64.deb ...
    my-ubuntu-16.04-server-amd64: Unpacking klibc-utils (2.0.4-8ubuntu1.16.04.2) over (2.0.4-8ubuntu1.16.04.1) ...
    my-ubuntu-16.04-server-amd64: Preparing to unpack .../initramfs-tools_0.122ubuntu8.5_all.deb ...
    my-ubuntu-16.04-server-amd64: Unpacking initramfs-tools (0.122ubuntu8.5) over (0.122ubuntu8.1) ...
    my-ubuntu-16.04-server-amd64: Preparing to unpack .../initramfs-tools-core_0.122ubuntu8.5_all.deb ...
    my-ubuntu-16.04-server-amd64: Unpacking initramfs-tools-core (0.122ubuntu8.5) over (0.122ubuntu8.1) ...
    my-ubuntu-16.04-server-amd64: Preparing to unpack .../initramfs-tools-bin_0.122ubuntu8.5_amd64.deb ...
    my-ubuntu-16.04-server-amd64: Unpacking initramfs-tools-bin (0.122ubuntu8.5) over (0.122ubuntu8.1) ...
    my-ubuntu-16.04-server-amd64: Preparing to unpack .../libklibc_2.0.4-8ubuntu1.16.04.2_amd64.deb ...
    my-ubuntu-16.04-server-amd64: Unpacking libklibc (2.0.4-8ubuntu1.16.04.2) over (2.0.4-8ubuntu1.16.04.1) ...
    my-ubuntu-16.04-server-amd64: Preparing to unpack .../systemd-sysv_229-4ubuntu12_amd64.deb ...
    my-ubuntu-16.04-server-amd64: Unpacking systemd-sysv (229-4ubuntu12) over (229-4ubuntu7) ...
    my-ubuntu-16.04-server-amd64: Setting up systemd-sysv (229-4ubuntu12) ...
    my-ubuntu-16.04-server-amd64: (Reading database ... 43625 files and directories currently installed.)
    my-ubuntu-16.04-server-amd64: Preparing to unpack .../libssl1.0.0_1.0.2g-1ubuntu4.5_amd64.deb ...
    my-ubuntu-16.04-server-amd64: Unpacking libssl1.0.0:amd64 (1.0.2g-1ubuntu4.5) over (1.0.2g-1ubuntu4.1) ...
    my-ubuntu-16.04-server-amd64: Preparing to unpack .../python3.5_3.5.2-2~16.04_amd64.deb ...
    my-ubuntu-16.04-server-amd64: Unpacking python3.5 (3.5.2-2~16.04) over (3.5.2-2~16.01) ...
    my-ubuntu-16.04-server-amd64: Preparing to unpack .../libpython3.5-stdlib_3.5.2-2~16.04_amd64.deb ...
    my-ubuntu-16.04-server-amd64: Unpacking libpython3.5-stdlib:amd64 (3.5.2-2~16.04) over (3.5.2-2~16.01) ...
    my-ubuntu-16.04-server-amd64: Preparing to unpack .../python3.5-minimal_3.5.2-2~16.04_amd64.deb ...
    my-ubuntu-16.04-server-amd64: Unpacking python3.5-minimal (3.5.2-2~16.04) over (3.5.2-2~16.01) ...
    my-ubuntu-16.04-server-amd64: Preparing to unpack .../libpython3.5-minimal_3.5.2-2~16.04_amd64.deb ...
    my-ubuntu-16.04-server-amd64: Unpacking libpython3.5-minimal:amd64 (3.5.2-2~16.04) over (3.5.2-2~16.01) ...
    my-ubuntu-16.04-server-amd64: Preparing to unpack .../dbus_1.10.6-1ubuntu3.1_amd64.deb ...
    my-ubuntu-16.04-server-amd64: Unpacking dbus (1.10.6-1ubuntu3.1) over (1.10.6-1ubuntu3) ...
    my-ubuntu-16.04-server-amd64: Preparing to unpack .../libdbus-1-3_1.10.6-1ubuntu3.1_amd64.deb ...
    my-ubuntu-16.04-server-amd64: Unpacking libdbus-1-3:amd64 (1.10.6-1ubuntu3.1) over (1.10.6-1ubuntu3) ...
    my-ubuntu-16.04-server-amd64: Preparing to unpack .../accountsservice_0.6.40-2ubuntu11.3_amd64.deb ...
    my-ubuntu-16.04-server-amd64: Unpacking accountsservice (0.6.40-2ubuntu11.3) over (0.6.40-2ubuntu11.1) ...
    my-ubuntu-16.04-server-amd64: Preparing to unpack .../libaccountsservice0_0.6.40-2ubuntu11.3_amd64.deb ...
    my-ubuntu-16.04-server-amd64: Unpacking libaccountsservice0:amd64 (0.6.40-2ubuntu11.3) over (0.6.40-2ubuntu11.1) ...
    my-ubuntu-16.04-server-amd64: Preparing to unpack .../language-selector-common_0.165.4_all.deb ...
    my-ubuntu-16.04-server-amd64: Unpacking language-selector-common (0.165.4) over (0.165.3) ...
    my-ubuntu-16.04-server-amd64: Preparing to unpack .../libgcrypt20_1.6.5-2ubuntu0.2_amd64.deb ...
    my-ubuntu-16.04-server-amd64: Unpacking libgcrypt20:amd64 (1.6.5-2ubuntu0.2) over (1.6.5-2) ...
    my-ubuntu-16.04-server-amd64: Processing triggers for libc-bin (2.23-0ubuntu4) ...
    my-ubuntu-16.04-server-amd64: Processing triggers for mime-support (3.59ubuntu1) ...
    my-ubuntu-16.04-server-amd64: Processing triggers for ureadahead (0.100.0-19) ...
    my-ubuntu-16.04-server-amd64: Setting up libgcrypt20:amd64 (1.6.5-2ubuntu0.2) ...
    my-ubuntu-16.04-server-amd64: Processing triggers for systemd (229-4ubuntu12) ...
    my-ubuntu-16.04-server-amd64: Processing triggers for libc-bin (2.23-0ubuntu4) ...
    my-ubuntu-16.04-server-amd64: (Reading database ... 43625 files and directories currently installed.)
    my-ubuntu-16.04-server-amd64: Preparing to unpack .../multiarch-support_2.23-0ubuntu4_amd64.deb ...
    my-ubuntu-16.04-server-amd64: Unpacking multiarch-support (2.23-0ubuntu4) over (2.23-0ubuntu3) ...
    my-ubuntu-16.04-server-amd64: Setting up multiarch-support (2.23-0ubuntu4) ...
    my-ubuntu-16.04-server-amd64: (Reading database ... 43625 files and directories currently installed.)
    my-ubuntu-16.04-server-amd64: Preparing to unpack .../tzdata_2016h-0ubuntu0.16.04_all.deb ...
    my-ubuntu-16.04-server-amd64: Unpacking tzdata (2016h-0ubuntu0.16.04) over (2016f-0ubuntu0.16.04) ...
    my-ubuntu-16.04-server-amd64: Preparing to unpack .../distro-info-data_0.28ubuntu0.2_all.deb ...
    my-ubuntu-16.04-server-amd64: Unpacking distro-info-data (0.28ubuntu0.2) over (0.28ubuntu0.1) ...
    my-ubuntu-16.04-server-amd64: Preparing to unpack .../libisc-export160_1%3a9.10.3.dfsg.P4-8ubuntu1.2_amd64.deb ...
    my-ubuntu-16.04-server-amd64: Unpacking libisc-export160 (1:9.10.3.dfsg.P4-8ubuntu1.2) over (1:9.10.3.dfsg.P4-8ubuntu1) ...
    my-ubuntu-16.04-server-amd64: Preparing to unpack .../libdns-export162_1%3a9.10.3.dfsg.P4-8ubuntu1.2_amd64.deb ...
    my-ubuntu-16.04-server-amd64: Unpacking libdns-export162 (1:9.10.3.dfsg.P4-8ubuntu1.2) over (1:9.10.3.dfsg.P4-8ubuntu1) ...
    my-ubuntu-16.04-server-amd64: Preparing to unpack .../isc-dhcp-client_4.3.3-5ubuntu12.4_amd64.deb ...
    my-ubuntu-16.04-server-amd64: Unpacking isc-dhcp-client (4.3.3-5ubuntu12.4) over (4.3.3-5ubuntu12.1) ...
    my-ubuntu-16.04-server-amd64: Preparing to unpack .../isc-dhcp-common_4.3.3-5ubuntu12.4_amd64.deb ...
    my-ubuntu-16.04-server-amd64: Unpacking isc-dhcp-common (4.3.3-5ubuntu12.4) over (4.3.3-5ubuntu12.1) ...
    my-ubuntu-16.04-server-amd64: Preparing to unpack .../kbd_1.15.5-1ubuntu5_amd64.deb ...
    my-ubuntu-16.04-server-amd64: Unpacking kbd (1.15.5-1ubuntu5) over (1.15.5-1ubuntu4) ...
    my-ubuntu-16.04-server-amd64: Preparing to unpack .../less_481-2.1ubuntu0.1_amd64.deb ...
    my-ubuntu-16.04-server-amd64: Unpacking less (481-2.1ubuntu0.1) over (481-2.1) ...
    my-ubuntu-16.04-server-amd64: Preparing to unpack .../libidn11_1.32-3ubuntu1.1_amd64.deb ...
    my-ubuntu-16.04-server-amd64: Unpacking libidn11:amd64 (1.32-3ubuntu1.1) over (1.32-3ubuntu1) ...
    my-ubuntu-16.04-server-amd64: Preparing to unpack .../libp11-kit0_0.23.2-5~ubuntu16.04.1_amd64.deb ...
    my-ubuntu-16.04-server-amd64: Unpacking libp11-kit0:amd64 (0.23.2-5~ubuntu16.04.1) over (0.23.2-3) ...
    my-ubuntu-16.04-server-amd64: Preparing to unpack .../sudo_1.8.16-0ubuntu1.2_amd64.deb ...
    my-ubuntu-16.04-server-amd64: Unpacking sudo (1.8.16-0ubuntu1.2) over (1.8.16-0ubuntu1.1) ...
    my-ubuntu-16.04-server-amd64: Preparing to unpack .../unattended-upgrades_0.90ubuntu0.2_all.deb ...
    my-ubuntu-16.04-server-amd64: Unpacking unattended-upgrades (0.90ubuntu0.2) over (0.90) ...
    my-ubuntu-16.04-server-amd64: Processing triggers for libc-bin (2.23-0ubuntu4) ...
    my-ubuntu-16.04-server-amd64: Processing triggers for mime-support (3.59ubuntu1) ...
    my-ubuntu-16.04-server-amd64: Processing triggers for systemd (229-4ubuntu12) ...
    my-ubuntu-16.04-server-amd64: Processing triggers for ureadahead (0.100.0-19) ...
    my-ubuntu-16.04-server-amd64: Setting up locales (2.23-0ubuntu4) ...
    my-ubuntu-16.04-server-amd64: Generating locales (this might take a while)...
    my-ubuntu-16.04-server-amd64: en_AG.UTF-8... done
    my-ubuntu-16.04-server-amd64: en_AU.UTF-8... done
    my-ubuntu-16.04-server-amd64: en_BW.UTF-8... done
    my-ubuntu-16.04-server-amd64: en_CA.UTF-8... done
    my-ubuntu-16.04-server-amd64: en_DK.UTF-8... done
    my-ubuntu-16.04-server-amd64: en_GB.UTF-8... done
    my-ubuntu-16.04-server-amd64: en_HK.UTF-8... done
    my-ubuntu-16.04-server-amd64: en_IE.UTF-8... done
    my-ubuntu-16.04-server-amd64: en_IN.UTF-8... done
    my-ubuntu-16.04-server-amd64: en_NG.UTF-8... done
    my-ubuntu-16.04-server-amd64: en_NZ.UTF-8... done
    my-ubuntu-16.04-server-amd64: en_PH.UTF-8... done
    my-ubuntu-16.04-server-amd64: en_SG.UTF-8... done
    my-ubuntu-16.04-server-amd64: en_US.UTF-8... done
    my-ubuntu-16.04-server-amd64: en_ZA.UTF-8... done
    my-ubuntu-16.04-server-amd64: en_ZM.UTF-8... done
    my-ubuntu-16.04-server-amd64: en_ZW.UTF-8... done
    my-ubuntu-16.04-server-amd64: Generation complete.
    my-ubuntu-16.04-server-amd64: Setting up libapt-inst2.0:amd64 (1.2.15) ...
    my-ubuntu-16.04-server-amd64: Setting up apt-utils (1.2.15) ...
    my-ubuntu-16.04-server-amd64: Setting up ifupdown (0.8.10ubuntu1.1) ...
    my-ubuntu-16.04-server-amd64: Setting up udev (229-4ubuntu12) ...
    my-ubuntu-16.04-server-amd64: addgroup: The group `input' already exists as a system group. Exiting.
    my-ubuntu-16.04-server-amd64: update-initramfs: deferring update (trigger activated)
    my-ubuntu-16.04-server-amd64: Setting up libklibc (2.0.4-8ubuntu1.16.04.2) ...
    my-ubuntu-16.04-server-amd64: Setting up klibc-utils (2.0.4-8ubuntu1.16.04.2) ...
    my-ubuntu-16.04-server-amd64: Setting up initramfs-tools-bin (0.122ubuntu8.5) ...
    my-ubuntu-16.04-server-amd64: Setting up initramfs-tools-core (0.122ubuntu8.5) ...
    my-ubuntu-16.04-server-amd64: Setting up initramfs-tools (0.122ubuntu8.5) ...
    my-ubuntu-16.04-server-amd64: update-initramfs: deferring update (trigger activated)
    my-ubuntu-16.04-server-amd64: Setting up libssl1.0.0:amd64 (1.0.2g-1ubuntu4.5) ...
    my-ubuntu-16.04-server-amd64: Setting up libpython3.5-minimal:amd64 (3.5.2-2~16.04) ...
    my-ubuntu-16.04-server-amd64: Setting up python3.5-minimal (3.5.2-2~16.04) ...
    my-ubuntu-16.04-server-amd64: Setting up libpython3.5-stdlib:amd64 (3.5.2-2~16.04) ...
    my-ubuntu-16.04-server-amd64: Setting up python3.5 (3.5.2-2~16.04) ...
    my-ubuntu-16.04-server-amd64: Setting up libdbus-1-3:amd64 (1.10.6-1ubuntu3.1) ...
    my-ubuntu-16.04-server-amd64: Setting up dbus (1.10.6-1ubuntu3.1) ...
    my-ubuntu-16.04-server-amd64: A reboot is required to replace the running dbus-daemon.
    my-ubuntu-16.04-server-amd64: Please reboot the system when convenient.
    my-ubuntu-16.04-server-amd64: Setting up libaccountsservice0:amd64 (0.6.40-2ubuntu11.3) ...
    my-ubuntu-16.04-server-amd64: Setting up accountsservice (0.6.40-2ubuntu11.3) ...
    my-ubuntu-16.04-server-amd64: Setting up language-selector-common (0.165.4) ...
    my-ubuntu-16.04-server-amd64: Setting up tzdata (2016h-0ubuntu0.16.04) ...
    my-ubuntu-16.04-server-amd64:
    my-ubuntu-16.04-server-amd64: Current default time zone: 'Etc/UTC'
    my-ubuntu-16.04-server-amd64: Local time is now:      Thu Nov 17 18:52:49 UTC 2016.
    my-ubuntu-16.04-server-amd64: Universal Time is now:  Thu Nov 17 18:52:49 UTC 2016.
    my-ubuntu-16.04-server-amd64: Run 'dpkg-reconfigure tzdata' if you wish to change it.
    my-ubuntu-16.04-server-amd64:
    my-ubuntu-16.04-server-amd64: Setting up distro-info-data (0.28ubuntu0.2) ...
    my-ubuntu-16.04-server-amd64: Setting up libisc-export160 (1:9.10.3.dfsg.P4-8ubuntu1.2) ...
    my-ubuntu-16.04-server-amd64: Setting up libdns-export162 (1:9.10.3.dfsg.P4-8ubuntu1.2) ...
    my-ubuntu-16.04-server-amd64: Setting up isc-dhcp-client (4.3.3-5ubuntu12.4) ...
    my-ubuntu-16.04-server-amd64: Setting up isc-dhcp-common (4.3.3-5ubuntu12.4) ...
    my-ubuntu-16.04-server-amd64: Setting up kbd (1.15.5-1ubuntu5) ...
    my-ubuntu-16.04-server-amd64: Setting up less (481-2.1ubuntu0.1) ...
    my-ubuntu-16.04-server-amd64: Setting up libidn11:amd64 (1.32-3ubuntu1.1) ...
    my-ubuntu-16.04-server-amd64: Setting up libp11-kit0:amd64 (0.23.2-5~ubuntu16.04.1) ...
    my-ubuntu-16.04-server-amd64: Setting up sudo (1.8.16-0ubuntu1.2) ...
    my-ubuntu-16.04-server-amd64: Installing new version of config file /etc/sudoers ...
    my-ubuntu-16.04-server-amd64: Setting up unattended-upgrades (0.90ubuntu0.2) ...
    my-ubuntu-16.04-server-amd64: Replacing config file /etc/apt/apt.conf.d/50unattended-upgrades with new version
    my-ubuntu-16.04-server-amd64: update-rc.d: warning: start and stop actions are no longer supported; falling back to defaults
    my-ubuntu-16.04-server-amd64: Processing triggers for libc-bin (2.23-0ubuntu4) ...
    my-ubuntu-16.04-server-amd64: Processing triggers for initramfs-tools (0.122ubuntu8.5) ...
    my-ubuntu-16.04-server-amd64: update-initramfs: Generating /boot/initrd.img-4.4.0-31-generic
==> my-ubuntu-16.04-server-amd64: Provisioning with shell script: scripts/linux-common/vagrant.sh
    my-ubuntu-16.04-server-amd64: [sudo] password for vagrant: + date
    my-ubuntu-16.04-server-amd64: + SSH_USER=vagrant
    my-ubuntu-16.04-server-amd64: + SSH_USER_HOME=/home/vagrant
    my-ubuntu-16.04-server-amd64: + VAGRANT_INSECURE_KEY='ssh-rsa AAAAB3NzaC1yc2EAAAABIwAAAQEA6NF8iallvQVp22WDkTkyrtvp9eWW6A8YVr+kz4TjGYe7gHzIw+niNltGEFHzD8+v1I2YJ6oXevct1YeS0o9HZyN1Q9qgCgzUFtdOKLv6IedplqoPkcmF0aYet2PkEDo3MlTBckFXPITAMzF8dJSIFo9D8HfdOV0IAdx4O7PtixWKn5y2hMNG0zQPyUecp4pzC6kivAIhyfHilFR61RGL+GPXQ2MWZWFYbAGjyiYJnAmCP3NOTd0jMZEnDkbUvxhMmBYSdETk1rRgm+R4LOzFUGaHqHDLKLX+FIPKcF96hrucXzcWyLbIbEgE98OHlnVYCzRdK8jlqm8tehUc9c9WhQ== vagrant insecure public key'
    my-ubuntu-16.04-server-amd64: ==> Giving vagrant sudo powers
    my-ubuntu-16.04-server-amd64: + echo '==> Giving vagrant sudo powers'
    my-ubuntu-16.04-server-amd64: + echo 'vagrant        ALL=(ALL)       NOPASSWD: ALL'
    my-ubuntu-16.04-server-amd64: ==> Installing vagrant key
    my-ubuntu-16.04-server-amd64: + echo '==> Installing vagrant key'
    my-ubuntu-16.04-server-amd64: + mkdir /home/vagrant/.ssh
    my-ubuntu-16.04-server-amd64: + chmod 700 /home/vagrant/.ssh
    my-ubuntu-16.04-server-amd64: + cd /home/vagrant/.ssh
    my-ubuntu-16.04-server-amd64: + echo 'ssh-rsa AAAAB3NzaC1yc2EAAAABIwAAAQEA6NF8iallvQVp22WDkTkyrtvp9eWW6A8YVr+kz4TjGYe7gHzIw+niNltGEFHzD8+v1I2YJ6oXevct1YeS0o9HZyN1Q9qgCgzUFtdOKLv6IedplqoPkcmF0aYet2PkEDo3MlTBckFXPITAMzF8dJSIFo9D8HfdOV0IAdx4O7PtixWKn5y2hMNG0zQPyUecp4pzC6kivAIhyfHilFR61RGL+GPXQ2MWZWFYbAGjyiYJnAmCP3NOTd0jMZEnDkbUvxhMmBYSdETk1rRgm+R4LOzFUGaHqHDLKLX+FIPKcF96hrucXzcWyLbIbEgE98OHlnVYCzRdK8jlqm8tehUc9c9WhQ== vagrant insecure public key'
    my-ubuntu-16.04-server-amd64: + chmod 600 /home/vagrant/.ssh/authorized_keys
    my-ubuntu-16.04-server-amd64: + chown -R vagrant:vagrant /home/vagrant/.ssh
==> my-ubuntu-16.04-server-amd64: Provisioning with shell script: /var/tmp/packer-shell534154506
    my-ubuntu-16.04-server-amd64: Reading package lists...
    my-ubuntu-16.04-server-amd64: Building dependency tree...
    my-ubuntu-16.04-server-amd64: Reading state information...
    my-ubuntu-16.04-server-amd64: python is already the newest version (2.7.11-1).
    my-ubuntu-16.04-server-amd64: The following additional packages will be installed:
    my-ubuntu-16.04-server-amd64: aptitude-common libboost-iostreams1.58.0 libcwidget3v5 libsigc++-2.0-0v5
    my-ubuntu-16.04-server-amd64: libxapian22v5
    my-ubuntu-16.04-server-amd64: Suggested packages:
    my-ubuntu-16.04-server-amd64: apt-xapian-index aptitude-doc-en | aptitude-doc debtags libcwidget-dev
    my-ubuntu-16.04-server-amd64: xapian-tools
    my-ubuntu-16.04-server-amd64: Recommended packages:
    my-ubuntu-16.04-server-amd64: libparse-debianchangelog-perl
    my-ubuntu-16.04-server-amd64: The following NEW packages will be installed:
    my-ubuntu-16.04-server-amd64: aptitude aptitude-common libboost-iostreams1.58.0 libcwidget3v5
    my-ubuntu-16.04-server-amd64: libsigc++-2.0-0v5 libxapian22v5
    my-ubuntu-16.04-server-amd64: 0 upgraded, 6 newly installed, 0 to remove and 4 not upgraded.
    my-ubuntu-16.04-server-amd64: Need to get 2,974 kB of archives.
    my-ubuntu-16.04-server-amd64: After this operation, 12.5 MB of additional disk space will be used.
    my-ubuntu-16.04-server-amd64: Get:1 http://archive.ubuntu.com/ubuntu xenial/main amd64 aptitude-common all 0.7.4-2ubuntu2 [747 kB]
    my-ubuntu-16.04-server-amd64: Get:2 http://archive.ubuntu.com/ubuntu xenial-updates/main amd64 libboost-iostreams1.58.0 amd64 1.58.0+dfsg-5ubuntu3.1 [29.0 kB]
    my-ubuntu-16.04-server-amd64: Get:3 http://archive.ubuntu.com/ubuntu xenial/main amd64 libsigc++-2.0-0v5 amd64 2.6.2-1 [11.1 kB]
    my-ubuntu-16.04-server-amd64: Get:4 http://archive.ubuntu.com/ubuntu xenial/main amd64 libcwidget3v5 amd64 0.5.17-4ubuntu2 [292 kB]
    my-ubuntu-16.04-server-amd64: Get:5 http://archive.ubuntu.com/ubuntu xenial/main amd64 libxapian22v5 amd64 1.2.22-2 [589 kB]
    my-ubuntu-16.04-server-amd64: Get:6 http://archive.ubuntu.com/ubuntu xenial/main amd64 aptitude amd64 0.7.4-2ubuntu2 [1,306 kB]
    my-ubuntu-16.04-server-amd64: Fetched 2,974 kB in 1s (1,576 kB/s)
    my-ubuntu-16.04-server-amd64: Selecting previously unselected package aptitude-common.
    my-ubuntu-16.04-server-amd64: (Reading database ... 43634 files and directories currently installed.)
    my-ubuntu-16.04-server-amd64: Preparing to unpack .../aptitude-common_0.7.4-2ubuntu2_all.deb ...
    my-ubuntu-16.04-server-amd64: Unpacking aptitude-common (0.7.4-2ubuntu2) ...
    my-ubuntu-16.04-server-amd64: Selecting previously unselected package libboost-iostreams1.58.0:amd64.
    my-ubuntu-16.04-server-amd64: Preparing to unpack .../libboost-iostreams1.58.0_1.58.0+dfsg-5ubuntu3.1_amd64.deb ...
    my-ubuntu-16.04-server-amd64: Unpacking libboost-iostreams1.58.0:amd64 (1.58.0+dfsg-5ubuntu3.1) ...
    my-ubuntu-16.04-server-amd64: Selecting previously unselected package libsigc++-2.0-0v5:amd64.
    my-ubuntu-16.04-server-amd64: Preparing to unpack .../libsigc++-2.0-0v5_2.6.2-1_amd64.deb ...
    my-ubuntu-16.04-server-amd64: Unpacking libsigc++-2.0-0v5:amd64 (2.6.2-1) ...
    my-ubuntu-16.04-server-amd64: Selecting previously unselected package libcwidget3v5:amd64.
    my-ubuntu-16.04-server-amd64: Preparing to unpack .../libcwidget3v5_0.5.17-4ubuntu2_amd64.deb ...
    my-ubuntu-16.04-server-amd64: Unpacking libcwidget3v5:amd64 (0.5.17-4ubuntu2) ...
    my-ubuntu-16.04-server-amd64: Selecting previously unselected package libxapian22v5:amd64.
    my-ubuntu-16.04-server-amd64: Preparing to unpack .../libxapian22v5_1.2.22-2_amd64.deb ...
    my-ubuntu-16.04-server-amd64: Unpacking libxapian22v5:amd64 (1.2.22-2) ...
    my-ubuntu-16.04-server-amd64: Selecting previously unselected package aptitude.
    my-ubuntu-16.04-server-amd64: Preparing to unpack .../aptitude_0.7.4-2ubuntu2_amd64.deb ...
    my-ubuntu-16.04-server-amd64: Unpacking aptitude (0.7.4-2ubuntu2) ...
    my-ubuntu-16.04-server-amd64: Processing triggers for libc-bin (2.23-0ubuntu4) ...
    my-ubuntu-16.04-server-amd64: Setting up aptitude-common (0.7.4-2ubuntu2) ...
    my-ubuntu-16.04-server-amd64: Setting up libboost-iostreams1.58.0:amd64 (1.58.0+dfsg-5ubuntu3.1) ...
    my-ubuntu-16.04-server-amd64: Setting up libsigc++-2.0-0v5:amd64 (2.6.2-1) ...
    my-ubuntu-16.04-server-amd64: Setting up libcwidget3v5:amd64 (0.5.17-4ubuntu2) ...
    my-ubuntu-16.04-server-amd64: Setting up libxapian22v5:amd64 (1.2.22-2) ...
    my-ubuntu-16.04-server-amd64: Setting up aptitude (0.7.4-2ubuntu2) ...
    my-ubuntu-16.04-server-amd64: update-alternatives: using /usr/bin/aptitude-curses to provide /usr/bin/aptitude (aptitude) in auto mode
    my-ubuntu-16.04-server-amd64: Processing triggers for libc-bin (2.23-0ubuntu4) ...
==> my-ubuntu-16.04-server-amd64: Provisioning with Ansible...
==> my-ubuntu-16.04-server-amd64: Executing Ansible: ansible-playbook /home/ruzickap/data/github/packer-templates/ansible/site.yml -i /var/tmp/packer-provisioner-ansible040831779 --private-key /var/tmp/ansible-key102074324
==> my-ubuntu-16.04-server-amd64: SSH proxy: serving on 127.0.0.1:40925
    my-ubuntu-16.04-server-amd64:
    my-ubuntu-16.04-server-amd64: PLAY [all] *********************************************************************
    my-ubuntu-16.04-server-amd64:
    my-ubuntu-16.04-server-amd64: TASK [setup] *******************************************************************
    my-ubuntu-16.04-server-amd64: SSH proxy: accepted connection
==> my-ubuntu-16.04-server-amd64: authentication attempt from 127.0.0.1:35560 to 127.0.0.1:40925 as vagrant using none
==> my-ubuntu-16.04-server-amd64: unauthorized key
==> my-ubuntu-16.04-server-amd64: authentication attempt from 127.0.0.1:35560 to 127.0.0.1:40925 as vagrant using publickey
==> my-ubuntu-16.04-server-amd64: unauthorized key
==> my-ubuntu-16.04-server-amd64: authentication attempt from 127.0.0.1:35560 to 127.0.0.1:40925 as vagrant using publickey
==> my-ubuntu-16.04-server-amd64: unauthorized key
==> my-ubuntu-16.04-server-amd64: authentication attempt from 127.0.0.1:35560 to 127.0.0.1:40925 as vagrant using publickey
==> my-ubuntu-16.04-server-amd64: authentication attempt from 127.0.0.1:35560 to 127.0.0.1:40925 as vagrant using publickey
    my-ubuntu-16.04-server-amd64: ok: [default]
    my-ubuntu-16.04-server-amd64:
    my-ubuntu-16.04-server-amd64: TASK [common_defaults : Include OS-specific variables] *************************
    my-ubuntu-16.04-server-amd64: ok: [default]
    my-ubuntu-16.04-server-amd64:
    my-ubuntu-16.04-server-amd64: TASK [common_defaults : Update repositories] ***********************************
    my-ubuntu-16.04-server-amd64: changed: [default]
    my-ubuntu-16.04-server-amd64:
    my-ubuntu-16.04-server-amd64: TASK [common_defaults : Install EPEL repo.] ************************************
    my-ubuntu-16.04-server-amd64: skipping: [default]
    my-ubuntu-16.04-server-amd64:
    my-ubuntu-16.04-server-amd64: TASK [common_defaults : Import EPEL GPG key.] **********************************
    my-ubuntu-16.04-server-amd64: skipping: [default]
    my-ubuntu-16.04-server-amd64:
    my-ubuntu-16.04-server-amd64: TASK [common_defaults : Install common packages] *******************************
    my-ubuntu-16.04-server-amd64: changed: [default] => (item=[u'acpid', u'atop', u'bash-completion', u'byobu', u'cloud-init', u'curl', u'dstat', u'ethtool', u'haveged', u'htop', u'iftop', u'iotop', u'lftp', u'logrotate', u'logwatch', u'lshw', u'lsof', u'man', u'mc', u'mlocate', u'mutt', u'nmap', u'ntp', u'ntpdate', u'openssh-server', u'parted', u'postfix', u'rsync', u'screen', u'strace', u'sysstat', u'tcpdump', u'telnet', u'tmux', u'traceroute', u'aptitude', u'cloud-initramfs-growroot', u'debconf-utils', u'dnsutils', u'bsd-mailx', u'linux-virtual', u'mtr-tiny', u'snmp', u'snmpd', u'sosreport', u'tcpflow', u'tmpreaper', u'unattended-upgrades', u'update-notifier-common', u'vim'])
    my-ubuntu-16.04-server-amd64:
    my-ubuntu-16.04-server-amd64: TASK [common_defaults : Chnage root password] **********************************
    my-ubuntu-16.04-server-amd64: changed: [default]
    my-ubuntu-16.04-server-amd64:
    my-ubuntu-16.04-server-amd64: TASK [common_defaults : Disable mouse in mc (/etc/profile.d/mc.sh)] ************
==> my-ubuntu-16.04-server-amd64: starting sftp subsystem
    my-ubuntu-16.04-server-amd64: changed: [default]
    my-ubuntu-16.04-server-amd64:
    my-ubuntu-16.04-server-amd64: TASK [common_defaults : Create directory "/etc/skel/.config/mc"] ***************
    my-ubuntu-16.04-server-amd64: changed: [default]
    my-ubuntu-16.04-server-amd64:
    my-ubuntu-16.04-server-amd64: TASK [common_defaults : Create directory for mc inside /etc/skel] **************
==> my-ubuntu-16.04-server-amd64: starting sftp subsystem
    my-ubuntu-16.04-server-amd64: changed: [default]
    my-ubuntu-16.04-server-amd64:
    my-ubuntu-16.04-server-amd64: TASK [common_defaults : Check if user dirctory exists] *************************
    my-ubuntu-16.04-server-amd64: ok: [default] => (item=/home/ubuntu)
    my-ubuntu-16.04-server-amd64: ok: [default] => (item=/home/centos)
    my-ubuntu-16.04-server-amd64: ok: [default] => (item=/home/vagrant)
    my-ubuntu-16.04-server-amd64: ok: [default] => (item=/root)
    my-ubuntu-16.04-server-amd64:
    my-ubuntu-16.04-server-amd64: TASK [common_defaults : Copy /etc/skel/.config/ directory to root] *************
    my-ubuntu-16.04-server-amd64: skipping: [default] => (item=/home/ubuntu)
    my-ubuntu-16.04-server-amd64: skipping: [default] => (item=/home/centos)
    my-ubuntu-16.04-server-amd64: changed: [default] => (item=/home/vagrant)
    my-ubuntu-16.04-server-amd64: changed: [default] => (item=/root)
    my-ubuntu-16.04-server-amd64:
    my-ubuntu-16.04-server-amd64: TASK [common_defaults : Change owner for skel_copy_users/.config] **************
    my-ubuntu-16.04-server-amd64: skipping: [default] => (item=/home/ubuntu)
    my-ubuntu-16.04-server-amd64: skipping: [default] => (item=/home/centos)
    my-ubuntu-16.04-server-amd64: changed: [default] => (item=/home/vagrant)
    my-ubuntu-16.04-server-amd64: ok: [default] => (item=/root)
    my-ubuntu-16.04-server-amd64:
    my-ubuntu-16.04-server-amd64: TASK [common_defaults : Change rights for skel_copy_users/.config] *************
    my-ubuntu-16.04-server-amd64: skipping: [default] => (item=/home/ubuntu)
    my-ubuntu-16.04-server-amd64: skipping: [default] => (item=/home/centos)
    my-ubuntu-16.04-server-amd64: changed: [default] => (item=/home/vagrant)
    my-ubuntu-16.04-server-amd64: changed: [default] => (item=/root)
    my-ubuntu-16.04-server-amd64:
    my-ubuntu-16.04-server-amd64: TASK [common_defaults : Set format for history command (/etc/profile.d/history_format.sh)] ***
==> my-ubuntu-16.04-server-amd64: starting sftp subsystem
    my-ubuntu-16.04-server-amd64: changed: [default]
    my-ubuntu-16.04-server-amd64:
    my-ubuntu-16.04-server-amd64: TASK [common_defaults : Add sar alias (/etc/bash.bashrc)] **********************
    my-ubuntu-16.04-server-amd64: changed: [default]
    my-ubuntu-16.04-server-amd64:
    my-ubuntu-16.04-server-amd64: TASK [common_defaults : Tweak vim (/etc/vim/vimrc)] ****************************
    my-ubuntu-16.04-server-amd64: changed: [default]
    my-ubuntu-16.04-server-amd64:
    my-ubuntu-16.04-server-amd64: TASK [common_defaults : Tweak screen (/etc/screenrc)] **************************
    my-ubuntu-16.04-server-amd64: changed: [default]
    my-ubuntu-16.04-server-amd64:
    my-ubuntu-16.04-server-amd64: TASK [common_defaults : Tweak logrotate (/etc/logrotate.conf)] *****************
    my-ubuntu-16.04-server-amd64: changed: [default]
    my-ubuntu-16.04-server-amd64:
    my-ubuntu-16.04-server-amd64: TASK [common_defaults : Change logwatch to display weekly status (/etc/logwatch/conf/logwatch.conf)] ***
    my-ubuntu-16.04-server-amd64: changed: [default]
    my-ubuntu-16.04-server-amd64:
    my-ubuntu-16.04-server-amd64: TASK [common_defaults : Move logwatch cron entry from cron.daily to cron.weekly] ***
    my-ubuntu-16.04-server-amd64: changed: [default]
    my-ubuntu-16.04-server-amd64:
    my-ubuntu-16.04-server-amd64: TASK [common_defaults : Place snmpd.conf file to the /etc/snmp/] ***************
==> my-ubuntu-16.04-server-amd64: starting sftp subsystem
    my-ubuntu-16.04-server-amd64: changed: [default]
    my-ubuntu-16.04-server-amd64:
    my-ubuntu-16.04-server-amd64: TASK [common_defaults : Configure sshd] ****************************************
    my-ubuntu-16.04-server-amd64: changed: [default]
    my-ubuntu-16.04-server-amd64:
    my-ubuntu-16.04-server-amd64: TASK [common_defaults : Allow root SSH access and set "PasswordAuthentication yes" in /etc/ssh/sshd_config] ***
    my-ubuntu-16.04-server-amd64: changed: [default] => (item={u'regexp': u'^PermitRootLogin', u'line': u'PermitRootLogin yes'})
    my-ubuntu-16.04-server-amd64: changed: [default] => (item={u'regexp': u'^PasswordAuthentication', u'line': u'PasswordAuthentication yes'})
    my-ubuntu-16.04-server-amd64:
    my-ubuntu-16.04-server-amd64: TASK [common_defaults : Configure ssh client] **********************************
    my-ubuntu-16.04-server-amd64: changed: [default]
    my-ubuntu-16.04-server-amd64:
    my-ubuntu-16.04-server-amd64: TASK [common_defaults : Tweak sysstat in cron.d] *******************************
    my-ubuntu-16.04-server-amd64: changed: [default]
    my-ubuntu-16.04-server-amd64:
    my-ubuntu-16.04-server-amd64: TASK [common_defaults : Configure cloud-init] **********************************
==> my-ubuntu-16.04-server-amd64: starting sftp subsystem
    my-ubuntu-16.04-server-amd64: changed: [default]
    my-ubuntu-16.04-server-amd64:
    my-ubuntu-16.04-server-amd64: TASK [common_defaults : Remove /dev/fd0 (floppy) from /etc/fstab (floppy is presend by default when using KVM provisioner)] ***
    my-ubuntu-16.04-server-amd64: changed: [default]
    my-ubuntu-16.04-server-amd64:
    my-ubuntu-16.04-server-amd64: TASK [common_defaults : Ensure fstab uses nodiratime and noatime] **************
    my-ubuntu-16.04-server-amd64: changed: [default]
    my-ubuntu-16.04-server-amd64:
    my-ubuntu-16.04-server-amd64: TASK [common_defaults : Check if /root/.ssh/authorized_keys exists] ************
    my-ubuntu-16.04-server-amd64: ok: [default]
    my-ubuntu-16.04-server-amd64:
    my-ubuntu-16.04-server-amd64: TASK [common_defaults : Remove the Amazon AWS "disable root" feature] **********
    my-ubuntu-16.04-server-amd64: skipping: [default]
    my-ubuntu-16.04-server-amd64:
    my-ubuntu-16.04-server-amd64: TASK [common_defaults : include] ***********************************************
    my-ubuntu-16.04-server-amd64: included: /home/ruzickap/data/github/packer-templates/ansible/roles/common_defaults/tasks/Debian.yml for default
    my-ubuntu-16.04-server-amd64:
    my-ubuntu-16.04-server-amd64: TASK [common_defaults : Upgrade packages] **************************************
    my-ubuntu-16.04-server-amd64: changed: [default]
    my-ubuntu-16.04-server-amd64:
    my-ubuntu-16.04-server-amd64: TASK [common_defaults : Enable fsckfix during boot] ****************************
    my-ubuntu-16.04-server-amd64: changed: [default]
    my-ubuntu-16.04-server-amd64:
    my-ubuntu-16.04-server-amd64: TASK [common_defaults : Remove /tmp/* files during boot] ***********************
    my-ubuntu-16.04-server-amd64: changed: [default]
    my-ubuntu-16.04-server-amd64:
    my-ubuntu-16.04-server-amd64: TASK [common_defaults : Enable sysstat (sar)] **********************************
    my-ubuntu-16.04-server-amd64: changed: [default]
    my-ubuntu-16.04-server-amd64:
    my-ubuntu-16.04-server-amd64: TASK [common_defaults : Change shell to /bin/bash for new users (/etc/default/useradd)] ***
    my-ubuntu-16.04-server-amd64: changed: [default]
    my-ubuntu-16.04-server-amd64:
    my-ubuntu-16.04-server-amd64: TASK [common_defaults : Change shell to /bin/bash for new users (/etc/default/useradd)] ***
    my-ubuntu-16.04-server-amd64: changed: [default]
    my-ubuntu-16.04-server-amd64:
    my-ubuntu-16.04-server-amd64: TASK [common_defaults : Modify Unattended upgrade settings] ********************
    my-ubuntu-16.04-server-amd64: changed: [default] => (item={u'regexp': u'^//Unattended-Upgrade::Mail "root";', u'replace': u'Unattended-Upgrade::Mail "root";'})
    my-ubuntu-16.04-server-amd64: changed: [default] => (item={u'regexp': u'^//Unattended-Upgrade::Remove-Unused-Dependencies "false";', u'replace': u'Unattended-Upgrade::Remove-Unused-Dependencies "true";'})
    my-ubuntu-16.04-server-amd64:
    my-ubuntu-16.04-server-amd64: TASK [common_defaults : Autoremove unused packages] ****************************
    my-ubuntu-16.04-server-amd64: ok: [default]
    my-ubuntu-16.04-server-amd64:  [WARNING]: Consider using apt module rather than running apt-get
    my-ubuntu-16.04-server-amd64:
    my-ubuntu-16.04-server-amd64: TASK [common_defaults : Disable and stop services during boot] *****************
    my-ubuntu-16.04-server-amd64: skipping: [default] => (item=None)
    my-ubuntu-16.04-server-amd64:
    my-ubuntu-16.04-server-amd64: TASK [common_defaults : Enable services during boot] ***************************
    my-ubuntu-16.04-server-amd64: skipping: [default] => (item=None)
    my-ubuntu-16.04-server-amd64:
    my-ubuntu-16.04-server-amd64: RUNNING HANDLER [common_defaults : restart sshd] *******************************
    my-ubuntu-16.04-server-amd64: changed: [default]
    my-ubuntu-16.04-server-amd64:
    my-ubuntu-16.04-server-amd64: RUNNING HANDLER [common_defaults : reload snmpd] *******************************
    my-ubuntu-16.04-server-amd64: changed: [default]
    my-ubuntu-16.04-server-amd64:
    my-ubuntu-16.04-server-amd64: PLAY RECAP *********************************************************************
    my-ubuntu-16.04-server-amd64: default                    : ok=39   changed=33   unreachable=0    failed=0
    my-ubuntu-16.04-server-amd64:
==> my-ubuntu-16.04-server-amd64: shutting down the SSH proxy
==> my-ubuntu-16.04-server-amd64: Provisioning with shell script: scripts/linux-common/cleanup.sh
    my-ubuntu-16.04-server-amd64: ==> Cleaning up udev rules
    my-ubuntu-16.04-server-amd64: + SSH_USER=vagrant
    my-ubuntu-16.04-server-amd64: + echo '==> Cleaning up udev rules'
    my-ubuntu-16.04-server-amd64: + rm -rf /dev/.udev/ /lib/udev/rules.d/75-persistent-net-generator.rules
    my-ubuntu-16.04-server-amd64: + service rsyslog stop
    my-ubuntu-16.04-server-amd64: + '[' -f /etc/os-release ']'
    my-ubuntu-16.04-server-amd64: + grep -iq debian /etc/os-release
    my-ubuntu-16.04-server-amd64: ==> Cleaning up leftover dhcp leases
    my-ubuntu-16.04-server-amd64: + export DEBIAN_FRONTEND=noninteractive
    my-ubuntu-16.04-server-amd64: + DEBIAN_FRONTEND=noninteractive
    my-ubuntu-16.04-server-amd64: + echo 'pre-up sleep 2'
    my-ubuntu-16.04-server-amd64: + echo '==> Cleaning up leftover dhcp leases'
    my-ubuntu-16.04-server-amd64: + '[' -d /var/lib/dhcp3 ']'
    my-ubuntu-16.04-server-amd64: + '[' -d /var/lib/dhcp ']'
    my-ubuntu-16.04-server-amd64: + rm /var/lib/dhcp/dhclient.eth0.leases
    my-ubuntu-16.04-server-amd64: + apt-get -y autoremove --purge
    my-ubuntu-16.04-server-amd64: Reading package lists...
    my-ubuntu-16.04-server-amd64: Building dependency tree...
    my-ubuntu-16.04-server-amd64: Reading state information...
    my-ubuntu-16.04-server-amd64: 0 upgraded, 0 newly installed, 0 to remove and 0 not upgraded.
    my-ubuntu-16.04-server-amd64: + apt-get -y clean
    my-ubuntu-16.04-server-amd64: + apt-get -y autoclean
    my-ubuntu-16.04-server-amd64: Reading package lists...
    my-ubuntu-16.04-server-amd64: Building dependency tree...
    my-ubuntu-16.04-server-amd64: Reading state information...
    my-ubuntu-16.04-server-amd64: ==> Cleaning up tmp
    my-ubuntu-16.04-server-amd64: + echo '==> Cleaning up tmp'
    my-ubuntu-16.04-server-amd64: + rm -rf /tmp/script_251.sh /tmp/ssh-QtbqQdOacB /tmp/systemd-private-55a7c358005743ceae99dead06a421ac-haveged.service-gvvq0R /tmp/systemd-private-55a7c358005743ceae99dead06a421ac-systemd-timesyncd.service-SdkhXU
    my-ubuntu-16.04-server-amd64: + unset HISTFILE
    my-ubuntu-16.04-server-amd64: + rm -f /root/.bash_history
    my-ubuntu-16.04-server-amd64: + rm -f /home/vagrant/.bash_history
    my-ubuntu-16.04-server-amd64: + find /var/log -type f
    my-ubuntu-16.04-server-amd64: + read f
    my-ubuntu-16.04-server-amd64: + echo -ne ''
    my-ubuntu-16.04-server-amd64: + read f
    my-ubuntu-16.04-server-amd64: + echo -ne ''
    my-ubuntu-16.04-server-amd64: + read f
    my-ubuntu-16.04-server-amd64: + echo -ne ''
    my-ubuntu-16.04-server-amd64: + read f
    my-ubuntu-16.04-server-amd64: + echo -ne ''
    my-ubuntu-16.04-server-amd64: + read f
    my-ubuntu-16.04-server-amd64: + echo -ne ''
    my-ubuntu-16.04-server-amd64: + read f
    my-ubuntu-16.04-server-amd64: + echo -ne ''
    my-ubuntu-16.04-server-amd64: + read f
    my-ubuntu-16.04-server-amd64: + echo -ne ''
    my-ubuntu-16.04-server-amd64: + read f
    my-ubuntu-16.04-server-amd64: + echo -ne ''
    my-ubuntu-16.04-server-amd64: + read f
    my-ubuntu-16.04-server-amd64: ==> Clearing last login information
    my-ubuntu-16.04-server-amd64: + echo -ne ''
    my-ubuntu-16.04-server-amd64: + read f
    my-ubuntu-16.04-server-amd64: + echo -ne ''
    my-ubuntu-16.04-server-amd64: + read f
    my-ubuntu-16.04-server-amd64: + echo -ne ''
    my-ubuntu-16.04-server-amd64: + read f
    my-ubuntu-16.04-server-amd64: + echo -ne ''
    my-ubuntu-16.04-server-amd64: + read f
    my-ubuntu-16.04-server-amd64: + echo -ne ''
    my-ubuntu-16.04-server-amd64: + read f
    my-ubuntu-16.04-server-amd64: + echo -ne ''
    my-ubuntu-16.04-server-amd64: + read f
    my-ubuntu-16.04-server-amd64: + echo -ne ''
    my-ubuntu-16.04-server-amd64: + read f
    my-ubuntu-16.04-server-amd64: + echo -ne ''
    my-ubuntu-16.04-server-amd64: + read f
    my-ubuntu-16.04-server-amd64: + echo -ne ''
    my-ubuntu-16.04-server-amd64: + read f
    my-ubuntu-16.04-server-amd64: + echo -ne ''
    my-ubuntu-16.04-server-amd64: + read f
    my-ubuntu-16.04-server-amd64: + echo -ne ''
    my-ubuntu-16.04-server-amd64: + read f
    my-ubuntu-16.04-server-amd64: + echo -ne ''
    my-ubuntu-16.04-server-amd64: + read f
    my-ubuntu-16.04-server-amd64: + echo -ne ''
    my-ubuntu-16.04-server-amd64: + read f
    my-ubuntu-16.04-server-amd64: + echo -ne ''
    my-ubuntu-16.04-server-amd64: + read f
    my-ubuntu-16.04-server-amd64: + echo -ne ''
    my-ubuntu-16.04-server-amd64: + read f
    my-ubuntu-16.04-server-amd64: + echo -ne ''
    my-ubuntu-16.04-server-amd64: + read f
    my-ubuntu-16.04-server-amd64: + echo -ne ''
    my-ubuntu-16.04-server-amd64: + read f
    my-ubuntu-16.04-server-amd64: + echo -ne ''
    my-ubuntu-16.04-server-amd64: + read f
    my-ubuntu-16.04-server-amd64: + echo '==> Clearing last login information'
    my-ubuntu-16.04-server-amd64: + dd if=/dev/zero of=/EMPTY_FILE bs=1M
    my-ubuntu-16.04-server-amd64: dd: error writing '/EMPTY_FILE': No space left on device
    my-ubuntu-16.04-server-amd64: dd exit code 1 is suppressed
    my-ubuntu-16.04-server-amd64: 99191+0 records in
    my-ubuntu-16.04-server-amd64: 99190+0 records out
    my-ubuntu-16.04-server-amd64: 104008966144 bytes (104 GB, 97 GiB) copied, 1519.32 s, 68.5 MB/s
    my-ubuntu-16.04-server-amd64: + echo 'dd exit code 1 is suppressed'
    my-ubuntu-16.04-server-amd64: + rm -f /EMPTY_FILE
    my-ubuntu-16.04-server-amd64: + sync
==> my-ubuntu-16.04-server-amd64: Gracefully halting virtual machine...
==> my-ubuntu-16.04-server-amd64: Converting hard drive...
==> my-ubuntu-16.04-server-amd64: Running post-processor: vagrant
==> my-ubuntu-16.04-server-amd64 (vagrant): Creating Vagrant box for 'libvirt' provider
    my-ubuntu-16.04-server-amd64 (vagrant): Copying from artifact: output-my-ubuntu-16.04-server-amd64/packer-my-ubuntu-16.04-server-amd64
    my-ubuntu-16.04-server-amd64 (vagrant): Using custom Vagrantfile: Vagrantfile-linux.template
    my-ubuntu-16.04-server-amd64 (vagrant): Compressing: Vagrantfile
    my-ubuntu-16.04-server-amd64 (vagrant): Compressing: box.img
    my-ubuntu-16.04-server-amd64 (vagrant): Compressing: metadata.json
Build 'my-ubuntu-16.04-server-amd64' finished.

==> Builds finished. The artifacts of successful builds are:
--> my-ubuntu-16.04-server-amd64: 'libvirt' provider box: my-ubuntu-16.04-server-amd64-libvirt.box
