my-ubuntu-14.04-server-amd64 output will be in this color.

==> my-ubuntu-14.04-server-amd64: Downloading or copying ISO
    my-ubuntu-14.04-server-amd64: Downloading or copying: http://releases.ubuntu.com/14.04.5/ubuntu-14.04.5-server-amd64.iso
==> my-ubuntu-14.04-server-amd64: Creating hard drive...
==> my-ubuntu-14.04-server-amd64: Starting HTTP server on port 8589
==> my-ubuntu-14.04-server-amd64: Found port for communicator (SSH, WinRM, etc): 4383.
==> my-ubuntu-14.04-server-amd64: Looking for available port between 5900 and 6000
==> my-ubuntu-14.04-server-amd64: Found available VNC port: 5900
==> my-ubuntu-14.04-server-amd64: Starting VM, booting from CD-ROM
==> my-ubuntu-14.04-server-amd64: Overriding defaults Qemu arguments with QemuArgs...
==> my-ubuntu-14.04-server-amd64: Waiting 2s for boot...
==> my-ubuntu-14.04-server-amd64: Connecting to VM via VNC
==> my-ubuntu-14.04-server-amd64: Typing the boot command over VNC...
==> my-ubuntu-14.04-server-amd64: Waiting for SSH to become available...
==> my-ubuntu-14.04-server-amd64: Connected to SSH!
==> my-ubuntu-14.04-server-amd64: Provisioning with shell script: scripts/ubuntu/update.sh
    my-ubuntu-14.04-server-amd64: [sudo] password for vagrant: + export DEBIAN_FRONTEND=noninteractive
    my-ubuntu-14.04-server-amd64: + DEBIAN_FRONTEND=noninteractive
    my-ubuntu-14.04-server-amd64: + apt-get update
    my-ubuntu-14.04-server-amd64: Hit http://security.ubuntu.com trusty-security InRelease
    my-ubuntu-14.04-server-amd64: Ign http://archive.ubuntu.com trusty InRelease
    my-ubuntu-14.04-server-amd64: Hit http://security.ubuntu.com trusty-security/main Sources
    my-ubuntu-14.04-server-amd64: Hit http://archive.ubuntu.com trusty-updates InRelease
    my-ubuntu-14.04-server-amd64: Hit http://security.ubuntu.com trusty-security/restricted Sources
    my-ubuntu-14.04-server-amd64: Hit http://archive.ubuntu.com trusty-backports InRelease
    my-ubuntu-14.04-server-amd64: Hit http://security.ubuntu.com trusty-security/universe Sources
    my-ubuntu-14.04-server-amd64: Hit http://archive.ubuntu.com trusty Release.gpg
    my-ubuntu-14.04-server-amd64: Hit http://security.ubuntu.com trusty-security/multiverse Sources
    my-ubuntu-14.04-server-amd64: Hit http://archive.ubuntu.com trusty-updates/main Sources
    my-ubuntu-14.04-server-amd64: Hit http://security.ubuntu.com trusty-security/main amd64 Packages
    my-ubuntu-14.04-server-amd64: Hit http://archive.ubuntu.com trusty-updates/restricted Sources
    my-ubuntu-14.04-server-amd64: Hit http://security.ubuntu.com trusty-security/restricted amd64 Packages
    my-ubuntu-14.04-server-amd64: Hit http://archive.ubuntu.com trusty-updates/universe Sources
    my-ubuntu-14.04-server-amd64: Hit http://security.ubuntu.com trusty-security/universe amd64 Packages
    my-ubuntu-14.04-server-amd64: Hit http://security.ubuntu.com trusty-security/multiverse amd64 Packages
    my-ubuntu-14.04-server-amd64: Hit http://archive.ubuntu.com trusty-updates/multiverse Sources
    my-ubuntu-14.04-server-amd64: Hit http://security.ubuntu.com trusty-security/main i386 Packages
    my-ubuntu-14.04-server-amd64: Hit http://archive.ubuntu.com trusty-updates/main amd64 Packages
    my-ubuntu-14.04-server-amd64: Hit http://security.ubuntu.com trusty-security/restricted i386 Packages
    my-ubuntu-14.04-server-amd64: Hit http://archive.ubuntu.com trusty-updates/restricted amd64 Packages
    my-ubuntu-14.04-server-amd64: Hit http://security.ubuntu.com trusty-security/universe i386 Packages
    my-ubuntu-14.04-server-amd64: Hit http://archive.ubuntu.com trusty-updates/universe amd64 Packages
    my-ubuntu-14.04-server-amd64: Hit http://security.ubuntu.com trusty-security/multiverse i386 Packages
    my-ubuntu-14.04-server-amd64: Hit http://archive.ubuntu.com trusty-updates/multiverse amd64 Packages
    my-ubuntu-14.04-server-amd64: Hit http://security.ubuntu.com trusty-security/main Translation-en
    my-ubuntu-14.04-server-amd64: Hit http://archive.ubuntu.com trusty-updates/main i386 Packages
    my-ubuntu-14.04-server-amd64: Hit http://security.ubuntu.com trusty-security/multiverse Translation-en
    my-ubuntu-14.04-server-amd64: Hit http://security.ubuntu.com trusty-security/restricted Translation-en
    my-ubuntu-14.04-server-amd64: Hit http://archive.ubuntu.com trusty-updates/restricted i386 Packages
    my-ubuntu-14.04-server-amd64: Hit http://security.ubuntu.com trusty-security/universe Translation-en
    my-ubuntu-14.04-server-amd64: Hit http://archive.ubuntu.com trusty-updates/universe i386 Packages
    my-ubuntu-14.04-server-amd64: Hit http://archive.ubuntu.com trusty-updates/multiverse i386 Packages
    my-ubuntu-14.04-server-amd64: Hit http://archive.ubuntu.com trusty-updates/main Translation-en
    my-ubuntu-14.04-server-amd64: Hit http://archive.ubuntu.com trusty-updates/multiverse Translation-en
    my-ubuntu-14.04-server-amd64: Hit http://archive.ubuntu.com trusty-updates/restricted Translation-en
    my-ubuntu-14.04-server-amd64: Hit http://archive.ubuntu.com trusty-updates/universe Translation-en
    my-ubuntu-14.04-server-amd64: Hit http://archive.ubuntu.com trusty-backports/main Sources
    my-ubuntu-14.04-server-amd64: Hit http://archive.ubuntu.com trusty-backports/restricted Sources
    my-ubuntu-14.04-server-amd64: Hit http://archive.ubuntu.com trusty-backports/universe Sources
    my-ubuntu-14.04-server-amd64: Hit http://archive.ubuntu.com trusty-backports/multiverse Sources
    my-ubuntu-14.04-server-amd64: Hit http://archive.ubuntu.com trusty-backports/main amd64 Packages
    my-ubuntu-14.04-server-amd64: Hit http://archive.ubuntu.com trusty-backports/restricted amd64 Packages
    my-ubuntu-14.04-server-amd64: Hit http://archive.ubuntu.com trusty-backports/universe amd64 Packages
    my-ubuntu-14.04-server-amd64: Hit http://archive.ubuntu.com trusty-backports/multiverse amd64 Packages
    my-ubuntu-14.04-server-amd64: Hit http://archive.ubuntu.com trusty-backports/main i386 Packages
    my-ubuntu-14.04-server-amd64: Hit http://archive.ubuntu.com trusty-backports/restricted i386 Packages
    my-ubuntu-14.04-server-amd64: Hit http://archive.ubuntu.com trusty-backports/universe i386 Packages
    my-ubuntu-14.04-server-amd64: Hit http://archive.ubuntu.com trusty-backports/multiverse i386 Packages
    my-ubuntu-14.04-server-amd64: Hit http://archive.ubuntu.com trusty-backports/main Translation-en
    my-ubuntu-14.04-server-amd64: Hit http://archive.ubuntu.com trusty-backports/multiverse Translation-en
    my-ubuntu-14.04-server-amd64: Hit http://archive.ubuntu.com trusty-backports/restricted Translation-en
    my-ubuntu-14.04-server-amd64: Hit http://archive.ubuntu.com trusty-backports/universe Translation-en
    my-ubuntu-14.04-server-amd64: Hit http://archive.ubuntu.com trusty Release
    my-ubuntu-14.04-server-amd64: Hit http://archive.ubuntu.com trusty/main Sources
    my-ubuntu-14.04-server-amd64: Hit http://archive.ubuntu.com trusty/restricted Sources
    my-ubuntu-14.04-server-amd64: Hit http://archive.ubuntu.com trusty/universe Sources
    my-ubuntu-14.04-server-amd64: Hit http://archive.ubuntu.com trusty/multiverse Sources
    my-ubuntu-14.04-server-amd64: Hit http://archive.ubuntu.com trusty/main amd64 Packages
    my-ubuntu-14.04-server-amd64: Hit http://archive.ubuntu.com trusty/restricted amd64 Packages
    my-ubuntu-14.04-server-amd64: Hit http://archive.ubuntu.com trusty/universe amd64 Packages
    my-ubuntu-14.04-server-amd64: Hit http://archive.ubuntu.com trusty/multiverse amd64 Packages
    my-ubuntu-14.04-server-amd64: Hit http://archive.ubuntu.com trusty/main i386 Packages
    my-ubuntu-14.04-server-amd64: Hit http://archive.ubuntu.com trusty/restricted i386 Packages
    my-ubuntu-14.04-server-amd64: Hit http://archive.ubuntu.com trusty/universe i386 Packages
    my-ubuntu-14.04-server-amd64: Hit http://archive.ubuntu.com trusty/multiverse i386 Packages
    my-ubuntu-14.04-server-amd64: Hit http://archive.ubuntu.com trusty/main Translation-en
    my-ubuntu-14.04-server-amd64: Hit http://archive.ubuntu.com trusty/multiverse Translation-en
    my-ubuntu-14.04-server-amd64: Hit http://archive.ubuntu.com trusty/restricted Translation-en
    my-ubuntu-14.04-server-amd64: Hit http://archive.ubuntu.com trusty/universe Translation-en
    my-ubuntu-14.04-server-amd64: Ign http://archive.ubuntu.com trusty/main Translation-en_US
    my-ubuntu-14.04-server-amd64: Ign http://archive.ubuntu.com trusty/multiverse Translation-en_US
    my-ubuntu-14.04-server-amd64: Ign http://archive.ubuntu.com trusty/restricted Translation-en_US
    my-ubuntu-14.04-server-amd64: Ign http://archive.ubuntu.com trusty/universe Translation-en_US
    my-ubuntu-14.04-server-amd64: Reading package lists...
    my-ubuntu-14.04-server-amd64: + apt-get -y upgrade
    my-ubuntu-14.04-server-amd64: Reading package lists...
    my-ubuntu-14.04-server-amd64: Building dependency tree...
    my-ubuntu-14.04-server-amd64: Reading state information...
    my-ubuntu-14.04-server-amd64: The following packages have been kept back:
    my-ubuntu-14.04-server-amd64: linux-generic-lts-xenial linux-headers-generic-lts-xenial
    my-ubuntu-14.04-server-amd64: linux-image-generic-lts-xenial
    my-ubuntu-14.04-server-amd64: The following packages will be upgraded:
    my-ubuntu-14.04-server-amd64: accountsservice apt apt-transport-https apt-utils bind9-host dbus dnsutils
    my-ubuntu-14.04-server-amd64: gnupg gpgv isc-dhcp-client isc-dhcp-common klibc-utils libaccountsservice0
    my-ubuntu-14.04-server-amd64: libapt-inst1.5 libapt-pkg4.12 libbind9-90 libcurl3-gnutls libdbus-1-3
    my-ubuntu-14.04-server-amd64: libdns100 libgcrypt11 libidn11 libisc95 libisccc90 libisccfg90 libklibc
    my-ubuntu-14.04-server-amd64: liblwres90 libnl-3-200 libnl-genl-3-200 libpython3.4-minimal
    my-ubuntu-14.04-server-amd64: libpython3.4-stdlib libssl1.0.0 lsb-base lsb-release ntpdate openssl
    my-ubuntu-14.04-server-amd64: python3-update-manager python3.4 python3.4-minimal sudo tzdata
    my-ubuntu-14.04-server-amd64: update-manager-core
    my-ubuntu-14.04-server-amd64: 41 upgraded, 0 newly installed, 0 to remove and 3 not upgraded.
    my-ubuntu-14.04-server-amd64: Need to get 12.0 MB of archives.
    my-ubuntu-14.04-server-amd64: After this operation, 18.4 kB of additional disk space will be used.
    my-ubuntu-14.04-server-amd64: Get:1 http://archive.ubuntu.com/ubuntu/ trusty-updates/main libapt-pkg4.12 amd64 1.0.1ubuntu2.15 [638 kB]
    my-ubuntu-14.04-server-amd64: Get:2 http://archive.ubuntu.com/ubuntu/ trusty-updates/main gpgv amd64 1.4.16-1ubuntu2.4 [161 kB]
    my-ubuntu-14.04-server-amd64: Get:3 http://archive.ubuntu.com/ubuntu/ trusty-updates/main gnupg amd64 1.4.16-1ubuntu2.4 [611 kB]
    my-ubuntu-14.04-server-amd64: Get:4 http://archive.ubuntu.com/ubuntu/ trusty-updates/main apt amd64 1.0.1ubuntu2.15 [953 kB]
    my-ubuntu-14.04-server-amd64: Get:5 http://archive.ubuntu.com/ubuntu/ trusty-updates/main libapt-inst1.5 amd64 1.0.1ubuntu2.15 [58.7 kB]
    my-ubuntu-14.04-server-amd64: Get:6 http://archive.ubuntu.com/ubuntu/ trusty-updates/main libgcrypt11 amd64 1.5.3-2ubuntu4.4 [238 kB]
    my-ubuntu-14.04-server-amd64: Get:7 http://archive.ubuntu.com/ubuntu/ trusty-updates/main python3.4 amd64 3.4.3-1ubuntu1~14.04.4 [178 kB]
    my-ubuntu-14.04-server-amd64: Get:8 http://archive.ubuntu.com/ubuntu/ trusty-updates/main python3.4-minimal amd64 3.4.3-1ubuntu1~14.04.4 [1,227 kB]
    my-ubuntu-14.04-server-amd64: Get:9 http://archive.ubuntu.com/ubuntu/ trusty-updates/main libpython3.4-stdlib amd64 3.4.3-1ubuntu1~14.04.4 [1,984 kB]
    my-ubuntu-14.04-server-amd64: Get:10 http://archive.ubuntu.com/ubuntu/ trusty-updates/main libssl1.0.0 amd64 1.0.1f-1ubuntu2.21 [830 kB]
    my-ubuntu-14.04-server-amd64: Get:11 http://archive.ubuntu.com/ubuntu/ trusty-updates/main libpython3.4-minimal amd64 3.4.3-1ubuntu1~14.04.4 [462 kB]
    my-ubuntu-14.04-server-amd64: Get:12 http://archive.ubuntu.com/ubuntu/ trusty-updates/main ntpdate amd64 1:4.2.6.p5+dfsg-3ubuntu2.14.04.10 [57.7 kB]
    my-ubuntu-14.04-server-amd64: Get:13 http://archive.ubuntu.com/ubuntu/ trusty-updates/main libdbus-1-3 amd64 1.6.18-0ubuntu4.4 [132 kB]
    my-ubuntu-14.04-server-amd64: Get:14 http://archive.ubuntu.com/ubuntu/ trusty-updates/main libidn11 amd64 1.28-1ubuntu2.1 [94.4 kB]
    my-ubuntu-14.04-server-amd64: Get:15 http://archive.ubuntu.com/ubuntu/ trusty-updates/main libcurl3-gnutls amd64 7.35.0-1ubuntu2.10 [166 kB]
    my-ubuntu-14.04-server-amd64: Get:16 http://archive.ubuntu.com/ubuntu/ trusty-updates/main libnl-genl-3-200 amd64 3.2.21-1ubuntu4 [10.2 kB]
    my-ubuntu-14.04-server-amd64: Get:17 http://archive.ubuntu.com/ubuntu/ trusty-updates/main libnl-3-200 amd64 3.2.21-1ubuntu4 [45.6 kB]
    my-ubuntu-14.04-server-amd64: Get:18 http://archive.ubuntu.com/ubuntu/ trusty-updates/main lsb-base all 4.1+Debian11ubuntu6.2 [13.3 kB]
    my-ubuntu-14.04-server-amd64: Get:19 http://archive.ubuntu.com/ubuntu/ trusty-updates/main tzdata all 2016h-0ubuntu0.14.04 [166 kB]
    my-ubuntu-14.04-server-amd64: Get:20 http://archive.ubuntu.com/ubuntu/ trusty-updates/main apt-utils amd64 1.0.1ubuntu2.15 [172 kB]
    my-ubuntu-14.04-server-amd64: Get:21 http://archive.ubuntu.com/ubuntu/ trusty-updates/main isc-dhcp-client amd64 4.2.4-7ubuntu12.7 [639 kB]
    my-ubuntu-14.04-server-amd64: Get:22 http://archive.ubuntu.com/ubuntu/ trusty-updates/main isc-dhcp-common amd64 4.2.4-7ubuntu12.7 [708 kB]
    my-ubuntu-14.04-server-amd64: Get:23 http://archive.ubuntu.com/ubuntu/ trusty-updates/main lsb-release all 4.1+Debian11ubuntu6.2 [11.6 kB]
    my-ubuntu-14.04-server-amd64: Get:24 http://archive.ubuntu.com/ubuntu/ trusty-updates/main sudo amd64 1.8.9p5-1ubuntu1.3 [342 kB]
    my-ubuntu-14.04-server-amd64: Get:25 http://archive.ubuntu.com/ubuntu/ trusty-updates/main klibc-utils amd64 2.0.3-0ubuntu1.14.04.2 [107 kB]
    my-ubuntu-14.04-server-amd64: Get:26 http://archive.ubuntu.com/ubuntu/ trusty-updates/main libklibc amd64 2.0.3-0ubuntu1.14.04.2 [40.6 kB]
    my-ubuntu-14.04-server-amd64: Get:27 http://archive.ubuntu.com/ubuntu/ trusty-updates/main accountsservice amd64 0.6.35-0ubuntu7.3 [60.6 kB]
    my-ubuntu-14.04-server-amd64: Get:28 http://archive.ubuntu.com/ubuntu/ trusty-updates/main libaccountsservice0 amd64 0.6.35-0ubuntu7.3 [69.8 kB]
    my-ubuntu-14.04-server-amd64: Get:29 http://archive.ubuntu.com/ubuntu/ trusty-updates/main dbus amd64 1.6.18-0ubuntu4.4 [231 kB]
    my-ubuntu-14.04-server-amd64: Get:30 http://archive.ubuntu.com/ubuntu/ trusty-updates/main apt-transport-https amd64 1.0.1ubuntu2.15 [25.0 kB]
    my-ubuntu-14.04-server-amd64: Get:31 http://archive.ubuntu.com/ubuntu/ trusty-updates/main bind9-host amd64 1:9.9.5.dfsg-3ubuntu0.10 [46.5 kB]
    my-ubuntu-14.04-server-amd64: Get:32 http://archive.ubuntu.com/ubuntu/ trusty-updates/main dnsutils amd64 1:9.9.5.dfsg-3ubuntu0.10 [97.0 kB]
    my-ubuntu-14.04-server-amd64: Get:33 http://archive.ubuntu.com/ubuntu/ trusty-updates/main libisc95 amd64 1:9.9.5.dfsg-3ubuntu0.10 [148 kB]
    my-ubuntu-14.04-server-amd64: Get:34 http://archive.ubuntu.com/ubuntu/ trusty-updates/main libdns100 amd64 1:9.9.5.dfsg-3ubuntu0.10 [645 kB]
    my-ubuntu-14.04-server-amd64: Get:35 http://archive.ubuntu.com/ubuntu/ trusty-updates/main libisccc90 amd64 1:9.9.5.dfsg-3ubuntu0.10 [15.7 kB]
    my-ubuntu-14.04-server-amd64: Get:36 http://archive.ubuntu.com/ubuntu/ trusty-updates/main libisccfg90 amd64 1:9.9.5.dfsg-3ubuntu0.10 [36.0 kB]
    my-ubuntu-14.04-server-amd64: Get:37 http://archive.ubuntu.com/ubuntu/ trusty-updates/main liblwres90 amd64 1:9.9.5.dfsg-3ubuntu0.10 [32.6 kB]
    my-ubuntu-14.04-server-amd64: Get:38 http://archive.ubuntu.com/ubuntu/ trusty-updates/main libbind9-90 amd64 1:9.9.5.dfsg-3ubuntu0.10 [22.0 kB]
    my-ubuntu-14.04-server-amd64: Get:39 http://archive.ubuntu.com/ubuntu/ trusty-updates/main openssl amd64 1.0.1f-1ubuntu2.21 [489 kB]
    my-ubuntu-14.04-server-amd64: Get:40 http://archive.ubuntu.com/ubuntu/ trusty-updates/main python3-update-manager all 1:0.196.22 [32.0 kB]
    my-ubuntu-14.04-server-amd64: Get:41 http://archive.ubuntu.com/ubuntu/ trusty-updates/main update-manager-core all 1:0.196.22 [8,196 B]
    my-ubuntu-14.04-server-amd64: Extracting templates from packages: 100%
    my-ubuntu-14.04-server-amd64: Preconfiguring packages ...
    my-ubuntu-14.04-server-amd64: Fetched 12.0 MB in 5s (2,315 kB/s)
    my-ubuntu-14.04-server-amd64: (Reading database ... 54198 files and directories currently installed.)
    my-ubuntu-14.04-server-amd64: Preparing to unpack .../libapt-pkg4.12_1.0.1ubuntu2.15_amd64.deb ...
    my-ubuntu-14.04-server-amd64: Unpacking libapt-pkg4.12:amd64 (1.0.1ubuntu2.15) over (1.0.1ubuntu2.14) ...
    my-ubuntu-14.04-server-amd64: Setting up libapt-pkg4.12:amd64 (1.0.1ubuntu2.15) ...
    my-ubuntu-14.04-server-amd64: Processing triggers for libc-bin (2.19-0ubuntu6.9) ...
    my-ubuntu-14.04-server-amd64: (Reading database ... 54198 files and directories currently installed.)
    my-ubuntu-14.04-server-amd64: Preparing to unpack .../gpgv_1.4.16-1ubuntu2.4_amd64.deb ...
    my-ubuntu-14.04-server-amd64: Unpacking gpgv (1.4.16-1ubuntu2.4) over (1.4.16-1ubuntu2.3) ...
    my-ubuntu-14.04-server-amd64: Processing triggers for man-db (2.6.7.1-1ubuntu1) ...
    my-ubuntu-14.04-server-amd64: Setting up gpgv (1.4.16-1ubuntu2.4) ...
    my-ubuntu-14.04-server-amd64: (Reading database ... 54198 files and directories currently installed.)
    my-ubuntu-14.04-server-amd64: Preparing to unpack .../gnupg_1.4.16-1ubuntu2.4_amd64.deb ...
    my-ubuntu-14.04-server-amd64: Unpacking gnupg (1.4.16-1ubuntu2.4) over (1.4.16-1ubuntu2.3) ...
    my-ubuntu-14.04-server-amd64: Processing triggers for install-info (5.2.0.dfsg.1-2) ...
    my-ubuntu-14.04-server-amd64: Processing triggers for man-db (2.6.7.1-1ubuntu1) ...
    my-ubuntu-14.04-server-amd64: Setting up gnupg (1.4.16-1ubuntu2.4) ...
    my-ubuntu-14.04-server-amd64: (Reading database ... 54198 files and directories currently installed.)
    my-ubuntu-14.04-server-amd64: Preparing to unpack .../apt_1.0.1ubuntu2.15_amd64.deb ...
    my-ubuntu-14.04-server-amd64: Unpacking apt (1.0.1ubuntu2.15) over (1.0.1ubuntu2.14) ...
    my-ubuntu-14.04-server-amd64: Processing triggers for man-db (2.6.7.1-1ubuntu1) ...
    my-ubuntu-14.04-server-amd64: Setting up apt (1.0.1ubuntu2.15) ...
    my-ubuntu-14.04-server-amd64: Processing triggers for libc-bin (2.19-0ubuntu6.9) ...
    my-ubuntu-14.04-server-amd64: (Reading database ... 54198 files and directories currently installed.)
    my-ubuntu-14.04-server-amd64: Preparing to unpack .../libapt-inst1.5_1.0.1ubuntu2.15_amd64.deb ...
    my-ubuntu-14.04-server-amd64: Unpacking libapt-inst1.5:amd64 (1.0.1ubuntu2.15) over (1.0.1ubuntu2.14) ...
    my-ubuntu-14.04-server-amd64: Preparing to unpack .../libgcrypt11_1.5.3-2ubuntu4.4_amd64.deb ...
    my-ubuntu-14.04-server-amd64: Unpacking libgcrypt11:amd64 (1.5.3-2ubuntu4.4) over (1.5.3-2ubuntu4.3) ...
    my-ubuntu-14.04-server-amd64: Preparing to unpack .../python3.4_3.4.3-1ubuntu1~14.04.4_amd64.deb ...
    my-ubuntu-14.04-server-amd64: Unpacking python3.4 (3.4.3-1ubuntu1~14.04.4) over (3.4.3-1ubuntu1~14.04.3) ...
    my-ubuntu-14.04-server-amd64: Preparing to unpack .../python3.4-minimal_3.4.3-1ubuntu1~14.04.4_amd64.deb ...
    my-ubuntu-14.04-server-amd64: Unpacking python3.4-minimal (3.4.3-1ubuntu1~14.04.4) over (3.4.3-1ubuntu1~14.04.3) ...
    my-ubuntu-14.04-server-amd64: Preparing to unpack .../libpython3.4-stdlib_3.4.3-1ubuntu1~14.04.4_amd64.deb ...
    my-ubuntu-14.04-server-amd64: Unpacking libpython3.4-stdlib:amd64 (3.4.3-1ubuntu1~14.04.4) over (3.4.3-1ubuntu1~14.04.3) ...
    my-ubuntu-14.04-server-amd64: Preparing to unpack .../libssl1.0.0_1.0.1f-1ubuntu2.21_amd64.deb ...
    my-ubuntu-14.04-server-amd64: Unpacking libssl1.0.0:amd64 (1.0.1f-1ubuntu2.21) over (1.0.1f-1ubuntu2.19) ...
    my-ubuntu-14.04-server-amd64: Preparing to unpack .../libpython3.4-minimal_3.4.3-1ubuntu1~14.04.4_amd64.deb ...
    my-ubuntu-14.04-server-amd64: Unpacking libpython3.4-minimal:amd64 (3.4.3-1ubuntu1~14.04.4) over (3.4.3-1ubuntu1~14.04.3) ...
    my-ubuntu-14.04-server-amd64: Preparing to unpack .../ntpdate_1%3a4.2.6.p5+dfsg-3ubuntu2.14.04.10_amd64.deb ...
    my-ubuntu-14.04-server-amd64: Unpacking ntpdate (1:4.2.6.p5+dfsg-3ubuntu2.14.04.10) over (1:4.2.6.p5+dfsg-3ubuntu2.14.04.8) ...
    my-ubuntu-14.04-server-amd64: Preparing to unpack .../libdbus-1-3_1.6.18-0ubuntu4.4_amd64.deb ...
    my-ubuntu-14.04-server-amd64: Unpacking libdbus-1-3:amd64 (1.6.18-0ubuntu4.4) over (1.6.18-0ubuntu4.3) ...
    my-ubuntu-14.04-server-amd64: Preparing to unpack .../libidn11_1.28-1ubuntu2.1_amd64.deb ...
    my-ubuntu-14.04-server-amd64: Unpacking libidn11:amd64 (1.28-1ubuntu2.1) over (1.28-1ubuntu2) ...
    my-ubuntu-14.04-server-amd64: Preparing to unpack .../libcurl3-gnutls_7.35.0-1ubuntu2.10_amd64.deb ...
    my-ubuntu-14.04-server-amd64: Unpacking libcurl3-gnutls:amd64 (7.35.0-1ubuntu2.10) over (7.35.0-1ubuntu2.7) ...
    my-ubuntu-14.04-server-amd64: Preparing to unpack .../libnl-genl-3-200_3.2.21-1ubuntu4_amd64.deb ...
    my-ubuntu-14.04-server-amd64: Unpacking libnl-genl-3-200:amd64 (3.2.21-1ubuntu4) over (3.2.21-1ubuntu3) ...
    my-ubuntu-14.04-server-amd64: Preparing to unpack .../libnl-3-200_3.2.21-1ubuntu4_amd64.deb ...
    my-ubuntu-14.04-server-amd64: Unpacking libnl-3-200:amd64 (3.2.21-1ubuntu4) over (3.2.21-1ubuntu3) ...
    my-ubuntu-14.04-server-amd64: Preparing to unpack .../lsb-base_4.1+Debian11ubuntu6.2_all.deb ...
    my-ubuntu-14.04-server-amd64: Unpacking lsb-base (4.1+Debian11ubuntu6.2) over (4.1+Debian11ubuntu6.1) ...
    my-ubuntu-14.04-server-amd64: Processing triggers for mime-support (3.54ubuntu1.1) ...
    my-ubuntu-14.04-server-amd64: Processing triggers for man-db (2.6.7.1-1ubuntu1) ...
    my-ubuntu-14.04-server-amd64: Setting up lsb-base (4.1+Debian11ubuntu6.2) ...
    my-ubuntu-14.04-server-amd64: (Reading database ... 54198 files and directories currently installed.)
    my-ubuntu-14.04-server-amd64: Preparing to unpack .../tzdata_2016h-0ubuntu0.14.04_all.deb ...
    my-ubuntu-14.04-server-amd64: Unpacking tzdata (2016h-0ubuntu0.14.04) over (2016f-0ubuntu0.14.04) ...
    my-ubuntu-14.04-server-amd64: Setting up tzdata (2016h-0ubuntu0.14.04) ...
    my-ubuntu-14.04-server-amd64:
    my-ubuntu-14.04-server-amd64: Current default time zone: 'Etc/UTC'
    my-ubuntu-14.04-server-amd64: Local time is now:      Thu Nov 17 20:24:38 UTC 2016.
    my-ubuntu-14.04-server-amd64: Universal Time is now:  Thu Nov 17 20:24:38 UTC 2016.
    my-ubuntu-14.04-server-amd64: Run 'dpkg-reconfigure tzdata' if you wish to change it.
    my-ubuntu-14.04-server-amd64:
    my-ubuntu-14.04-server-amd64: (Reading database ... 54201 files and directories currently installed.)
    my-ubuntu-14.04-server-amd64: Preparing to unpack .../apt-utils_1.0.1ubuntu2.15_amd64.deb ...
    my-ubuntu-14.04-server-amd64: Unpacking apt-utils (1.0.1ubuntu2.15) over (1.0.1ubuntu2.14) ...
    my-ubuntu-14.04-server-amd64: Preparing to unpack .../isc-dhcp-client_4.2.4-7ubuntu12.7_amd64.deb ...
    my-ubuntu-14.04-server-amd64: Unpacking isc-dhcp-client (4.2.4-7ubuntu12.7) over (4.2.4-7ubuntu12.5) ...
    my-ubuntu-14.04-server-amd64: Preparing to unpack .../isc-dhcp-common_4.2.4-7ubuntu12.7_amd64.deb ...
    my-ubuntu-14.04-server-amd64: Unpacking isc-dhcp-common (4.2.4-7ubuntu12.7) over (4.2.4-7ubuntu12.5) ...
    my-ubuntu-14.04-server-amd64: Preparing to unpack .../lsb-release_4.1+Debian11ubuntu6.2_all.deb ...
    my-ubuntu-14.04-server-amd64: Unpacking lsb-release (4.1+Debian11ubuntu6.2) over (4.1+Debian11ubuntu6.1) ...
    my-ubuntu-14.04-server-amd64: Preparing to unpack .../sudo_1.8.9p5-1ubuntu1.3_amd64.deb ...
    my-ubuntu-14.04-server-amd64: Unpacking sudo (1.8.9p5-1ubuntu1.3) over (1.8.9p5-1ubuntu1.2) ...
    my-ubuntu-14.04-server-amd64: Preparing to unpack .../klibc-utils_2.0.3-0ubuntu1.14.04.2_amd64.deb ...
    my-ubuntu-14.04-server-amd64: Unpacking klibc-utils (2.0.3-0ubuntu1.14.04.2) over (2.0.3-0ubuntu1.14.04.1) ...
    my-ubuntu-14.04-server-amd64: Preparing to unpack .../libklibc_2.0.3-0ubuntu1.14.04.2_amd64.deb ...
    my-ubuntu-14.04-server-amd64: Unpacking libklibc (2.0.3-0ubuntu1.14.04.2) over (2.0.3-0ubuntu1.14.04.1) ...
    my-ubuntu-14.04-server-amd64: Preparing to unpack .../accountsservice_0.6.35-0ubuntu7.3_amd64.deb ...
    my-ubuntu-14.04-server-amd64: Unpacking accountsservice (0.6.35-0ubuntu7.3) over (0.6.35-0ubuntu7.2) ...
    my-ubuntu-14.04-server-amd64: Preparing to unpack .../libaccountsservice0_0.6.35-0ubuntu7.3_amd64.deb ...
    my-ubuntu-14.04-server-amd64: Unpacking libaccountsservice0:amd64 (0.6.35-0ubuntu7.3) over (0.6.35-0ubuntu7.2) ...
    my-ubuntu-14.04-server-amd64: Preparing to unpack .../dbus_1.6.18-0ubuntu4.4_amd64.deb ...
    my-ubuntu-14.04-server-amd64: Unpacking dbus (1.6.18-0ubuntu4.4) over (1.6.18-0ubuntu4.3) ...
    my-ubuntu-14.04-server-amd64: Preparing to unpack .../apt-transport-https_1.0.1ubuntu2.15_amd64.deb ...
    my-ubuntu-14.04-server-amd64: Unpacking apt-transport-https (1.0.1ubuntu2.15) over (1.0.1ubuntu2.14) ...
    my-ubuntu-14.04-server-amd64: Preparing to unpack .../bind9-host_1%3a9.9.5.dfsg-3ubuntu0.10_amd64.deb ...
    my-ubuntu-14.04-server-amd64: Unpacking bind9-host (1:9.9.5.dfsg-3ubuntu0.10) over (1:9.9.5.dfsg-3ubuntu0.8) ...
    my-ubuntu-14.04-server-amd64: Preparing to unpack .../dnsutils_1%3a9.9.5.dfsg-3ubuntu0.10_amd64.deb ...
    my-ubuntu-14.04-server-amd64: Unpacking dnsutils (1:9.9.5.dfsg-3ubuntu0.10) over (1:9.9.5.dfsg-3ubuntu0.8) ...
    my-ubuntu-14.04-server-amd64: Preparing to unpack .../libisc95_1%3a9.9.5.dfsg-3ubuntu0.10_amd64.deb ...
    my-ubuntu-14.04-server-amd64: Unpacking libisc95 (1:9.9.5.dfsg-3ubuntu0.10) over (1:9.9.5.dfsg-3ubuntu0.8) ...
    my-ubuntu-14.04-server-amd64: Preparing to unpack .../libdns100_1%3a9.9.5.dfsg-3ubuntu0.10_amd64.deb ...
    my-ubuntu-14.04-server-amd64: Unpacking libdns100 (1:9.9.5.dfsg-3ubuntu0.10) over (1:9.9.5.dfsg-3ubuntu0.8) ...
    my-ubuntu-14.04-server-amd64: Preparing to unpack .../libisccc90_1%3a9.9.5.dfsg-3ubuntu0.10_amd64.deb ...
    my-ubuntu-14.04-server-amd64: Unpacking libisccc90 (1:9.9.5.dfsg-3ubuntu0.10) over (1:9.9.5.dfsg-3ubuntu0.8) ...
    my-ubuntu-14.04-server-amd64: Preparing to unpack .../libisccfg90_1%3a9.9.5.dfsg-3ubuntu0.10_amd64.deb ...
    my-ubuntu-14.04-server-amd64: Unpacking libisccfg90 (1:9.9.5.dfsg-3ubuntu0.10) over (1:9.9.5.dfsg-3ubuntu0.8) ...
    my-ubuntu-14.04-server-amd64: Preparing to unpack .../liblwres90_1%3a9.9.5.dfsg-3ubuntu0.10_amd64.deb ...
    my-ubuntu-14.04-server-amd64: Unpacking liblwres90 (1:9.9.5.dfsg-3ubuntu0.10) over (1:9.9.5.dfsg-3ubuntu0.8) ...
    my-ubuntu-14.04-server-amd64: Preparing to unpack .../libbind9-90_1%3a9.9.5.dfsg-3ubuntu0.10_amd64.deb ...
    my-ubuntu-14.04-server-amd64: Unpacking libbind9-90 (1:9.9.5.dfsg-3ubuntu0.10) over (1:9.9.5.dfsg-3ubuntu0.8) ...
    my-ubuntu-14.04-server-amd64: Preparing to unpack .../openssl_1.0.1f-1ubuntu2.21_amd64.deb ...
    my-ubuntu-14.04-server-amd64: Unpacking openssl (1.0.1f-1ubuntu2.21) over (1.0.1f-1ubuntu2.19) ...
    my-ubuntu-14.04-server-amd64: Preparing to unpack .../python3-update-manager_1%3a0.196.22_all.deb ...
    my-ubuntu-14.04-server-amd64: Unpacking python3-update-manager (1:0.196.22) over (1:0.196.14) ...
    my-ubuntu-14.04-server-amd64: Preparing to unpack .../update-manager-core_1%3a0.196.22_all.deb ...
    my-ubuntu-14.04-server-amd64: Unpacking update-manager-core (1:0.196.22) over (1:0.196.14) ...
    my-ubuntu-14.04-server-amd64: Processing triggers for man-db (2.6.7.1-1ubuntu1) ...
    my-ubuntu-14.04-server-amd64: Processing triggers for ureadahead (0.100.0-16) ...
    my-ubuntu-14.04-server-amd64: ureadahead will be reprofiled on next reboot
    my-ubuntu-14.04-server-amd64: Setting up libapt-inst1.5:amd64 (1.0.1ubuntu2.15) ...
    my-ubuntu-14.04-server-amd64: Setting up libgcrypt11:amd64 (1.5.3-2ubuntu4.4) ...
    my-ubuntu-14.04-server-amd64: Setting up libssl1.0.0:amd64 (1.0.1f-1ubuntu2.21) ...
    my-ubuntu-14.04-server-amd64: Setting up libpython3.4-minimal:amd64 (3.4.3-1ubuntu1~14.04.4) ...
    my-ubuntu-14.04-server-amd64: Setting up python3.4-minimal (3.4.3-1ubuntu1~14.04.4) ...
    my-ubuntu-14.04-server-amd64: Setting up libpython3.4-stdlib:amd64 (3.4.3-1ubuntu1~14.04.4) ...
    my-ubuntu-14.04-server-amd64: Setting up python3.4 (3.4.3-1ubuntu1~14.04.4) ...
    my-ubuntu-14.04-server-amd64: Setting up ntpdate (1:4.2.6.p5+dfsg-3ubuntu2.14.04.10) ...
    my-ubuntu-14.04-server-amd64: Setting up libdbus-1-3:amd64 (1.6.18-0ubuntu4.4) ...
    my-ubuntu-14.04-server-amd64: Setting up libidn11:amd64 (1.28-1ubuntu2.1) ...
    my-ubuntu-14.04-server-amd64: Setting up libcurl3-gnutls:amd64 (7.35.0-1ubuntu2.10) ...
    my-ubuntu-14.04-server-amd64: Setting up libnl-3-200:amd64 (3.2.21-1ubuntu4) ...
    my-ubuntu-14.04-server-amd64: Setting up libnl-genl-3-200:amd64 (3.2.21-1ubuntu4) ...
    my-ubuntu-14.04-server-amd64: Setting up apt-utils (1.0.1ubuntu2.15) ...
    my-ubuntu-14.04-server-amd64: Setting up isc-dhcp-common (4.2.4-7ubuntu12.7) ...
    my-ubuntu-14.04-server-amd64: Setting up isc-dhcp-client (4.2.4-7ubuntu12.7) ...
    my-ubuntu-14.04-server-amd64: Setting up lsb-release (4.1+Debian11ubuntu6.2) ...
    my-ubuntu-14.04-server-amd64: Setting up sudo (1.8.9p5-1ubuntu1.3) ...
    my-ubuntu-14.04-server-amd64: Installing new version of config file /etc/sudoers ...
    my-ubuntu-14.04-server-amd64: Setting up libklibc (2.0.3-0ubuntu1.14.04.2) ...
    my-ubuntu-14.04-server-amd64: Setting up klibc-utils (2.0.3-0ubuntu1.14.04.2) ...
    my-ubuntu-14.04-server-amd64: Setting up dbus (1.6.18-0ubuntu4.4) ...
    my-ubuntu-14.04-server-amd64: Installing new version of config file /etc/dbus-1/system.conf ...
    my-ubuntu-14.04-server-amd64: Setting up libaccountsservice0:amd64 (0.6.35-0ubuntu7.3) ...
    my-ubuntu-14.04-server-amd64: Setting up accountsservice (0.6.35-0ubuntu7.3) ...
    my-ubuntu-14.04-server-amd64: Setting up apt-transport-https (1.0.1ubuntu2.15) ...
    my-ubuntu-14.04-server-amd64: Setting up libisc95 (1:9.9.5.dfsg-3ubuntu0.10) ...
    my-ubuntu-14.04-server-amd64: Setting up libdns100 (1:9.9.5.dfsg-3ubuntu0.10) ...
    my-ubuntu-14.04-server-amd64: Setting up libisccc90 (1:9.9.5.dfsg-3ubuntu0.10) ...
    my-ubuntu-14.04-server-amd64: Setting up libisccfg90 (1:9.9.5.dfsg-3ubuntu0.10) ...
    my-ubuntu-14.04-server-amd64: Setting up libbind9-90 (1:9.9.5.dfsg-3ubuntu0.10) ...
    my-ubuntu-14.04-server-amd64: Setting up liblwres90 (1:9.9.5.dfsg-3ubuntu0.10) ...
    my-ubuntu-14.04-server-amd64: Setting up bind9-host (1:9.9.5.dfsg-3ubuntu0.10) ...
    my-ubuntu-14.04-server-amd64: Setting up dnsutils (1:9.9.5.dfsg-3ubuntu0.10) ...
    my-ubuntu-14.04-server-amd64: Setting up openssl (1.0.1f-1ubuntu2.21) ...
    my-ubuntu-14.04-server-amd64: Setting up python3-update-manager (1:0.196.22) ...
    my-ubuntu-14.04-server-amd64: Setting up update-manager-core (1:0.196.22) ...
    my-ubuntu-14.04-server-amd64: Processing triggers for libc-bin (2.19-0ubuntu6.9) ...
==> my-ubuntu-14.04-server-amd64: Provisioning with shell script: scripts/linux-common/vagrant.sh
    my-ubuntu-14.04-server-amd64: [sudo] password for vagrant: + date
    my-ubuntu-14.04-server-amd64: + SSH_USER=vagrant
    my-ubuntu-14.04-server-amd64: ==> Giving vagrant sudo powers
    my-ubuntu-14.04-server-amd64: + SSH_USER_HOME=/home/vagrant
    my-ubuntu-14.04-server-amd64: + VAGRANT_INSECURE_KEY='ssh-rsa AAAAB3NzaC1yc2EAAAABIwAAAQEA6NF8iallvQVp22WDkTkyrtvp9eWW6A8YVr+kz4TjGYe7gHzIw+niNltGEFHzD8+v1I2YJ6oXevct1YeS0o9HZyN1Q9qgCgzUFtdOKLv6IedplqoPkcmF0aYet2PkEDo3MlTBckFXPITAMzF8dJSIFo9D8HfdOV0IAdx4O7PtixWKn5y2hMNG0zQPyUecp4pzC6kivAIhyfHilFR61RGL+GPXQ2MWZWFYbAGjyiYJnAmCP3NOTd0jMZEnDkbUvxhMmBYSdETk1rRgm+R4LOzFUGaHqHDLKLX+FIPKcF96hrucXzcWyLbIbEgE98OHlnVYCzRdK8jlqm8tehUc9c9WhQ== vagrant insecure public key'
    my-ubuntu-14.04-server-amd64: + echo '==> Giving vagrant sudo powers'
    my-ubuntu-14.04-server-amd64: ==> Installing vagrant key
    my-ubuntu-14.04-server-amd64: + echo 'vagrant        ALL=(ALL)       NOPASSWD: ALL'
    my-ubuntu-14.04-server-amd64: + echo '==> Installing vagrant key'
    my-ubuntu-14.04-server-amd64: + mkdir /home/vagrant/.ssh
    my-ubuntu-14.04-server-amd64: + chmod 700 /home/vagrant/.ssh
    my-ubuntu-14.04-server-amd64: + cd /home/vagrant/.ssh
    my-ubuntu-14.04-server-amd64: + echo 'ssh-rsa AAAAB3NzaC1yc2EAAAABIwAAAQEA6NF8iallvQVp22WDkTkyrtvp9eWW6A8YVr+kz4TjGYe7gHzIw+niNltGEFHzD8+v1I2YJ6oXevct1YeS0o9HZyN1Q9qgCgzUFtdOKLv6IedplqoPkcmF0aYet2PkEDo3MlTBckFXPITAMzF8dJSIFo9D8HfdOV0IAdx4O7PtixWKn5y2hMNG0zQPyUecp4pzC6kivAIhyfHilFR61RGL+GPXQ2MWZWFYbAGjyiYJnAmCP3NOTd0jMZEnDkbUvxhMmBYSdETk1rRgm+R4LOzFUGaHqHDLKLX+FIPKcF96hrucXzcWyLbIbEgE98OHlnVYCzRdK8jlqm8tehUc9c9WhQ== vagrant insecure public key'
    my-ubuntu-14.04-server-amd64: + chmod 600 /home/vagrant/.ssh/authorized_keys
    my-ubuntu-14.04-server-amd64: + chown -R vagrant:vagrant /home/vagrant/.ssh
==> my-ubuntu-14.04-server-amd64: Provisioning with shell script: /var/tmp/packer-shell231797608
    my-ubuntu-14.04-server-amd64: Reading package lists...
    my-ubuntu-14.04-server-amd64: Building dependency tree...
    my-ubuntu-14.04-server-amd64: Reading state information...
    my-ubuntu-14.04-server-amd64: aptitude is already the newest version.
    my-ubuntu-14.04-server-amd64: aptitude set to manually installed.
    my-ubuntu-14.04-server-amd64: python is already the newest version.
    my-ubuntu-14.04-server-amd64: 0 upgraded, 0 newly installed, 0 to remove and 3 not upgraded.
==> my-ubuntu-14.04-server-amd64: Provisioning with Ansible...
==> my-ubuntu-14.04-server-amd64: Executing Ansible: ansible-playbook /home/ruzickap/data/github/packer-templates/ansible/site.yml -i /var/tmp/packer-provisioner-ansible502539865 --private-key /var/tmp/ansible-key478363234
==> my-ubuntu-14.04-server-amd64: SSH proxy: serving on 127.0.0.1:43039
    my-ubuntu-14.04-server-amd64:
    my-ubuntu-14.04-server-amd64: PLAY [all] *********************************************************************
    my-ubuntu-14.04-server-amd64:
    my-ubuntu-14.04-server-amd64: TASK [setup] *******************************************************************
    my-ubuntu-14.04-server-amd64: SSH proxy: accepted connection
==> my-ubuntu-14.04-server-amd64: authentication attempt from 127.0.0.1:34910 to 127.0.0.1:43039 as vagrant using none
==> my-ubuntu-14.04-server-amd64: unauthorized key
==> my-ubuntu-14.04-server-amd64: authentication attempt from 127.0.0.1:34910 to 127.0.0.1:43039 as vagrant using publickey
==> my-ubuntu-14.04-server-amd64: unauthorized key
==> my-ubuntu-14.04-server-amd64: authentication attempt from 127.0.0.1:34910 to 127.0.0.1:43039 as vagrant using publickey
==> my-ubuntu-14.04-server-amd64: unauthorized key
==> my-ubuntu-14.04-server-amd64: authentication attempt from 127.0.0.1:34910 to 127.0.0.1:43039 as vagrant using publickey
==> my-ubuntu-14.04-server-amd64: authentication attempt from 127.0.0.1:34910 to 127.0.0.1:43039 as vagrant using publickey
    my-ubuntu-14.04-server-amd64: ok: [default]
    my-ubuntu-14.04-server-amd64:
    my-ubuntu-14.04-server-amd64: TASK [common_defaults : Include OS-specific variables] *************************
    my-ubuntu-14.04-server-amd64: ok: [default]
    my-ubuntu-14.04-server-amd64:
    my-ubuntu-14.04-server-amd64: TASK [common_defaults : Update repositories] ***********************************
    my-ubuntu-14.04-server-amd64: changed: [default]
    my-ubuntu-14.04-server-amd64:
    my-ubuntu-14.04-server-amd64: TASK [common_defaults : Install EPEL repo.] ************************************
    my-ubuntu-14.04-server-amd64: skipping: [default]
    my-ubuntu-14.04-server-amd64:
    my-ubuntu-14.04-server-amd64: TASK [common_defaults : Import EPEL GPG key.] **********************************
    my-ubuntu-14.04-server-amd64: skipping: [default]
    my-ubuntu-14.04-server-amd64:
    my-ubuntu-14.04-server-amd64: TASK [common_defaults : Install common packages] *******************************
    my-ubuntu-14.04-server-amd64: changed: [default] => (item=[u'acpid', u'atop', u'bash-completion', u'byobu', u'cloud-init', u'curl', u'dstat', u'ethtool', u'haveged', u'htop', u'iftop', u'iotop', u'lftp', u'logrotate', u'logwatch', u'lshw', u'lsof', u'man', u'mc', u'mlocate', u'mutt', u'nmap', u'ntp', u'ntpdate', u'openssh-server', u'parted', u'postfix', u'rsync', u'screen', u'strace', u'sysstat', u'tcpdump', u'telnet', u'tmux', u'traceroute', u'aptitude', u'cloud-initramfs-growroot', u'debconf-utils', u'dnsutils', u'bsd-mailx', u'linux-virtual', u'mtr-tiny', u'snmp', u'snmpd', u'sosreport', u'tcpflow', u'tmpreaper', u'unattended-upgrades', u'update-notifier-common', u'vim'])
    my-ubuntu-14.04-server-amd64:
    my-ubuntu-14.04-server-amd64: TASK [common_defaults : Chnage root password] **********************************
    my-ubuntu-14.04-server-amd64: changed: [default]
    my-ubuntu-14.04-server-amd64:
    my-ubuntu-14.04-server-amd64: TASK [common_defaults : Disable mouse in mc (/etc/profile.d/mc.sh)] ************
==> my-ubuntu-14.04-server-amd64: starting sftp subsystem
    my-ubuntu-14.04-server-amd64: changed: [default]
    my-ubuntu-14.04-server-amd64:
    my-ubuntu-14.04-server-amd64: TASK [common_defaults : Create directory "/etc/skel/.config/mc"] ***************
    my-ubuntu-14.04-server-amd64: changed: [default]
    my-ubuntu-14.04-server-amd64:
    my-ubuntu-14.04-server-amd64: TASK [common_defaults : Create directory for mc inside /etc/skel] **************
==> my-ubuntu-14.04-server-amd64: starting sftp subsystem
    my-ubuntu-14.04-server-amd64: changed: [default]
    my-ubuntu-14.04-server-amd64:
    my-ubuntu-14.04-server-amd64: TASK [common_defaults : Check if user dirctory exists] *************************
    my-ubuntu-14.04-server-amd64: ok: [default] => (item=/home/ubuntu)
    my-ubuntu-14.04-server-amd64: ok: [default] => (item=/home/centos)
    my-ubuntu-14.04-server-amd64: ok: [default] => (item=/home/vagrant)
    my-ubuntu-14.04-server-amd64: ok: [default] => (item=/root)
    my-ubuntu-14.04-server-amd64:
    my-ubuntu-14.04-server-amd64: TASK [common_defaults : Copy /etc/skel/.config/ directory to root] *************
    my-ubuntu-14.04-server-amd64: skipping: [default] => (item=/home/ubuntu)
    my-ubuntu-14.04-server-amd64: skipping: [default] => (item=/home/centos)
    my-ubuntu-14.04-server-amd64: changed: [default] => (item=/home/vagrant)
    my-ubuntu-14.04-server-amd64: changed: [default] => (item=/root)
    my-ubuntu-14.04-server-amd64:
    my-ubuntu-14.04-server-amd64: TASK [common_defaults : Change owner for skel_copy_users/.config] **************
    my-ubuntu-14.04-server-amd64: skipping: [default] => (item=/home/ubuntu)
    my-ubuntu-14.04-server-amd64: skipping: [default] => (item=/home/centos)
    my-ubuntu-14.04-server-amd64: changed: [default] => (item=/home/vagrant)
    my-ubuntu-14.04-server-amd64: ok: [default] => (item=/root)
    my-ubuntu-14.04-server-amd64:
    my-ubuntu-14.04-server-amd64: TASK [common_defaults : Change rights for skel_copy_users/.config] *************
    my-ubuntu-14.04-server-amd64: skipping: [default] => (item=/home/ubuntu)
    my-ubuntu-14.04-server-amd64: skipping: [default] => (item=/home/centos)
    my-ubuntu-14.04-server-amd64: changed: [default] => (item=/home/vagrant)
    my-ubuntu-14.04-server-amd64: changed: [default] => (item=/root)
    my-ubuntu-14.04-server-amd64:
    my-ubuntu-14.04-server-amd64: TASK [common_defaults : Set format for history command (/etc/profile.d/history_format.sh)] ***
==> my-ubuntu-14.04-server-amd64: starting sftp subsystem
    my-ubuntu-14.04-server-amd64: changed: [default]
    my-ubuntu-14.04-server-amd64:
    my-ubuntu-14.04-server-amd64: TASK [common_defaults : Add sar alias (/etc/bash.bashrc)] **********************
    my-ubuntu-14.04-server-amd64: changed: [default]
    my-ubuntu-14.04-server-amd64:
    my-ubuntu-14.04-server-amd64: TASK [common_defaults : Tweak vim (/etc/vim/vimrc)] ****************************
    my-ubuntu-14.04-server-amd64: changed: [default]
    my-ubuntu-14.04-server-amd64:
    my-ubuntu-14.04-server-amd64: TASK [common_defaults : Tweak screen (/etc/screenrc)] **************************
    my-ubuntu-14.04-server-amd64: changed: [default]
    my-ubuntu-14.04-server-amd64:
    my-ubuntu-14.04-server-amd64: TASK [common_defaults : Tweak logrotate (/etc/logrotate.conf)] *****************
    my-ubuntu-14.04-server-amd64: changed: [default]
    my-ubuntu-14.04-server-amd64:
    my-ubuntu-14.04-server-amd64: TASK [common_defaults : Change logwatch to display weekly status (/etc/logwatch/conf/logwatch.conf)] ***
    my-ubuntu-14.04-server-amd64: changed: [default]
    my-ubuntu-14.04-server-amd64:
    my-ubuntu-14.04-server-amd64: TASK [common_defaults : Move logwatch cron entry from cron.daily to cron.weekly] ***
    my-ubuntu-14.04-server-amd64: changed: [default]
    my-ubuntu-14.04-server-amd64:
    my-ubuntu-14.04-server-amd64: TASK [common_defaults : Place snmpd.conf file to the /etc/snmp/] ***************
==> my-ubuntu-14.04-server-amd64: starting sftp subsystem
    my-ubuntu-14.04-server-amd64: changed: [default]
    my-ubuntu-14.04-server-amd64:
    my-ubuntu-14.04-server-amd64: TASK [common_defaults : Configure sshd] ****************************************
    my-ubuntu-14.04-server-amd64: changed: [default]
    my-ubuntu-14.04-server-amd64:
    my-ubuntu-14.04-server-amd64: TASK [common_defaults : Allow root SSH access and set "PasswordAuthentication yes" in /etc/ssh/sshd_config] ***
    my-ubuntu-14.04-server-amd64: changed: [default] => (item={u'regexp': u'^PermitRootLogin', u'line': u'PermitRootLogin yes'})
    my-ubuntu-14.04-server-amd64: changed: [default] => (item={u'regexp': u'^PasswordAuthentication', u'line': u'PasswordAuthentication yes'})
    my-ubuntu-14.04-server-amd64:
    my-ubuntu-14.04-server-amd64: TASK [common_defaults : Configure ssh client] **********************************
    my-ubuntu-14.04-server-amd64: changed: [default]
    my-ubuntu-14.04-server-amd64:
    my-ubuntu-14.04-server-amd64: TASK [common_defaults : Tweak sysstat in cron.d] *******************************
    my-ubuntu-14.04-server-amd64: changed: [default]
    my-ubuntu-14.04-server-amd64:
    my-ubuntu-14.04-server-amd64: TASK [common_defaults : Configure cloud-init] **********************************
==> my-ubuntu-14.04-server-amd64: starting sftp subsystem
    my-ubuntu-14.04-server-amd64: changed: [default]
    my-ubuntu-14.04-server-amd64:
    my-ubuntu-14.04-server-amd64: TASK [common_defaults : Remove /dev/fd0 (floppy) from /etc/fstab (floppy is presend by default when using KVM provisioner)] ***
    my-ubuntu-14.04-server-amd64: changed: [default]
    my-ubuntu-14.04-server-amd64:
    my-ubuntu-14.04-server-amd64: TASK [common_defaults : Ensure fstab uses nodiratime and noatime] **************
    my-ubuntu-14.04-server-amd64: changed: [default]
    my-ubuntu-14.04-server-amd64:
    my-ubuntu-14.04-server-amd64: TASK [common_defaults : Check if /root/.ssh/authorized_keys exists] ************
    my-ubuntu-14.04-server-amd64: ok: [default]
    my-ubuntu-14.04-server-amd64:
    my-ubuntu-14.04-server-amd64: TASK [common_defaults : Remove the Amazon AWS "disable root" feature] **********
    my-ubuntu-14.04-server-amd64: skipping: [default]
    my-ubuntu-14.04-server-amd64:
    my-ubuntu-14.04-server-amd64: TASK [common_defaults : include] ***********************************************
    my-ubuntu-14.04-server-amd64: included: /home/ruzickap/data/github/packer-templates/ansible/roles/common_defaults/tasks/Debian.yml for default
    my-ubuntu-14.04-server-amd64:
    my-ubuntu-14.04-server-amd64: TASK [common_defaults : Upgrade packages] **************************************
    my-ubuntu-14.04-server-amd64: changed: [default]
    my-ubuntu-14.04-server-amd64:
    my-ubuntu-14.04-server-amd64: TASK [common_defaults : Enable fsckfix during boot] ****************************
    my-ubuntu-14.04-server-amd64: changed: [default]
    my-ubuntu-14.04-server-amd64:
    my-ubuntu-14.04-server-amd64: TASK [common_defaults : Remove /tmp/* files during boot] ***********************
    my-ubuntu-14.04-server-amd64: changed: [default]
    my-ubuntu-14.04-server-amd64:
    my-ubuntu-14.04-server-amd64: TASK [common_defaults : Enable sysstat (sar)] **********************************
    my-ubuntu-14.04-server-amd64: changed: [default]
    my-ubuntu-14.04-server-amd64:
    my-ubuntu-14.04-server-amd64: TASK [common_defaults : Change shell to /bin/bash for new users (/etc/default/useradd)] ***
    my-ubuntu-14.04-server-amd64: changed: [default]
    my-ubuntu-14.04-server-amd64:
    my-ubuntu-14.04-server-amd64: TASK [common_defaults : Change shell to /bin/bash for new users (/etc/default/useradd)] ***
    my-ubuntu-14.04-server-amd64: changed: [default]
    my-ubuntu-14.04-server-amd64:
    my-ubuntu-14.04-server-amd64: TASK [common_defaults : Modify Unattended upgrade settings] ********************
    my-ubuntu-14.04-server-amd64: changed: [default] => (item={u'regexp': u'^//Unattended-Upgrade::Mail "root";', u'replace': u'Unattended-Upgrade::Mail "root";'})
    my-ubuntu-14.04-server-amd64: changed: [default] => (item={u'regexp': u'^//Unattended-Upgrade::Remove-Unused-Dependencies "false";', u'replace': u'Unattended-Upgrade::Remove-Unused-Dependencies "true";'})
    my-ubuntu-14.04-server-amd64:
    my-ubuntu-14.04-server-amd64: TASK [common_defaults : Autoremove unused packages] ****************************
    my-ubuntu-14.04-server-amd64: ok: [default]
    my-ubuntu-14.04-server-amd64:  [WARNING]: Consider using apt module rather than running apt-get
    my-ubuntu-14.04-server-amd64:
    my-ubuntu-14.04-server-amd64: TASK [common_defaults : Disable and stop services during boot] *****************
    my-ubuntu-14.04-server-amd64: skipping: [default] => (item=None)
    my-ubuntu-14.04-server-amd64:
    my-ubuntu-14.04-server-amd64: TASK [common_defaults : Enable services during boot] ***************************
    my-ubuntu-14.04-server-amd64: skipping: [default] => (item=None)
    my-ubuntu-14.04-server-amd64:
    my-ubuntu-14.04-server-amd64: RUNNING HANDLER [common_defaults : restart sshd] *******************************
    my-ubuntu-14.04-server-amd64: changed: [default]
    my-ubuntu-14.04-server-amd64:
    my-ubuntu-14.04-server-amd64: RUNNING HANDLER [common_defaults : reload snmpd] *******************************
    my-ubuntu-14.04-server-amd64: changed: [default]
    my-ubuntu-14.04-server-amd64:
    my-ubuntu-14.04-server-amd64: PLAY RECAP *********************************************************************
    my-ubuntu-14.04-server-amd64: default                    : ok=39   changed=33   unreachable=0    failed=0
    my-ubuntu-14.04-server-amd64:
==> my-ubuntu-14.04-server-amd64: shutting down the SSH proxy
==> my-ubuntu-14.04-server-amd64: Provisioning with shell script: scripts/linux-common/cleanup.sh
    my-ubuntu-14.04-server-amd64: ==> Cleaning up udev rules
    my-ubuntu-14.04-server-amd64: + SSH_USER=vagrant
    my-ubuntu-14.04-server-amd64: + echo '==> Cleaning up udev rules'
    my-ubuntu-14.04-server-amd64: + rm -rf /dev/.udev/ /lib/udev/rules.d/75-persistent-net-generator.rules
    my-ubuntu-14.04-server-amd64: + service rsyslog stop
    my-ubuntu-14.04-server-amd64: rsyslog stop/waiting
    my-ubuntu-14.04-server-amd64: + '[' -f /etc/os-release ']'
    my-ubuntu-14.04-server-amd64: + grep -iq debian /etc/os-release
    my-ubuntu-14.04-server-amd64: + export DEBIAN_FRONTEND=noninteractive
    my-ubuntu-14.04-server-amd64: ==> Cleaning up leftover dhcp leases
    my-ubuntu-14.04-server-amd64: + DEBIAN_FRONTEND=noninteractive
    my-ubuntu-14.04-server-amd64: + echo 'pre-up sleep 2'
    my-ubuntu-14.04-server-amd64: + echo '==> Cleaning up leftover dhcp leases'
    my-ubuntu-14.04-server-amd64: + '[' -d /var/lib/dhcp3 ']'
    my-ubuntu-14.04-server-amd64: + '[' -d /var/lib/dhcp ']'
    my-ubuntu-14.04-server-amd64: + rm /var/lib/dhcp/dhclient.eth0.leases /var/lib/dhcp/dhclient.leases
    my-ubuntu-14.04-server-amd64: + apt-get -y autoremove --purge
    my-ubuntu-14.04-server-amd64: Reading package lists...
    my-ubuntu-14.04-server-amd64: Building dependency tree...
    my-ubuntu-14.04-server-amd64: Reading state information...
    my-ubuntu-14.04-server-amd64: 0 upgraded, 0 newly installed, 0 to remove and 0 not upgraded.
    my-ubuntu-14.04-server-amd64: + apt-get -y clean
    my-ubuntu-14.04-server-amd64: + apt-get -y autoclean
    my-ubuntu-14.04-server-amd64: Reading package lists...
    my-ubuntu-14.04-server-amd64: Building dependency tree...
    my-ubuntu-14.04-server-amd64: Reading state information...
    my-ubuntu-14.04-server-amd64: ==> Cleaning up tmp
    my-ubuntu-14.04-server-amd64: + echo '==> Cleaning up tmp'
    my-ubuntu-14.04-server-amd64: + rm -rf /tmp/script_1141.sh /tmp/ssh-rGW7asQKfW
    my-ubuntu-14.04-server-amd64: + unset HISTFILE
    my-ubuntu-14.04-server-amd64: + rm -f /root/.bash_history
    my-ubuntu-14.04-server-amd64: + rm -f /home/vagrant/.bash_history
    my-ubuntu-14.04-server-amd64: + find /var/log -type f
    my-ubuntu-14.04-server-amd64: + read f
    my-ubuntu-14.04-server-amd64: + echo -ne ''
    my-ubuntu-14.04-server-amd64: + read f
    my-ubuntu-14.04-server-amd64: + echo -ne ''
    my-ubuntu-14.04-server-amd64: + read f
    my-ubuntu-14.04-server-amd64: + echo -ne ''
    my-ubuntu-14.04-server-amd64: + read f
    my-ubuntu-14.04-server-amd64: + echo -ne ''
    my-ubuntu-14.04-server-amd64: + read f
    my-ubuntu-14.04-server-amd64: + echo -ne ''
    my-ubuntu-14.04-server-amd64: + read f
    my-ubuntu-14.04-server-amd64: + echo -ne ''
    my-ubuntu-14.04-server-amd64: + read f
    my-ubuntu-14.04-server-amd64: + echo -ne ''
    my-ubuntu-14.04-server-amd64: ==> Clearing last login information
    my-ubuntu-14.04-server-amd64: + read f
    my-ubuntu-14.04-server-amd64: + echo -ne ''
    my-ubuntu-14.04-server-amd64: + read f
    my-ubuntu-14.04-server-amd64: + echo -ne ''
    my-ubuntu-14.04-server-amd64: + read f
    my-ubuntu-14.04-server-amd64: + echo -ne ''
    my-ubuntu-14.04-server-amd64: + read f
    my-ubuntu-14.04-server-amd64: + echo -ne ''
    my-ubuntu-14.04-server-amd64: + read f
    my-ubuntu-14.04-server-amd64: + echo -ne ''
    my-ubuntu-14.04-server-amd64: + read f
    my-ubuntu-14.04-server-amd64: + echo -ne ''
    my-ubuntu-14.04-server-amd64: + read f
    my-ubuntu-14.04-server-amd64: + echo -ne ''
    my-ubuntu-14.04-server-amd64: + read f
    my-ubuntu-14.04-server-amd64: + echo -ne ''
    my-ubuntu-14.04-server-amd64: + read f
    my-ubuntu-14.04-server-amd64: + echo -ne ''
    my-ubuntu-14.04-server-amd64: + read f
    my-ubuntu-14.04-server-amd64: + echo -ne ''
    my-ubuntu-14.04-server-amd64: + read f
    my-ubuntu-14.04-server-amd64: + echo -ne ''
    my-ubuntu-14.04-server-amd64: + read f
    my-ubuntu-14.04-server-amd64: + echo -ne ''
    my-ubuntu-14.04-server-amd64: + read f
    my-ubuntu-14.04-server-amd64: + echo -ne ''
    my-ubuntu-14.04-server-amd64: + read f
    my-ubuntu-14.04-server-amd64: + echo -ne ''
    my-ubuntu-14.04-server-amd64: + read f
    my-ubuntu-14.04-server-amd64: + echo -ne ''
    my-ubuntu-14.04-server-amd64: + read f
    my-ubuntu-14.04-server-amd64: + echo -ne ''
    my-ubuntu-14.04-server-amd64: + read f
    my-ubuntu-14.04-server-amd64: + echo -ne ''
    my-ubuntu-14.04-server-amd64: + read f
    my-ubuntu-14.04-server-amd64: + echo -ne ''
    my-ubuntu-14.04-server-amd64: + read f
    my-ubuntu-14.04-server-amd64: + echo -ne ''
    my-ubuntu-14.04-server-amd64: + read f
    my-ubuntu-14.04-server-amd64: + echo -ne ''
    my-ubuntu-14.04-server-amd64: + read f
    my-ubuntu-14.04-server-amd64: + echo -ne ''
    my-ubuntu-14.04-server-amd64: + read f
    my-ubuntu-14.04-server-amd64: + echo -ne ''
    my-ubuntu-14.04-server-amd64: + read f
    my-ubuntu-14.04-server-amd64: + echo -ne ''
    my-ubuntu-14.04-server-amd64: + read f
    my-ubuntu-14.04-server-amd64: + echo -ne ''
    my-ubuntu-14.04-server-amd64: + read f
    my-ubuntu-14.04-server-amd64: + echo -ne ''
    my-ubuntu-14.04-server-amd64: + read f
    my-ubuntu-14.04-server-amd64: + echo -ne ''
    my-ubuntu-14.04-server-amd64: + read f
    my-ubuntu-14.04-server-amd64: + echo -ne ''
    my-ubuntu-14.04-server-amd64: + read f
    my-ubuntu-14.04-server-amd64: + echo -ne ''
    my-ubuntu-14.04-server-amd64: + read f
    my-ubuntu-14.04-server-amd64: + echo -ne ''
    my-ubuntu-14.04-server-amd64: + read f
    my-ubuntu-14.04-server-amd64: + echo -ne ''
    my-ubuntu-14.04-server-amd64: + read f
    my-ubuntu-14.04-server-amd64: + echo -ne ''
    my-ubuntu-14.04-server-amd64: + read f
    my-ubuntu-14.04-server-amd64: + echo -ne ''
    my-ubuntu-14.04-server-amd64: + read f
    my-ubuntu-14.04-server-amd64: + echo -ne ''
    my-ubuntu-14.04-server-amd64: + read f
    my-ubuntu-14.04-server-amd64: + echo -ne ''
    my-ubuntu-14.04-server-amd64: + read f
    my-ubuntu-14.04-server-amd64: + echo -ne ''
    my-ubuntu-14.04-server-amd64: + read f
    my-ubuntu-14.04-server-amd64: + echo -ne ''
    my-ubuntu-14.04-server-amd64: + read f
    my-ubuntu-14.04-server-amd64: + echo '==> Clearing last login information'
    my-ubuntu-14.04-server-amd64: + dd if=/dev/zero of=/EMPTY_FILE bs=1M
    my-ubuntu-14.04-server-amd64: dd: error writing /EMPTY_FILE: No space left on device
    my-ubuntu-14.04-server-amd64: 98818+0 records in
    my-ubuntu-14.04-server-amd64: 98817+0 records out
    my-ubuntu-14.04-server-amd64: 103617134592 bytes (104 GB) copied, 1738.95 s, 59.6 MB/s
    my-ubuntu-14.04-server-amd64: + echo 'dd exit code 1 is suppressed'
    my-ubuntu-14.04-server-amd64: + rm -f /EMPTY_FILE
    my-ubuntu-14.04-server-amd64: dd exit code 1 is suppressed
    my-ubuntu-14.04-server-amd64: + sync
==> my-ubuntu-14.04-server-amd64: Gracefully halting virtual machine...
==> my-ubuntu-14.04-server-amd64: Converting hard drive...
==> my-ubuntu-14.04-server-amd64: Running post-processor: vagrant
==> my-ubuntu-14.04-server-amd64 (vagrant): Creating Vagrant box for 'libvirt' provider
    my-ubuntu-14.04-server-amd64 (vagrant): Copying from artifact: output-my-ubuntu-14.04-server-amd64/packer-my-ubuntu-14.04-server-amd64
    my-ubuntu-14.04-server-amd64 (vagrant): Using custom Vagrantfile: Vagrantfile-linux.template
    my-ubuntu-14.04-server-amd64 (vagrant): Compressing: Vagrantfile
    my-ubuntu-14.04-server-amd64 (vagrant): Compressing: box.img
    my-ubuntu-14.04-server-amd64 (vagrant): Compressing: metadata.json
Build 'my-ubuntu-14.04-server-amd64' finished.

==> Builds finished. The artifacts of successful builds are:
--> my-ubuntu-14.04-server-amd64: 'libvirt' provider box: my-ubuntu-14.04-server-amd64-libvirt.box
