==> qemu: Downloading or copying ISO
    qemu: Found already downloaded, initial checksum matched, no download needed: http://releases.ubuntu.com/14.04.5/ubuntu-14.04.5-server-amd64.iso
==> qemu: Creating hard drive...
==> qemu: Starting HTTP server on port 8808
==> qemu: Found port for communicator (SSH, WinRM, etc): 2724.
==> qemu: Looking for available port between 5900 and 6000 on 127.0.0.1
==> qemu: Starting VM, booting from CD-ROM
    qemu: The VM will be run headless, without a GUI. If you want to
    qemu: view the screen of the VM, connect via VNC without a password to
    qemu: vnc://127.0.0.1:5980
==> qemu: Overriding defaults Qemu arguments with QemuArgs...
==> qemu: Waiting 2s for boot...
==> qemu: Connecting to VM via VNC
==> qemu: Typing the boot command over VNC...
==> qemu: Waiting for SSH to become available...
==> qemu: Connected to SSH!
==> qemu: Provisioning with shell script: scripts/ubuntu/update.sh
    qemu: [sudo] password for vagrant: + export DEBIAN_FRONTEND=noninteractive
    qemu: + DEBIAN_FRONTEND=noninteractive
    qemu: + apt update
    qemu:
    qemu: WARNING: apt does not have a stable CLI interface yet. Use with caution in scripts.
    qemu:
    qemu: + apt -y upgrade
    qemu:
    qemu: WARNING: apt does not have a stable CLI interface yet. Use with caution in scripts.
    qemu:
    qemu: Extracting templates from packages: 100%
    qemu:
    qemu: Current default time zone: 'Etc/UTC'
    qemu: Local time is now:      Sat Feb 24 23:57:43 UTC 2018.
    qemu: Universal Time is now:  Sat Feb 24 23:57:43 UTC 2018.
    qemu: Run 'dpkg-reconfigure tzdata' if you wish to change it.
    qemu:
    qemu: Done.
    qemu:  * Starting AppArmor profiles
    qemu: Skipping profile in /etc/apparmor.d/disable: usr.sbin.rsyslogd
    qemu:    ...done.
    qemu:  * Reloading AppArmor profiles
    qemu: Skipping profile in /etc/apparmor.d/disable: usr.sbin.rsyslogd
    qemu:    ...done.
    qemu: update-rc.d: warning: default stop runlevel arguments (0 1 6) do not match rsync Default-Stop values (none)
    qemu: Running depmod.
    qemu: update-initramfs: deferring update (hook will be called later)
    qemu: Examining /etc/kernel/postinst.d.
    qemu: run-parts: executing /etc/kernel/postinst.d/apt-auto-removal 4.4.0-116-generic /boot/vmlinuz-4.4.0-116-generic
    qemu: run-parts: executing /etc/kernel/postinst.d/initramfs-tools 4.4.0-116-generic /boot/vmlinuz-4.4.0-116-generic
    qemu: update-initramfs: Generating /boot/initrd.img-4.4.0-116-generic
    qemu: run-parts: executing /etc/kernel/postinst.d/zz-update-grub 4.4.0-116-generic /boot/vmlinuz-4.4.0-116-generic
    qemu: Generating grub configuration file ...
    qemu: Found linux image: /boot/vmlinuz-4.4.0-116-generic
    qemu: Found initrd image: /boot/initrd.img-4.4.0-116-generic
    qemu: Found linux image: /boot/vmlinuz-4.4.0-31-generic
    qemu: Found initrd image: /boot/initrd.img-4.4.0-31-generic
    qemu: done
    qemu: run-parts: executing /etc/kernel/postinst.d/apt-auto-removal 4.4.0-116-generic /boot/vmlinuz-4.4.0-116-generic
    qemu: run-parts: executing /etc/kernel/postinst.d/initramfs-tools 4.4.0-116-generic /boot/vmlinuz-4.4.0-116-generic
    qemu: update-initramfs: Generating /boot/initrd.img-4.4.0-116-generic
    qemu: run-parts: executing /etc/kernel/postinst.d/zz-update-grub 4.4.0-116-generic /boot/vmlinuz-4.4.0-116-generic
    qemu: Generating grub configuration file ...
    qemu: Found linux image: /boot/vmlinuz-4.4.0-116-generic
    qemu: Found initrd image: /boot/initrd.img-4.4.0-116-generic
    qemu: Found linux image: /boot/vmlinuz-4.4.0-31-generic
    qemu: Found initrd image: /boot/initrd.img-4.4.0-31-generic
    qemu: done
    qemu: Skipping profile in /etc/apparmor.d/disable: usr.sbin.rsyslogd
==> qemu: Provisioning with shell script: scripts/ubuntu/disable_apt-daily.sh
    qemu: Disabling unattended upgrades
    qemu: [sudo] password for vagrant: + echo 'Disabling unattended upgrades'
    qemu: + cat
==> qemu: Provisioning with shell script: scripts/linux-common/vagrant.sh
    qemu: [sudo] password for vagrant: + date
    qemu: ==> Giving vagrant sudo powers
    qemu: + SSH_USER=vagrant
    qemu: + SSH_USER_HOME=/home/vagrant
    qemu: ==> Installing vagrant key
    qemu: + VAGRANT_INSECURE_KEY='ssh-rsa AAAAB3NzaC1yc2EAAAABIwAAAQEA6NF8iallvQVp22WDkTkyrtvp9eWW6A8YVr+kz4TjGYe7gHzIw+niNltGEFHzD8+v1I2YJ6oXevct1YeS0o9HZyN1Q9qgCgzUFtdOKLv6IedplqoPkcmF0aYet2PkEDo3MlTBckFXPITAMzF8dJSIFo9D8HfdOV0IAdx4O7PtixWKn5y2hMNG0zQPyUecp4pzC6kivAIhyfHilFR61RGL+GPXQ2MWZWFYbAGjyiYJnAmCP3NOTd0jMZEnDkbUvxhMmBYSdETk1rRgm+R4LOzFUGaHqHDLKLX+FIPKcF96hrucXzcWyLbIbEgE98OHlnVYCzRdK8jlqm8tehUc9c9WhQ== vagrant insecure public key'
    qemu: + echo '==> Giving vagrant sudo powers'
    qemu: + echo 'vagrant        ALL=(ALL)       NOPASSWD: ALL'
    qemu: + echo '==> Installing vagrant key'
    qemu: + '[' '!' -d /home/vagrant/.ssh ']'
    qemu: + mkdir /home/vagrant/.ssh
    qemu: + chmod 700 /home/vagrant/.ssh
    qemu: + echo 'ssh-rsa AAAAB3NzaC1yc2EAAAABIwAAAQEA6NF8iallvQVp22WDkTkyrtvp9eWW6A8YVr+kz4TjGYe7gHzIw+niNltGEFHzD8+v1I2YJ6oXevct1YeS0o9HZyN1Q9qgCgzUFtdOKLv6IedplqoPkcmF0aYet2PkEDo3MlTBckFXPITAMzF8dJSIFo9D8HfdOV0IAdx4O7PtixWKn5y2hMNG0zQPyUecp4pzC6kivAIhyfHilFR61RGL+GPXQ2MWZWFYbAGjyiYJnAmCP3NOTd0jMZEnDkbUvxhMmBYSdETk1rRgm+R4LOzFUGaHqHDLKLX+FIPKcF96hrucXzcWyLbIbEgE98OHlnVYCzRdK8jlqm8tehUc9c9WhQ== vagrant insecure public key'
    qemu: + chmod 600 /home/vagrant/.ssh/authorized_keys
    qemu: + chown -R vagrant:vagrant /home/vagrant/.ssh
==> qemu: Provisioning with shell script: /var/tmp/packer-shell788970474
==> qemu: Provisioning with Ansible...
==> qemu: Executing Ansible: ansible-playbook --extra-vars packer_build_name=qemu packer_builder_type=qemu -i /var/tmp/packer-provisioner-ansible371001121 /home/pruzicka/data/github/packer-templates/ansible/site.yml -e ansible_ssh_private_key_file=/var/tmp/ansible-key332032586
    qemu:
    qemu: PLAY [all] *********************************************************************
    qemu:
    qemu: TASK [Gathering Facts] *********************************************************
    qemu: ok: [default]
    qemu:
    qemu: TASK [common_defaults : Include OS-specific variables] *************************
    qemu: ok: [default]
    qemu:
    qemu: TASK [common_defaults : Update repositories] ***********************************
    qemu: changed: [default]
    qemu:
    qemu: TASK [common_defaults : Install EPEL repo] *************************************
    qemu: skipping: [default]
    qemu:
    qemu: TASK [common_defaults : Import EPEL GPG key] ***********************************
    qemu: skipping: [default]
    qemu:
    qemu: TASK [common_defaults : Install common packages] *******************************
    qemu: changed: [default] => (item=acpid)
    qemu: changed: [default] => (item=atop)
    qemu: ok: [default] => (item=bash-completion)
    qemu: changed: [default] => (item=byobu)
    qemu: changed: [default] => (item=cloud-init)
    qemu: changed: [default] => (item=curl)
    qemu: changed: [default] => (item=dstat)
    qemu: changed: [default] => (item=ethtool)
    qemu: changed: [default] => (item=haveged)
    qemu: changed: [default] => (item=htop)
    qemu: changed: [default] => (item=iftop)
    qemu: changed: [default] => (item=iotop)
    qemu: changed: [default] => (item=lftp)
    qemu: ok: [default] => (item=logrotate)
    qemu: changed: [default] => (item=logwatch)
    qemu: ok: [default] => (item=lshw)
    qemu: ok: [default] => (item=lsof)
    qemu: changed: [default] => (item=man)
    qemu: changed: [default] => (item=mc)
    qemu: ok: [default] => (item=mlocate)
    qemu: changed: [default] => (item=mutt)
    qemu: changed: [default] => (item=nmap)
    qemu: changed: [default] => (item=ntp)
    qemu: ok: [default] => (item=ntpdate)
    qemu: ok: [default] => (item=openssh-server)
    qemu: ok: [default] => (item=parted)
    qemu: ok: [default] => (item=postfix)
    qemu: ok: [default] => (item=rsync)
    qemu: changed: [default] => (item=screen)
    qemu: ok: [default] => (item=strace)
    qemu: changed: [default] => (item=sysstat)
    qemu: ok: [default] => (item=tcpdump)
    qemu: ok: [default] => (item=telnet)
    qemu: changed: [default] => (item=traceroute)
    qemu: ok: [default] => (item=aptitude)
    qemu: changed: [default] => (item=cloud-initramfs-growroot)
    qemu: changed: [default] => (item=debconf-utils)
    qemu: ok: [default] => (item=dnsutils)
    qemu: changed: [default] => (item=bsd-mailx)
    qemu: changed: [default] => (item=ifenslave)
    qemu: changed: [default] => (item=linux-virtual)
    qemu: ok: [default] => (item=mtr-tiny)
    qemu: changed: [default] => (item=snmp)
    qemu: changed: [default] => (item=snmpd)
    qemu: changed: [default] => (item=sosreport)
    qemu: changed: [default] => (item=tcpflow)
    qemu: changed: [default] => (item=tmpreaper)
    qemu: ok: [default] => (item=unattended-upgrades)
    qemu: changed: [default] => (item=update-notifier-common)
    qemu: changed: [default] => (item=vim)
    qemu:
    qemu: TASK [common_defaults : Chnage root password] **********************************
    qemu: ok: [default]
    qemu:
    qemu: TASK [common_defaults : Disable mouse in mc (/etc/profile.d/mc.sh)] ************
    qemu: changed: [default]
    qemu:
    qemu: TASK [common_defaults : Create directory "/etc/skel/.config/mc"] ***************
    qemu: changed: [default]
    qemu:
    qemu: TASK [common_defaults : Create directory for mc inside /etc/skel] **************
    qemu: changed: [default]
    qemu:
    qemu: TASK [common_defaults : Check if user dirctory exists] *************************
    qemu: ok: [default] => (item=/home/ubuntu)
    qemu: ok: [default] => (item=/home/centos)
    qemu: ok: [default] => (item=/home/vagrant)
    qemu: ok: [default] => (item=/root)
    qemu:
    qemu: TASK [common_defaults : Copy /etc/skel/.config/ directory to root] *************
    qemu: skipping: [default] => (item=/home/ubuntu)
    qemu: skipping: [default] => (item=/home/centos)
    qemu: changed: [default] => (item=/home/vagrant)
    qemu: changed: [default] => (item=/root)
    qemu:
    qemu: TASK [common_defaults : Change owner for skel_copy_users/.config] **************
    qemu: skipping: [default] => (item=/home/ubuntu)
    qemu: skipping: [default] => (item=/home/centos)
    qemu: changed: [default] => (item=/home/vagrant)
    qemu: ok: [default] => (item=/root)
    qemu:
    qemu: TASK [common_defaults : Change rights for skel_copy_users/.config] *************
    qemu: skipping: [default] => (item=/home/ubuntu)
    qemu: skipping: [default] => (item=/home/centos)
    qemu: changed: [default] => (item=/home/vagrant)
    qemu: changed: [default] => (item=/root)
    qemu:
    qemu: TASK [common_defaults : Set format for history command (/etc/profile.d/history_format.sh)] ***
    qemu: changed: [default]
    qemu:
    qemu: TASK [common_defaults : Add sar alias (/etc/bash.bashrc)] **********************
    qemu: changed: [default]
    qemu:
    qemu: TASK [common_defaults : Tweak vim (/etc/vim/vimrc)] ****************************
    qemu: changed: [default]
    qemu:
    qemu: TASK [common_defaults : Tweak screen (/etc/screenrc)] **************************
    qemu: changed: [default]
    qemu:
    qemu: TASK [common_defaults : Tweak logrotate (/etc/logrotate.conf)] *****************
    qemu: changed: [default]
    qemu:
    qemu: TASK [common_defaults : Change logwatch to display weekly status (/etc/logwatch/conf/logwatch.conf)] ***
    qemu: changed: [default]
    qemu:
    qemu: TASK [common_defaults : Move logwatch cron entry from cron.daily to cron.weekly] ***
    qemu: changed: [default]
    qemu:
    qemu: TASK [common_defaults : Place snmpd.conf file to the /etc/snmp/] ***************
    qemu: changed: [default]
    qemu:
    qemu: TASK [common_defaults : Configure sshd] ****************************************
    qemu: changed: [default]
    qemu:
    qemu: TASK [common_defaults : Allow root SSH access and set "PasswordAuthentication yes" in /etc/ssh/sshd_config] ***
    qemu: changed: [default] => (item={u'regexp': u'^PermitRootLogin', u'line': u'PermitRootLogin yes'})
    qemu: changed: [default] => (item={u'regexp': u'^PasswordAuthentication', u'line': u'PasswordAuthentication yes'})
    qemu:
    qemu: TASK [common_defaults : Configure ssh client] **********************************
    qemu: changed: [default]
    qemu:
    qemu: TASK [common_defaults : Tweak sysstat in cron.d] *******************************
    qemu: changed: [default]
    qemu:
    qemu: TASK [common_defaults : Configure cloud-init] **********************************
    qemu: changed: [default]
    qemu:
    qemu: TASK [common_defaults : Remove /dev/fd0 (floppy) from /etc/fstab (floppy is presend by default when using KVM provisioner)] ***
    qemu: changed: [default]
    qemu:
    qemu: TASK [common_defaults : Ensure fstab uses nodiratime and noatime] **************
    qemu: ok: [default]
    qemu:
    qemu: TASK [common_defaults : Check if /root/.ssh/authorized_keys exists] ************
    qemu: ok: [default]
    qemu:
    qemu: TASK [common_defaults : Remove the Amazon AWS "disable root" feature] **********
    qemu: skipping: [default]
    qemu:
    qemu: TASK [common_defaults : Check if the X server is installed] ********************
    qemu: ok: [default]
    qemu:
    qemu: TASK [common_defaults : Install spice / qxl packages (needed for desktop)] *****
    qemu: skipping: [default] => (item=spice-vdagent)
    qemu: skipping: [default] => (item=xserver-xorg-video-qxl)
    qemu:
    qemu: TASK [common_defaults : include_tasks] *****************************************
    qemu: included: /home/pruzicka/data/github/packer-templates/ansible/roles/common_defaults/tasks/Debian.yml for default
    qemu:
    qemu: TASK [common_defaults : Upgrade packages] **************************************
    qemu: ok: [default]
    qemu:
    qemu: TASK [common_defaults : Check if /etc/default/rcS exists] **********************
    qemu: ok: [default]
    qemu:
    qemu: TASK [common_defaults : Enable fsckfix during boot] ****************************
    qemu: changed: [default]
    qemu:
    qemu: TASK [common_defaults : Remove /tmp/* files during boot] ***********************
    qemu: changed: [default]
    qemu:
    qemu: TASK [common_defaults : Enable sysstat (sar)] **********************************
    qemu: changed: [default]
    qemu:
    qemu: TASK [common_defaults : Change shell to /bin/bash for new users (/etc/default/useradd)] ***
    qemu: changed: [default]
    qemu:
    qemu: TASK [common_defaults : Change shell to /bin/bash for new users (/etc/default/useradd)] ***
    qemu: changed: [default]
    qemu:
    qemu: TASK [common_defaults : Modify Unattended upgrade settings] ********************
    qemu: changed: [default] => (item={u'regexp': u'^//Unattended-Upgrade::Mail "root";', u'replace': u'Unattended-Upgrade::Mail "root";'})
    qemu: changed: [default] => (item={u'regexp': u'^//Unattended-Upgrade::Remove-Unused-Dependencies "false";', u'replace': u'Unattended-Upgrade::Remove-Unused-Dependencies "true";'})
    qemu:
    qemu: TASK [common_defaults : Autoremove unused packages] ****************************
    qemu:  [WARNING]: Consider using apt module rather than running apt-get
    qemu: ok: [default]
    qemu:
    qemu: TASK [common_defaults : Disable periodic activities of apt] ********************
    qemu: changed: [default]
    qemu:
    qemu: TASK [common_defaults : Disable and stop services during boot] *****************
    qemu: skipping: [default] => (item=None)
    qemu:
    qemu: TASK [common_defaults : Enable services during boot] ***************************
    qemu: skipping: [default] => (item=None)
    qemu:
    qemu: RUNNING HANDLER [common_defaults : restart sshd] *******************************
    qemu: changed: [default]
    qemu:
    qemu: RUNNING HANDLER [common_defaults : reload snmpd] *******************************
    qemu: changed: [default]
    qemu:
    qemu: PLAY RECAP *********************************************************************
    qemu: default                    : ok=42   changed=31   unreachable=0    failed=0
    qemu:
==> qemu: Provisioning with shell script: scripts/linux-common/cleanup.sh
    qemu: ==> Cleaning up udev rules
    qemu: + SSH_USER=vagrant
    qemu: + echo '==> Cleaning up udev rules'
    qemu: + rm -rf /dev/.udev/ /lib/udev/rules.d/75-persistent-net-generator.rules
    qemu: + service rsyslog stop
    qemu: rsyslog stop/waiting
    qemu: + '[' -f /etc/os-release ']'
    qemu: + grep -iq debian /etc/os-release
    qemu: + export DEBIAN_FRONTEND=noninteractive
    qemu: ==> Cleaning up leftover dhcp leases
    qemu: + DEBIAN_FRONTEND=noninteractive
    qemu: + echo 'pre-up sleep 2'
    qemu: + echo '==> Cleaning up leftover dhcp leases'
    qemu: + '[' -d /var/lib/dhcp3 ']'
    qemu: + '[' -d /var/lib/dhcp ']'
    qemu: + rm /var/lib/dhcp/dhclient.eth0.leases /var/lib/dhcp/dhclient.leases
    qemu: + apt-get -y autoremove --purge
    qemu: Reading package lists...
    qemu: Building dependency tree...
    qemu: Reading state information...
    qemu: 0 upgraded, 0 newly installed, 0 to remove and 0 not upgraded.
    qemu: + apt-get -y clean
    qemu: + apt-get -y autoclean
    qemu: Reading package lists...
    qemu: Building dependency tree...
    qemu: Reading state information...
    qemu: ==> Cleaning up tmp
    qemu: + echo '==> Cleaning up tmp'
    qemu: + rm -rf /tmp/script_6542.sh /tmp/ssh-LW06ZCJrLF
    qemu: + unset HISTFILE
    qemu: + rm -f /root/.bash_history
    qemu: + rm -f /home/vagrant/.bash_history
    qemu: + find /var/log -type f
    qemu: + read f
    qemu: + echo -ne ''
    qemu: + read f
    qemu: + echo -ne ''
    qemu: + read f
    qemu: + echo -ne ''
    qemu: + read f
    qemu: + echo -ne ''
    qemu: + read f
    qemu: + echo -ne ''
    qemu: + read f
    qemu: + echo -ne ''
    qemu: + read f
    qemu: + echo -ne ''
    qemu: + read f
    qemu: + echo -ne ''
    qemu: + read f
    qemu: + echo -ne ''
    qemu: + read f
    qemu: + echo -ne ''
    qemu: ==> Clearing last login information
    qemu: + read f
    qemu: + echo -ne ''
    qemu: + read f
    qemu: + echo -ne ''
    qemu: + read f
    qemu: + echo -ne ''
    qemu: + read f
    qemu: + echo -ne ''
    qemu: + read f
    qemu: + echo -ne ''
    qemu: + read f
    qemu: + echo -ne ''
    qemu: + read f
    qemu: + echo -ne ''
    qemu: + read f
    qemu: + echo -ne ''
    qemu: + read f
    qemu: + echo -ne ''
    qemu: + read f
    qemu: + echo -ne ''
    qemu: + read f
    qemu: + echo -ne ''
    qemu: + read f
    qemu: + echo -ne ''
    qemu: + read f
    qemu: + echo -ne ''
    qemu: + read f
    qemu: + echo -ne ''
    qemu: + read f
    qemu: + echo -ne ''
    qemu: + read f
    qemu: + echo -ne ''
    qemu: + read f
    qemu: + echo -ne ''
    qemu: + read f
    qemu: + echo -ne ''
    qemu: + read f
    qemu: + echo -ne ''
    qemu: + read f
    qemu: + echo -ne ''
    qemu: + read f
    qemu: + echo -ne ''
    qemu: + read f
    qemu: + echo -ne ''
    qemu: + read f
    qemu: + echo -ne ''
    qemu: + read f
    qemu: + echo -ne ''
    qemu: + read f
    qemu: + echo -ne ''
    qemu: + read f
    qemu: + echo -ne ''
    qemu: + read f
    qemu: + echo -ne ''
    qemu: + read f
    qemu: + echo -ne ''
    qemu: + read f
    qemu: + echo -ne ''
    qemu: + read f
    qemu: + echo -ne ''
    qemu: + read f
    qemu: + echo -ne ''
    qemu: + read f
    qemu: + echo -ne ''
    qemu: + read f
    qemu: + echo '==> Clearing last login information'
    qemu: + dd if=/dev/zero of=/EMPTY_FILE bs=1M
    qemu: + echo 'dd exit code 1 is suppressed'
    qemu: dd exit code 1 is suppressed
    qemu: + rm -f /EMPTY_FILE
    qemu: + sync
==> qemu: Gracefully halting virtual machine...
==> qemu: Converting hard drive...
==> qemu: Running post-processor: vagrant
==> qemu (vagrant): Creating Vagrant box for 'libvirt' provider
    qemu (vagrant): Copying from artifact: my_ubuntu-14.04-server-amd64-qemu/my_ubuntu-14.04-server-amd64
    qemu (vagrant): Using custom Vagrantfile: Vagrantfile-linux.template
    qemu (vagrant): Compressing: Vagrantfile
    qemu (vagrant): Compressing: box.img
    qemu (vagrant): Compressing: metadata.json
Build 'qemu' finished.

==> Builds finished. The artifacts of successful builds are:
--> qemu: 'libvirt' provider box: my_ubuntu-14.04-server-amd64-libvirt.box
