ubuntu-desktop-amd64 output will be in this color.

==> ubuntu-desktop-amd64: Downloading or copying ISO
    ubuntu-desktop-amd64: Downloading or copying: http://archive.ubuntu.com/ubuntu/dists/yakkety/main/installer-amd64/current/images/netboot/mini.iso
==> ubuntu-desktop-amd64: Creating hard drive...
==> ubuntu-desktop-amd64: Starting HTTP server on port 8078
==> ubuntu-desktop-amd64: Found port for communicator (SSH, WinRM, etc): 2630.
==> ubuntu-desktop-amd64: Looking for available port between 5900 and 6000 on 127.0.0.1
==> ubuntu-desktop-amd64: Starting VM, booting from CD-ROM
==> ubuntu-desktop-amd64: Overriding defaults Qemu arguments with QemuArgs...
==> ubuntu-desktop-amd64: Waiting 2s for boot...
==> ubuntu-desktop-amd64: Connecting to VM via VNC
==> ubuntu-desktop-amd64: Typing the boot command over VNC...
==> ubuntu-desktop-amd64: Waiting for SSH to become available...
==> ubuntu-desktop-amd64: Connected to SSH!
==> ubuntu-desktop-amd64: Provisioning with shell script: scripts/ubuntu/update.sh
    ubuntu-desktop-amd64: [sudo] password for vagrant: + export DEBIAN_FRONTEND=noninteractive
    ubuntu-desktop-amd64: + DEBIAN_FRONTEND=noninteractive
    ubuntu-desktop-amd64: + apt-get update
    ubuntu-desktop-amd64: Hit:1 http://security.ubuntu.com/ubuntu yakkety-security InRelease
    ubuntu-desktop-amd64: Hit:2 http://archive.ubuntu.com/ubuntu yakkety InRelease
    ubuntu-desktop-amd64: Get:3 http://archive.ubuntu.com/ubuntu yakkety-updates InRelease [94.5 kB]
    ubuntu-desktop-amd64: Hit:4 http://archive.ubuntu.com/ubuntu yakkety-backports InRelease
    ubuntu-desktop-amd64: Get:5 http://security.ubuntu.com/ubuntu yakkety-security/main amd64 DEP-11 Metadata [4,468 B]
    ubuntu-desktop-amd64: Get:6 http://security.ubuntu.com/ubuntu yakkety-security/main DEP-11 64x64 Icons [17.1 kB]
    ubuntu-desktop-amd64: Get:7 http://archive.ubuntu.com/ubuntu yakkety/main amd64 DEP-11 Metadata [654 kB]
    ubuntu-desktop-amd64: Get:8 http://security.ubuntu.com/ubuntu yakkety-security/restricted amd64 DEP-11 Metadata [186 B]
    ubuntu-desktop-amd64: Get:9 http://security.ubuntu.com/ubuntu yakkety-security/universe amd64 DEP-11 Metadata [200 B]
    ubuntu-desktop-amd64: Get:10 http://security.ubuntu.com/ubuntu yakkety-security/multiverse amd64 DEP-11 Metadata [201 B]
    ubuntu-desktop-amd64: Get:11 http://archive.ubuntu.com/ubuntu yakkety/main DEP-11 64x64 Icons [368 kB]
    ubuntu-desktop-amd64: Get:12 http://archive.ubuntu.com/ubuntu yakkety/restricted amd64 DEP-11 Metadata [187 B]
    ubuntu-desktop-amd64: Get:13 http://archive.ubuntu.com/ubuntu yakkety/universe amd64 DEP-11 Metadata [2,669 kB]
    ubuntu-desktop-amd64: Get:14 http://archive.ubuntu.com/ubuntu yakkety/universe DEP-11 64x64 Icons [7,194 kB]
    ubuntu-desktop-amd64: Get:15 http://archive.ubuntu.com/ubuntu yakkety/multiverse amd64 DEP-11 Metadata [47.6 kB]
    ubuntu-desktop-amd64: Get:16 http://archive.ubuntu.com/ubuntu yakkety/multiverse DEP-11 64x64 Icons [246 kB]
    ubuntu-desktop-amd64: Get:17 http://archive.ubuntu.com/ubuntu yakkety-updates/main amd64 DEP-11 Metadata [86.9 kB]
    ubuntu-desktop-amd64: Get:18 http://archive.ubuntu.com/ubuntu yakkety-updates/main DEP-11 64x64 Icons [54.4 kB]
    ubuntu-desktop-amd64: Get:19 http://archive.ubuntu.com/ubuntu yakkety-updates/restricted amd64 DEP-11 Metadata [185 B]
    ubuntu-desktop-amd64: Get:20 http://archive.ubuntu.com/ubuntu yakkety-updates/universe amd64 DEP-11 Metadata [60.2 kB]
    ubuntu-desktop-amd64: Get:21 http://archive.ubuntu.com/ubuntu yakkety-updates/universe DEP-11 64x64 Icons [47.4 kB]
    ubuntu-desktop-amd64: Get:22 http://archive.ubuntu.com/ubuntu yakkety-updates/multiverse amd64 DEP-11 Metadata [185 B]
    ubuntu-desktop-amd64: Get:23 http://archive.ubuntu.com/ubuntu yakkety-backports/main amd64 DEP-11 Metadata [197 B]
    ubuntu-desktop-amd64: Get:24 http://archive.ubuntu.com/ubuntu yakkety-backports/restricted amd64 DEP-11 Metadata [187 B]
    ubuntu-desktop-amd64: Get:25 http://archive.ubuntu.com/ubuntu yakkety-backports/universe amd64 DEP-11 Metadata [201 B]
    ubuntu-desktop-amd64: Get:26 http://archive.ubuntu.com/ubuntu yakkety-backports/multiverse amd64 DEP-11 Metadata [187 B]
    ubuntu-desktop-amd64: Fetched 11.5 MB in 5s (1,944 kB/s)
    ubuntu-desktop-amd64: Reading package lists...
    ubuntu-desktop-amd64: + apt-get -y upgrade
    ubuntu-desktop-amd64: Reading package lists...
    ubuntu-desktop-amd64: Building dependency tree...
    ubuntu-desktop-amd64: Reading state information...
    ubuntu-desktop-amd64: Calculating upgrade...
    ubuntu-desktop-amd64: 0 upgraded, 0 newly installed, 0 to remove and 0 not upgraded.
==> ubuntu-desktop-amd64: Provisioning with shell script: scripts/linux-common/vagrant.sh
    ubuntu-desktop-amd64: [sudo] password for vagrant: + date
    ubuntu-desktop-amd64: ==> Giving vagrant sudo powers
    ubuntu-desktop-amd64: + SSH_USER=vagrant
    ubuntu-desktop-amd64: + SSH_USER_HOME=/home/vagrant
    ubuntu-desktop-amd64: + VAGRANT_INSECURE_KEY='ssh-rsa AAAAB3NzaC1yc2EAAAABIwAAAQEA6NF8iallvQVp22WDkTkyrtvp9eWW6A8YVr+kz4TjGYe7gHzIw+niNltGEFHzD8+v1I2YJ6oXevct1YeS0o9HZyN1Q9qgCgzUFtdOKLv6IedplqoPkcmF0aYet2PkEDo3MlTBckFXPITAMzF8dJSIFo9D8HfdOV0IAdx4O7PtixWKn5y2hMNG0zQPyUecp4pzC6kivAIhyfHilFR61RGL+GPXQ2MWZWFYbAGjyiYJnAmCP3NOTd0jMZEnDkbUvxhMmBYSdETk1rRgm+R4LOzFUGaHqHDLKLX+FIPKcF96hrucXzcWyLbIbEgE98OHlnVYCzRdK8jlqm8tehUc9c9WhQ== vagrant insecure public key'
    ubuntu-desktop-amd64: + echo '==> Giving vagrant sudo powers'
    ubuntu-desktop-amd64: + echo 'vagrant        ALL=(ALL)       NOPASSWD: ALL'
    ubuntu-desktop-amd64: + echo '==> Installing vagrant key'
    ubuntu-desktop-amd64: + mkdir /home/vagrant/.ssh
    ubuntu-desktop-amd64: ==> Installing vagrant key
    ubuntu-desktop-amd64: + chmod 700 /home/vagrant/.ssh
    ubuntu-desktop-amd64: + cd /home/vagrant/.ssh
    ubuntu-desktop-amd64: + echo 'ssh-rsa AAAAB3NzaC1yc2EAAAABIwAAAQEA6NF8iallvQVp22WDkTkyrtvp9eWW6A8YVr+kz4TjGYe7gHzIw+niNltGEFHzD8+v1I2YJ6oXevct1YeS0o9HZyN1Q9qgCgzUFtdOKLv6IedplqoPkcmF0aYet2PkEDo3MlTBckFXPITAMzF8dJSIFo9D8HfdOV0IAdx4O7PtixWKn5y2hMNG0zQPyUecp4pzC6kivAIhyfHilFR61RGL+GPXQ2MWZWFYbAGjyiYJnAmCP3NOTd0jMZEnDkbUvxhMmBYSdETk1rRgm+R4LOzFUGaHqHDLKLX+FIPKcF96hrucXzcWyLbIbEgE98OHlnVYCzRdK8jlqm8tehUc9c9WhQ== vagrant insecure public key'
    ubuntu-desktop-amd64: + chmod 600 /home/vagrant/.ssh/authorized_keys
    ubuntu-desktop-amd64: + chown -R vagrant:vagrant /home/vagrant/.ssh
==> ubuntu-desktop-amd64: Provisioning with shell script: scripts/linux-common/cleanup.sh
    ubuntu-desktop-amd64: + SSH_USER=vagrant
    ubuntu-desktop-amd64: + echo '==> Cleaning up udev rules'
    ubuntu-desktop-amd64: ==> Cleaning up udev rules
    ubuntu-desktop-amd64: + rm -rf /dev/.udev/ /lib/udev/rules.d/75-persistent-net-generator.rules
    ubuntu-desktop-amd64: + service rsyslog stop
    ubuntu-desktop-amd64: + '[' -f /etc/os-release ']'
    ubuntu-desktop-amd64: + grep -iq debian /etc/os-release
    ubuntu-desktop-amd64: + export DEBIAN_FRONTEND=noninteractive
    ubuntu-desktop-amd64: + DEBIAN_FRONTEND=noninteractive
    ubuntu-desktop-amd64: + echo 'pre-up sleep 2'
    ubuntu-desktop-amd64: + echo '==> Cleaning up leftover dhcp leases'
    ubuntu-desktop-amd64: ==> Cleaning up leftover dhcp leases
    ubuntu-desktop-amd64: + '[' -d /var/lib/dhcp3 ']'
    ubuntu-desktop-amd64: + '[' -d /var/lib/dhcp ']'
    ubuntu-desktop-amd64: + rm /var/lib/dhcp/dhclient.eth0.leases
    ubuntu-desktop-amd64: + apt-get -y autoremove --purge
    ubuntu-desktop-amd64: Reading package lists...
    ubuntu-desktop-amd64: Building dependency tree...
    ubuntu-desktop-amd64: Reading state information...
    ubuntu-desktop-amd64: 0 upgraded, 0 newly installed, 0 to remove and 0 not upgraded.
    ubuntu-desktop-amd64: + apt-get -y clean
    ubuntu-desktop-amd64: + apt-get -y autoclean
    ubuntu-desktop-amd64: Reading package lists...
    ubuntu-desktop-amd64: Building dependency tree...
    ubuntu-desktop-amd64: Reading state information...
    ubuntu-desktop-amd64: + echo '==> Cleaning up tmp'
    ubuntu-desktop-amd64: ==> Cleaning up tmp
    ubuntu-desktop-amd64: + rm -rf /tmp/script_4565.sh /tmp/ssh-FYEKwtPruH /tmp/systemd-private-9a8866abc1324eb2a2ccfe009ce7f5a7-colord.service-VqS33X /tmp/systemd-private-9a8866abc1324eb2a2ccfe009ce7f5a7-rtkit-daemon.service-a55Xvt /tmp/systemd-private-9a8866abc1324eb2a2ccfe009ce7f5a7-systemd-hostnamed.service-e5Cb0P /tmp/systemd-private-9a8866abc1324eb2a2ccfe009ce7f5a7-systemd-timedated.service-NXBZm0 /tmp/systemd-private-9a8866abc1324eb2a2ccfe009ce7f5a7-systemd-timesyncd.service-IhMOTb
    ubuntu-desktop-amd64: + unset HISTFILE
    ubuntu-desktop-amd64: + rm -f /root/.bash_history
    ubuntu-desktop-amd64: + rm -f /home/vagrant/.bash_history
    ubuntu-desktop-amd64: + find /var/log -type f
    ubuntu-desktop-amd64: + read f
    ubuntu-desktop-amd64: + echo -ne ''
    ubuntu-desktop-amd64: + read f
    ubuntu-desktop-amd64: + echo -ne ''
    ubuntu-desktop-amd64: + read f
    ubuntu-desktop-amd64: + echo -ne ''
    ubuntu-desktop-amd64: + read f
    ubuntu-desktop-amd64: + echo -ne ''
    ubuntu-desktop-amd64: + read f
    ubuntu-desktop-amd64: + echo -ne ''
    ubuntu-desktop-amd64: + read f
    ubuntu-desktop-amd64: + echo -ne ''
    ubuntu-desktop-amd64: + read f
    ubuntu-desktop-amd64: + echo -ne ''
    ubuntu-desktop-amd64: + read f
    ubuntu-desktop-amd64: + echo -ne ''
    ubuntu-desktop-amd64: + read f
    ubuntu-desktop-amd64: + echo -ne ''
    ubuntu-desktop-amd64: + read f
    ubuntu-desktop-amd64: + echo -ne ''
    ubuntu-desktop-amd64: + read f
    ubuntu-desktop-amd64: ==> Clearing last login information
    ubuntu-desktop-amd64: + echo -ne ''
    ubuntu-desktop-amd64: + read f
    ubuntu-desktop-amd64: + echo -ne ''
    ubuntu-desktop-amd64: + read f
    ubuntu-desktop-amd64: + echo -ne ''
    ubuntu-desktop-amd64: + read f
    ubuntu-desktop-amd64: + echo -ne ''
    ubuntu-desktop-amd64: + read f
    ubuntu-desktop-amd64: + echo -ne ''
    ubuntu-desktop-amd64: + read f
    ubuntu-desktop-amd64: + echo -ne ''
    ubuntu-desktop-amd64: + read f
    ubuntu-desktop-amd64: + echo -ne ''
    ubuntu-desktop-amd64: + read f
    ubuntu-desktop-amd64: + echo -ne ''
    ubuntu-desktop-amd64: + read f
    ubuntu-desktop-amd64: + echo -ne ''
    ubuntu-desktop-amd64: + read f
    ubuntu-desktop-amd64: + echo -ne ''
    ubuntu-desktop-amd64: + read f
    ubuntu-desktop-amd64: + echo -ne ''
    ubuntu-desktop-amd64: + read f
    ubuntu-desktop-amd64: + echo -ne ''
    ubuntu-desktop-amd64: + read f
    ubuntu-desktop-amd64: + echo -ne ''
    ubuntu-desktop-amd64: + read f
    ubuntu-desktop-amd64: + echo -ne ''
    ubuntu-desktop-amd64: + read f
    ubuntu-desktop-amd64: + echo -ne ''
    ubuntu-desktop-amd64: + read f
    ubuntu-desktop-amd64: + echo -ne ''
    ubuntu-desktop-amd64: + read f
    ubuntu-desktop-amd64: + echo -ne ''
    ubuntu-desktop-amd64: + read f
    ubuntu-desktop-amd64: + echo -ne ''
    ubuntu-desktop-amd64: + read f
    ubuntu-desktop-amd64: + echo -ne ''
    ubuntu-desktop-amd64: + read f
    ubuntu-desktop-amd64: + echo '==> Clearing last login information'
    ubuntu-desktop-amd64: + dd if=/dev/zero of=/EMPTY_FILE bs=1M
    ubuntu-desktop-amd64: dd: error writing '/EMPTY_FILE': No space left on device
    ubuntu-desktop-amd64: 96670+0 records in
    ubuntu-desktop-amd64: 96669+0 records out
    ubuntu-desktop-amd64: 101365628928 bytes (101 GB, 94 GiB) copied, 1520.57 s, 66.7 MB/s
    ubuntu-desktop-amd64: + echo 'dd exit code 1 is suppressed'
    ubuntu-desktop-amd64: + rm -f /EMPTY_FILE
    ubuntu-desktop-amd64: dd exit code 1 is suppressed
    ubuntu-desktop-amd64: + sync
==> ubuntu-desktop-amd64: Gracefully halting virtual machine...
==> ubuntu-desktop-amd64: Converting hard drive...
==> ubuntu-desktop-amd64: Running post-processor: vagrant
==> ubuntu-desktop-amd64 (vagrant): Creating Vagrant box for 'libvirt' provider
    ubuntu-desktop-amd64 (vagrant): Copying from artifact: output-ubuntu-desktop-amd64/packer-ubuntu-desktop-amd64
    ubuntu-desktop-amd64 (vagrant): Using custom Vagrantfile: Vagrantfile-linux.template
    ubuntu-desktop-amd64 (vagrant): Compressing: Vagrantfile
    ubuntu-desktop-amd64 (vagrant): Compressing: box.img
    ubuntu-desktop-amd64 (vagrant): Compressing: metadata.json
Build 'ubuntu-desktop-amd64' finished.

==> Builds finished. The artifacts of successful builds are:
--> ubuntu-desktop-amd64: 'libvirt' provider box: ubuntu-desktop-amd64-libvirt.box
