ubuntu-14.04-server-amd64 output will be in this color.

==> ubuntu-14.04-server-amd64: Downloading or copying ISO
    ubuntu-14.04-server-amd64: Downloading or copying: http://releases.ubuntu.com/14.04.5/ubuntu-14.04.5-server-amd64.iso
==> ubuntu-14.04-server-amd64: Creating hard drive...
==> ubuntu-14.04-server-amd64: Starting HTTP server on port 8085
==> ubuntu-14.04-server-amd64: Found port for communicator (SSH, WinRM, etc): 2589.
==> ubuntu-14.04-server-amd64: Looking for available port between 5900 and 6000 on 127.0.0.1
==> ubuntu-14.04-server-amd64: Starting VM, booting from CD-ROM
==> ubuntu-14.04-server-amd64: Overriding defaults Qemu arguments with QemuArgs...
==> ubuntu-14.04-server-amd64: Waiting 2s for boot...
==> ubuntu-14.04-server-amd64: Connecting to VM via VNC
==> ubuntu-14.04-server-amd64: Typing the boot command over VNC...
==> ubuntu-14.04-server-amd64: Waiting for SSH to become available...
==> ubuntu-14.04-server-amd64: Connected to SSH!
==> ubuntu-14.04-server-amd64: Provisioning with shell script: scripts/ubuntu/update.sh
    ubuntu-14.04-server-amd64: [sudo] password for vagrant: + export DEBIAN_FRONTEND=noninteractive
    ubuntu-14.04-server-amd64: + DEBIAN_FRONTEND=noninteractive
    ubuntu-14.04-server-amd64: + apt-get update
    ubuntu-14.04-server-amd64: Ign http://archive.ubuntu.com trusty InRelease
    ubuntu-14.04-server-amd64: Hit http://archive.ubuntu.com trusty-updates InRelease
    ubuntu-14.04-server-amd64: Hit http://archive.ubuntu.com trusty-backports InRelease
    ubuntu-14.04-server-amd64: Hit http://security.ubuntu.com trusty-security InRelease
    ubuntu-14.04-server-amd64: Hit http://archive.ubuntu.com trusty Release.gpg
    ubuntu-14.04-server-amd64: Hit http://archive.ubuntu.com trusty-updates/main Sources
    ubuntu-14.04-server-amd64: Hit http://archive.ubuntu.com trusty-updates/restricted Sources
    ubuntu-14.04-server-amd64: Hit http://security.ubuntu.com trusty-security/main Sources
    ubuntu-14.04-server-amd64: Hit http://archive.ubuntu.com trusty-updates/universe Sources
    ubuntu-14.04-server-amd64: Hit http://archive.ubuntu.com trusty-updates/multiverse Sources
    ubuntu-14.04-server-amd64: Hit http://security.ubuntu.com trusty-security/restricted Sources
    ubuntu-14.04-server-amd64: Hit http://archive.ubuntu.com trusty-updates/main amd64 Packages
    ubuntu-14.04-server-amd64: Hit http://archive.ubuntu.com trusty-updates/restricted amd64 Packages
    ubuntu-14.04-server-amd64: Hit http://archive.ubuntu.com trusty-updates/universe amd64 Packages
    ubuntu-14.04-server-amd64: Hit http://security.ubuntu.com trusty-security/universe Sources
    ubuntu-14.04-server-amd64: Hit http://archive.ubuntu.com trusty-updates/multiverse amd64 Packages
    ubuntu-14.04-server-amd64: Hit http://archive.ubuntu.com trusty-updates/main i386 Packages
    ubuntu-14.04-server-amd64: Hit http://security.ubuntu.com trusty-security/multiverse Sources
    ubuntu-14.04-server-amd64: Hit http://archive.ubuntu.com trusty-updates/restricted i386 Packages
    ubuntu-14.04-server-amd64: Hit http://archive.ubuntu.com trusty-updates/universe i386 Packages
    ubuntu-14.04-server-amd64: Hit http://security.ubuntu.com trusty-security/main amd64 Packages
    ubuntu-14.04-server-amd64: Hit http://archive.ubuntu.com trusty-updates/multiverse i386 Packages
    ubuntu-14.04-server-amd64: Hit http://archive.ubuntu.com trusty-updates/main Translation-en
    ubuntu-14.04-server-amd64: Hit http://security.ubuntu.com trusty-security/restricted amd64 Packages
    ubuntu-14.04-server-amd64: Hit http://archive.ubuntu.com trusty-updates/multiverse Translation-en
    ubuntu-14.04-server-amd64: Hit http://security.ubuntu.com trusty-security/universe amd64 Packages
    ubuntu-14.04-server-amd64: Hit http://archive.ubuntu.com trusty-updates/restricted Translation-en
    ubuntu-14.04-server-amd64: Hit http://archive.ubuntu.com trusty-updates/universe Translation-en
    ubuntu-14.04-server-amd64: Hit http://security.ubuntu.com trusty-security/multiverse amd64 Packages
    ubuntu-14.04-server-amd64: Hit http://archive.ubuntu.com trusty-backports/main Sources
    ubuntu-14.04-server-amd64: Hit http://archive.ubuntu.com trusty-backports/restricted Sources
    ubuntu-14.04-server-amd64: Hit http://archive.ubuntu.com trusty-backports/universe Sources
    ubuntu-14.04-server-amd64: Hit http://security.ubuntu.com trusty-security/main i386 Packages
    ubuntu-14.04-server-amd64: Hit http://archive.ubuntu.com trusty-backports/multiverse Sources
    ubuntu-14.04-server-amd64: Hit http://archive.ubuntu.com trusty-backports/main amd64 Packages
    ubuntu-14.04-server-amd64: Hit http://security.ubuntu.com trusty-security/restricted i386 Packages
    ubuntu-14.04-server-amd64: Hit http://archive.ubuntu.com trusty-backports/restricted amd64 Packages
    ubuntu-14.04-server-amd64: Hit http://archive.ubuntu.com trusty-backports/universe amd64 Packages
    ubuntu-14.04-server-amd64: Hit http://security.ubuntu.com trusty-security/universe i386 Packages
    ubuntu-14.04-server-amd64: Hit http://archive.ubuntu.com trusty-backports/multiverse amd64 Packages
    ubuntu-14.04-server-amd64: Hit http://archive.ubuntu.com trusty-backports/main i386 Packages
    ubuntu-14.04-server-amd64: Hit http://archive.ubuntu.com trusty-backports/restricted i386 Packages
    ubuntu-14.04-server-amd64: Hit http://security.ubuntu.com trusty-security/multiverse i386 Packages
    ubuntu-14.04-server-amd64: Hit http://archive.ubuntu.com trusty-backports/universe i386 Packages
    ubuntu-14.04-server-amd64: Hit http://archive.ubuntu.com trusty-backports/multiverse i386 Packages
    ubuntu-14.04-server-amd64: Hit http://security.ubuntu.com trusty-security/main Translation-en
    ubuntu-14.04-server-amd64: Hit http://archive.ubuntu.com trusty-backports/main Translation-en
    ubuntu-14.04-server-amd64: Hit http://archive.ubuntu.com trusty-backports/multiverse Translation-en
    ubuntu-14.04-server-amd64: Hit http://security.ubuntu.com trusty-security/multiverse Translation-en
    ubuntu-14.04-server-amd64: Hit http://archive.ubuntu.com trusty-backports/restricted Translation-en
    ubuntu-14.04-server-amd64: Hit http://archive.ubuntu.com trusty-backports/universe Translation-en
    ubuntu-14.04-server-amd64: Hit http://security.ubuntu.com trusty-security/restricted Translation-en
    ubuntu-14.04-server-amd64: Hit http://archive.ubuntu.com trusty Release
    ubuntu-14.04-server-amd64: Hit http://security.ubuntu.com trusty-security/universe Translation-en
    ubuntu-14.04-server-amd64: Hit http://archive.ubuntu.com trusty/main Sources
    ubuntu-14.04-server-amd64: Hit http://archive.ubuntu.com trusty/restricted Sources
    ubuntu-14.04-server-amd64: Hit http://archive.ubuntu.com trusty/universe Sources
    ubuntu-14.04-server-amd64: Hit http://archive.ubuntu.com trusty/multiverse Sources
    ubuntu-14.04-server-amd64: Hit http://archive.ubuntu.com trusty/main amd64 Packages
    ubuntu-14.04-server-amd64: Hit http://archive.ubuntu.com trusty/restricted amd64 Packages
    ubuntu-14.04-server-amd64: Hit http://archive.ubuntu.com trusty/universe amd64 Packages
    ubuntu-14.04-server-amd64: Hit http://archive.ubuntu.com trusty/multiverse amd64 Packages
    ubuntu-14.04-server-amd64: Hit http://archive.ubuntu.com trusty/main i386 Packages
    ubuntu-14.04-server-amd64: Hit http://archive.ubuntu.com trusty/restricted i386 Packages
    ubuntu-14.04-server-amd64: Hit http://archive.ubuntu.com trusty/universe i386 Packages
    ubuntu-14.04-server-amd64: Hit http://archive.ubuntu.com trusty/multiverse i386 Packages
    ubuntu-14.04-server-amd64: Hit http://archive.ubuntu.com trusty/main Translation-en
    ubuntu-14.04-server-amd64: Hit http://archive.ubuntu.com trusty/multiverse Translation-en
    ubuntu-14.04-server-amd64: Hit http://archive.ubuntu.com trusty/restricted Translation-en
    ubuntu-14.04-server-amd64: Hit http://archive.ubuntu.com trusty/universe Translation-en
    ubuntu-14.04-server-amd64: Ign http://archive.ubuntu.com trusty/main Translation-en_US
    ubuntu-14.04-server-amd64: Ign http://archive.ubuntu.com trusty/multiverse Translation-en_US
    ubuntu-14.04-server-amd64: Ign http://archive.ubuntu.com trusty/restricted Translation-en_US
    ubuntu-14.04-server-amd64: Ign http://archive.ubuntu.com trusty/universe Translation-en_US
    ubuntu-14.04-server-amd64: + apt-get -y upgrade
    ubuntu-14.04-server-amd64: Reading package lists...
    ubuntu-14.04-server-amd64: Reading package lists...
    ubuntu-14.04-server-amd64: Building dependency tree...
    ubuntu-14.04-server-amd64: Reading state information...
    ubuntu-14.04-server-amd64: The following packages have been kept back:
    ubuntu-14.04-server-amd64: linux-generic-lts-xenial linux-headers-generic-lts-xenial
    ubuntu-14.04-server-amd64: linux-image-generic-lts-xenial
    ubuntu-14.04-server-amd64: The following packages will be upgraded:
    ubuntu-14.04-server-amd64: accountsservice apt apt-transport-https apt-utils bind9-host dbus dnsutils
    ubuntu-14.04-server-amd64: gnupg gpgv isc-dhcp-client isc-dhcp-common libaccountsservice0
    ubuntu-14.04-server-amd64: libapt-inst1.5 libapt-pkg4.12 libbind9-90 libcurl3-gnutls libdbus-1-3
    ubuntu-14.04-server-amd64: libdns100 libgcrypt11 libidn11 libisc95 libisccc90 libisccfg90 liblwres90
    ubuntu-14.04-server-amd64: libnl-3-200 libnl-genl-3-200 libpython3.4-minimal libpython3.4-stdlib
    ubuntu-14.04-server-amd64: libssl1.0.0 lsb-base lsb-release ntpdate openssl python3-update-manager
    ubuntu-14.04-server-amd64: python3.4 python3.4-minimal sudo tzdata update-manager-core
    ubuntu-14.04-server-amd64: 39 upgraded, 0 newly installed, 0 to remove and 3 not upgraded.
    ubuntu-14.04-server-amd64: Need to get 11.9 MB of archives.
    ubuntu-14.04-server-amd64: After this operation, 17.4 kB of additional disk space will be used.
    ubuntu-14.04-server-amd64: Get:1 http://archive.ubuntu.com/ubuntu/ trusty-updates/main libapt-pkg4.12 amd64 1.0.1ubuntu2.15 [638 kB]
    ubuntu-14.04-server-amd64: Get:2 http://archive.ubuntu.com/ubuntu/ trusty-updates/main gpgv amd64 1.4.16-1ubuntu2.4 [161 kB]
    ubuntu-14.04-server-amd64: Get:3 http://archive.ubuntu.com/ubuntu/ trusty-updates/main gnupg amd64 1.4.16-1ubuntu2.4 [611 kB]
    ubuntu-14.04-server-amd64: Get:4 http://archive.ubuntu.com/ubuntu/ trusty-updates/main apt amd64 1.0.1ubuntu2.15 [953 kB]
    ubuntu-14.04-server-amd64: Get:5 http://archive.ubuntu.com/ubuntu/ trusty-updates/main libapt-inst1.5 amd64 1.0.1ubuntu2.15 [58.7 kB]
    ubuntu-14.04-server-amd64: Get:6 http://archive.ubuntu.com/ubuntu/ trusty-updates/main libgcrypt11 amd64 1.5.3-2ubuntu4.4 [238 kB]
    ubuntu-14.04-server-amd64: Get:7 http://archive.ubuntu.com/ubuntu/ trusty-updates/main python3.4 amd64 3.4.3-1ubuntu1~14.04.4 [178 kB]
    ubuntu-14.04-server-amd64: Get:8 http://archive.ubuntu.com/ubuntu/ trusty-updates/main python3.4-minimal amd64 3.4.3-1ubuntu1~14.04.4 [1,227 kB]
    ubuntu-14.04-server-amd64: Get:9 http://archive.ubuntu.com/ubuntu/ trusty-updates/main libpython3.4-stdlib amd64 3.4.3-1ubuntu1~14.04.4 [1,984 kB]
    ubuntu-14.04-server-amd64: Get:10 http://archive.ubuntu.com/ubuntu/ trusty-updates/main libssl1.0.0 amd64 1.0.1f-1ubuntu2.21 [830 kB]
    ubuntu-14.04-server-amd64: Get:11 http://archive.ubuntu.com/ubuntu/ trusty-updates/main libpython3.4-minimal amd64 3.4.3-1ubuntu1~14.04.4 [462 kB]
    ubuntu-14.04-server-amd64: Get:12 http://archive.ubuntu.com/ubuntu/ trusty-updates/main ntpdate amd64 1:4.2.6.p5+dfsg-3ubuntu2.14.04.10 [57.7 kB]
    ubuntu-14.04-server-amd64: Get:13 http://archive.ubuntu.com/ubuntu/ trusty-updates/main libdbus-1-3 amd64 1.6.18-0ubuntu4.4 [132 kB]
    ubuntu-14.04-server-amd64: Get:14 http://archive.ubuntu.com/ubuntu/ trusty-updates/main libidn11 amd64 1.28-1ubuntu2.1 [94.4 kB]
    ubuntu-14.04-server-amd64: Get:15 http://archive.ubuntu.com/ubuntu/ trusty-updates/main libcurl3-gnutls amd64 7.35.0-1ubuntu2.10 [166 kB]
    ubuntu-14.04-server-amd64: Get:16 http://archive.ubuntu.com/ubuntu/ trusty-updates/main libnl-genl-3-200 amd64 3.2.21-1ubuntu4 [10.2 kB]
    ubuntu-14.04-server-amd64: Get:17 http://archive.ubuntu.com/ubuntu/ trusty-updates/main libnl-3-200 amd64 3.2.21-1ubuntu4 [45.6 kB]
    ubuntu-14.04-server-amd64: Get:18 http://archive.ubuntu.com/ubuntu/ trusty-updates/main lsb-base all 4.1+Debian11ubuntu6.2 [13.3 kB]
    ubuntu-14.04-server-amd64: Get:19 http://archive.ubuntu.com/ubuntu/ trusty-updates/main tzdata all 2016h-0ubuntu0.14.04 [166 kB]
    ubuntu-14.04-server-amd64: Get:20 http://archive.ubuntu.com/ubuntu/ trusty-updates/main apt-utils amd64 1.0.1ubuntu2.15 [172 kB]
    ubuntu-14.04-server-amd64: Get:21 http://archive.ubuntu.com/ubuntu/ trusty-updates/main isc-dhcp-client amd64 4.2.4-7ubuntu12.7 [639 kB]
    ubuntu-14.04-server-amd64: Get:22 http://archive.ubuntu.com/ubuntu/ trusty-updates/main isc-dhcp-common amd64 4.2.4-7ubuntu12.7 [708 kB]
    ubuntu-14.04-server-amd64: Get:23 http://archive.ubuntu.com/ubuntu/ trusty-updates/main lsb-release all 4.1+Debian11ubuntu6.2 [11.6 kB]
    ubuntu-14.04-server-amd64: Get:24 http://archive.ubuntu.com/ubuntu/ trusty-updates/main sudo amd64 1.8.9p5-1ubuntu1.3 [342 kB]
    ubuntu-14.04-server-amd64: Get:25 http://archive.ubuntu.com/ubuntu/ trusty-updates/main accountsservice amd64 0.6.35-0ubuntu7.3 [60.6 kB]
    ubuntu-14.04-server-amd64: Get:26 http://archive.ubuntu.com/ubuntu/ trusty-updates/main libaccountsservice0 amd64 0.6.35-0ubuntu7.3 [69.8 kB]
    ubuntu-14.04-server-amd64: Get:27 http://archive.ubuntu.com/ubuntu/ trusty-updates/main dbus amd64 1.6.18-0ubuntu4.4 [231 kB]
    ubuntu-14.04-server-amd64: Get:28 http://archive.ubuntu.com/ubuntu/ trusty-updates/main apt-transport-https amd64 1.0.1ubuntu2.15 [25.0 kB]
    ubuntu-14.04-server-amd64: Get:29 http://archive.ubuntu.com/ubuntu/ trusty-updates/main bind9-host amd64 1:9.9.5.dfsg-3ubuntu0.10 [46.5 kB]
    ubuntu-14.04-server-amd64: Get:30 http://archive.ubuntu.com/ubuntu/ trusty-updates/main dnsutils amd64 1:9.9.5.dfsg-3ubuntu0.10 [97.0 kB]
    ubuntu-14.04-server-amd64: Get:31 http://archive.ubuntu.com/ubuntu/ trusty-updates/main libisc95 amd64 1:9.9.5.dfsg-3ubuntu0.10 [148 kB]
    ubuntu-14.04-server-amd64: Get:32 http://archive.ubuntu.com/ubuntu/ trusty-updates/main libdns100 amd64 1:9.9.5.dfsg-3ubuntu0.10 [645 kB]
    ubuntu-14.04-server-amd64: Get:33 http://archive.ubuntu.com/ubuntu/ trusty-updates/main libisccc90 amd64 1:9.9.5.dfsg-3ubuntu0.10 [15.7 kB]
    ubuntu-14.04-server-amd64: Get:34 http://archive.ubuntu.com/ubuntu/ trusty-updates/main libisccfg90 amd64 1:9.9.5.dfsg-3ubuntu0.10 [36.0 kB]
    ubuntu-14.04-server-amd64: Get:35 http://archive.ubuntu.com/ubuntu/ trusty-updates/main liblwres90 amd64 1:9.9.5.dfsg-3ubuntu0.10 [32.6 kB]
    ubuntu-14.04-server-amd64: Get:36 http://archive.ubuntu.com/ubuntu/ trusty-updates/main libbind9-90 amd64 1:9.9.5.dfsg-3ubuntu0.10 [22.0 kB]
    ubuntu-14.04-server-amd64: Get:37 http://archive.ubuntu.com/ubuntu/ trusty-updates/main openssl amd64 1.0.1f-1ubuntu2.21 [489 kB]
    ubuntu-14.04-server-amd64: Get:38 http://archive.ubuntu.com/ubuntu/ trusty-updates/main python3-update-manager all 1:0.196.22 [32.0 kB]
    ubuntu-14.04-server-amd64: Get:39 http://archive.ubuntu.com/ubuntu/ trusty-updates/main update-manager-core all 1:0.196.22 [8,196 B]
    ubuntu-14.04-server-amd64: Extracting templates from packages: 100%
    ubuntu-14.04-server-amd64: Preconfiguring packages ...
    ubuntu-14.04-server-amd64: Fetched 11.9 MB in 6s (1,958 kB/s)
    ubuntu-14.04-server-amd64: (Reading database ... 57305 files and directories currently installed.)
    ubuntu-14.04-server-amd64: Preparing to unpack .../libapt-pkg4.12_1.0.1ubuntu2.15_amd64.deb ...
    ubuntu-14.04-server-amd64: Unpacking libapt-pkg4.12:amd64 (1.0.1ubuntu2.15) over (1.0.1ubuntu2.14) ...
    ubuntu-14.04-server-amd64: Setting up libapt-pkg4.12:amd64 (1.0.1ubuntu2.15) ...
    ubuntu-14.04-server-amd64: Processing triggers for libc-bin (2.19-0ubuntu6.9) ...
    ubuntu-14.04-server-amd64: (Reading database ... 57305 files and directories currently installed.)
    ubuntu-14.04-server-amd64: Preparing to unpack .../gpgv_1.4.16-1ubuntu2.4_amd64.deb ...
    ubuntu-14.04-server-amd64: Unpacking gpgv (1.4.16-1ubuntu2.4) over (1.4.16-1ubuntu2.3) ...
    ubuntu-14.04-server-amd64: Processing triggers for man-db (2.6.7.1-1ubuntu1) ...
    ubuntu-14.04-server-amd64: Setting up gpgv (1.4.16-1ubuntu2.4) ...
    ubuntu-14.04-server-amd64: (Reading database ... 57305 files and directories currently installed.)
    ubuntu-14.04-server-amd64: Preparing to unpack .../gnupg_1.4.16-1ubuntu2.4_amd64.deb ...
    ubuntu-14.04-server-amd64: Unpacking gnupg (1.4.16-1ubuntu2.4) over (1.4.16-1ubuntu2.3) ...
    ubuntu-14.04-server-amd64: Processing triggers for install-info (5.2.0.dfsg.1-2) ...
    ubuntu-14.04-server-amd64: Processing triggers for man-db (2.6.7.1-1ubuntu1) ...
    ubuntu-14.04-server-amd64: Setting up gnupg (1.4.16-1ubuntu2.4) ...
    ubuntu-14.04-server-amd64: (Reading database ... 57305 files and directories currently installed.)
    ubuntu-14.04-server-amd64: Preparing to unpack .../apt_1.0.1ubuntu2.15_amd64.deb ...
    ubuntu-14.04-server-amd64: Unpacking apt (1.0.1ubuntu2.15) over (1.0.1ubuntu2.14) ...
    ubuntu-14.04-server-amd64: Processing triggers for man-db (2.6.7.1-1ubuntu1) ...
    ubuntu-14.04-server-amd64: Setting up apt (1.0.1ubuntu2.15) ...
    ubuntu-14.04-server-amd64: Processing triggers for libc-bin (2.19-0ubuntu6.9) ...
    ubuntu-14.04-server-amd64: (Reading database ... 57305 files and directories currently installed.)
    ubuntu-14.04-server-amd64: Preparing to unpack .../libapt-inst1.5_1.0.1ubuntu2.15_amd64.deb ...
    ubuntu-14.04-server-amd64: Unpacking libapt-inst1.5:amd64 (1.0.1ubuntu2.15) over (1.0.1ubuntu2.14) ...
    ubuntu-14.04-server-amd64: Preparing to unpack .../libgcrypt11_1.5.3-2ubuntu4.4_amd64.deb ...
    ubuntu-14.04-server-amd64: Unpacking libgcrypt11:amd64 (1.5.3-2ubuntu4.4) over (1.5.3-2ubuntu4.3) ...
    ubuntu-14.04-server-amd64: Preparing to unpack .../python3.4_3.4.3-1ubuntu1~14.04.4_amd64.deb ...
    ubuntu-14.04-server-amd64: Unpacking python3.4 (3.4.3-1ubuntu1~14.04.4) over (3.4.3-1ubuntu1~14.04.3) ...
    ubuntu-14.04-server-amd64: Preparing to unpack .../python3.4-minimal_3.4.3-1ubuntu1~14.04.4_amd64.deb ...
    ubuntu-14.04-server-amd64: Unpacking python3.4-minimal (3.4.3-1ubuntu1~14.04.4) over (3.4.3-1ubuntu1~14.04.3) ...
    ubuntu-14.04-server-amd64: Preparing to unpack .../libpython3.4-stdlib_3.4.3-1ubuntu1~14.04.4_amd64.deb ...
    ubuntu-14.04-server-amd64: Unpacking libpython3.4-stdlib:amd64 (3.4.3-1ubuntu1~14.04.4) over (3.4.3-1ubuntu1~14.04.3) ...
    ubuntu-14.04-server-amd64: Preparing to unpack .../libssl1.0.0_1.0.1f-1ubuntu2.21_amd64.deb ...
    ubuntu-14.04-server-amd64: Unpacking libssl1.0.0:amd64 (1.0.1f-1ubuntu2.21) over (1.0.1f-1ubuntu2.19) ...
    ubuntu-14.04-server-amd64: Preparing to unpack .../libpython3.4-minimal_3.4.3-1ubuntu1~14.04.4_amd64.deb ...
    ubuntu-14.04-server-amd64: Unpacking libpython3.4-minimal:amd64 (3.4.3-1ubuntu1~14.04.4) over (3.4.3-1ubuntu1~14.04.3) ...
    ubuntu-14.04-server-amd64: Preparing to unpack .../ntpdate_1%3a4.2.6.p5+dfsg-3ubuntu2.14.04.10_amd64.deb ...
    ubuntu-14.04-server-amd64: Unpacking ntpdate (1:4.2.6.p5+dfsg-3ubuntu2.14.04.10) over (1:4.2.6.p5+dfsg-3ubuntu2.14.04.8) ...
    ubuntu-14.04-server-amd64: Preparing to unpack .../libdbus-1-3_1.6.18-0ubuntu4.4_amd64.deb ...
    ubuntu-14.04-server-amd64: Unpacking libdbus-1-3:amd64 (1.6.18-0ubuntu4.4) over (1.6.18-0ubuntu4.3) ...
    ubuntu-14.04-server-amd64: Preparing to unpack .../libidn11_1.28-1ubuntu2.1_amd64.deb ...
    ubuntu-14.04-server-amd64: Unpacking libidn11:amd64 (1.28-1ubuntu2.1) over (1.28-1ubuntu2) ...
    ubuntu-14.04-server-amd64: Preparing to unpack .../libcurl3-gnutls_7.35.0-1ubuntu2.10_amd64.deb ...
    ubuntu-14.04-server-amd64: Unpacking libcurl3-gnutls:amd64 (7.35.0-1ubuntu2.10) over (7.35.0-1ubuntu2.7) ...
    ubuntu-14.04-server-amd64: Preparing to unpack .../libnl-genl-3-200_3.2.21-1ubuntu4_amd64.deb ...
    ubuntu-14.04-server-amd64: Unpacking libnl-genl-3-200:amd64 (3.2.21-1ubuntu4) over (3.2.21-1ubuntu3) ...
    ubuntu-14.04-server-amd64: Preparing to unpack .../libnl-3-200_3.2.21-1ubuntu4_amd64.deb ...
    ubuntu-14.04-server-amd64: Unpacking libnl-3-200:amd64 (3.2.21-1ubuntu4) over (3.2.21-1ubuntu3) ...
    ubuntu-14.04-server-amd64: Preparing to unpack .../lsb-base_4.1+Debian11ubuntu6.2_all.deb ...
    ubuntu-14.04-server-amd64: Unpacking lsb-base (4.1+Debian11ubuntu6.2) over (4.1+Debian11ubuntu6.1) ...
    ubuntu-14.04-server-amd64: Processing triggers for mime-support (3.54ubuntu1.1) ...
    ubuntu-14.04-server-amd64: Processing triggers for man-db (2.6.7.1-1ubuntu1) ...
    ubuntu-14.04-server-amd64: Setting up lsb-base (4.1+Debian11ubuntu6.2) ...
    ubuntu-14.04-server-amd64: (Reading database ... 57305 files and directories currently installed.)
    ubuntu-14.04-server-amd64: Preparing to unpack .../tzdata_2016h-0ubuntu0.14.04_all.deb ...
    ubuntu-14.04-server-amd64: Unpacking tzdata (2016h-0ubuntu0.14.04) over (2016f-0ubuntu0.14.04) ...
    ubuntu-14.04-server-amd64: Setting up tzdata (2016h-0ubuntu0.14.04) ...
    ubuntu-14.04-server-amd64:
    ubuntu-14.04-server-amd64: Current default time zone: 'Etc/UTC'
    ubuntu-14.04-server-amd64: Local time is now:      Thu Nov 17 00:58:10 UTC 2016.
    ubuntu-14.04-server-amd64: Universal Time is now:  Thu Nov 17 00:58:10 UTC 2016.
    ubuntu-14.04-server-amd64: Run 'dpkg-reconfigure tzdata' if you wish to change it.
    ubuntu-14.04-server-amd64:
    ubuntu-14.04-server-amd64: (Reading database ... 57308 files and directories currently installed.)
    ubuntu-14.04-server-amd64: Preparing to unpack .../apt-utils_1.0.1ubuntu2.15_amd64.deb ...
    ubuntu-14.04-server-amd64: Unpacking apt-utils (1.0.1ubuntu2.15) over (1.0.1ubuntu2.14) ...
    ubuntu-14.04-server-amd64: Preparing to unpack .../isc-dhcp-client_4.2.4-7ubuntu12.7_amd64.deb ...
    ubuntu-14.04-server-amd64: Unpacking isc-dhcp-client (4.2.4-7ubuntu12.7) over (4.2.4-7ubuntu12.5) ...
    ubuntu-14.04-server-amd64: Preparing to unpack .../isc-dhcp-common_4.2.4-7ubuntu12.7_amd64.deb ...
    ubuntu-14.04-server-amd64: Unpacking isc-dhcp-common (4.2.4-7ubuntu12.7) over (4.2.4-7ubuntu12.5) ...
    ubuntu-14.04-server-amd64: Preparing to unpack .../lsb-release_4.1+Debian11ubuntu6.2_all.deb ...
    ubuntu-14.04-server-amd64: Unpacking lsb-release (4.1+Debian11ubuntu6.2) over (4.1+Debian11ubuntu6.1) ...
    ubuntu-14.04-server-amd64: Preparing to unpack .../sudo_1.8.9p5-1ubuntu1.3_amd64.deb ...
    ubuntu-14.04-server-amd64: Unpacking sudo (1.8.9p5-1ubuntu1.3) over (1.8.9p5-1ubuntu1.2) ...
    ubuntu-14.04-server-amd64: Preparing to unpack .../accountsservice_0.6.35-0ubuntu7.3_amd64.deb ...
    ubuntu-14.04-server-amd64: Unpacking accountsservice (0.6.35-0ubuntu7.3) over (0.6.35-0ubuntu7.2) ...
    ubuntu-14.04-server-amd64: Preparing to unpack .../libaccountsservice0_0.6.35-0ubuntu7.3_amd64.deb ...
    ubuntu-14.04-server-amd64: Unpacking libaccountsservice0:amd64 (0.6.35-0ubuntu7.3) over (0.6.35-0ubuntu7.2) ...
    ubuntu-14.04-server-amd64: Preparing to unpack .../dbus_1.6.18-0ubuntu4.4_amd64.deb ...
    ubuntu-14.04-server-amd64: Unpacking dbus (1.6.18-0ubuntu4.4) over (1.6.18-0ubuntu4.3) ...
    ubuntu-14.04-server-amd64: Preparing to unpack .../apt-transport-https_1.0.1ubuntu2.15_amd64.deb ...
    ubuntu-14.04-server-amd64: Unpacking apt-transport-https (1.0.1ubuntu2.15) over (1.0.1ubuntu2.14) ...
    ubuntu-14.04-server-amd64: Preparing to unpack .../bind9-host_1%3a9.9.5.dfsg-3ubuntu0.10_amd64.deb ...
    ubuntu-14.04-server-amd64: Unpacking bind9-host (1:9.9.5.dfsg-3ubuntu0.10) over (1:9.9.5.dfsg-3ubuntu0.8) ...
    ubuntu-14.04-server-amd64: Preparing to unpack .../dnsutils_1%3a9.9.5.dfsg-3ubuntu0.10_amd64.deb ...
    ubuntu-14.04-server-amd64: Unpacking dnsutils (1:9.9.5.dfsg-3ubuntu0.10) over (1:9.9.5.dfsg-3ubuntu0.8) ...
    ubuntu-14.04-server-amd64: Preparing to unpack .../libisc95_1%3a9.9.5.dfsg-3ubuntu0.10_amd64.deb ...
    ubuntu-14.04-server-amd64: Unpacking libisc95 (1:9.9.5.dfsg-3ubuntu0.10) over (1:9.9.5.dfsg-3ubuntu0.8) ...
    ubuntu-14.04-server-amd64: Preparing to unpack .../libdns100_1%3a9.9.5.dfsg-3ubuntu0.10_amd64.deb ...
    ubuntu-14.04-server-amd64: Unpacking libdns100 (1:9.9.5.dfsg-3ubuntu0.10) over (1:9.9.5.dfsg-3ubuntu0.8) ...
    ubuntu-14.04-server-amd64: Preparing to unpack .../libisccc90_1%3a9.9.5.dfsg-3ubuntu0.10_amd64.deb ...
    ubuntu-14.04-server-amd64: Unpacking libisccc90 (1:9.9.5.dfsg-3ubuntu0.10) over (1:9.9.5.dfsg-3ubuntu0.8) ...
    ubuntu-14.04-server-amd64: Preparing to unpack .../libisccfg90_1%3a9.9.5.dfsg-3ubuntu0.10_amd64.deb ...
    ubuntu-14.04-server-amd64: Unpacking libisccfg90 (1:9.9.5.dfsg-3ubuntu0.10) over (1:9.9.5.dfsg-3ubuntu0.8) ...
    ubuntu-14.04-server-amd64: Preparing to unpack .../liblwres90_1%3a9.9.5.dfsg-3ubuntu0.10_amd64.deb ...
    ubuntu-14.04-server-amd64: Unpacking liblwres90 (1:9.9.5.dfsg-3ubuntu0.10) over (1:9.9.5.dfsg-3ubuntu0.8) ...
    ubuntu-14.04-server-amd64: Preparing to unpack .../libbind9-90_1%3a9.9.5.dfsg-3ubuntu0.10_amd64.deb ...
    ubuntu-14.04-server-amd64: Unpacking libbind9-90 (1:9.9.5.dfsg-3ubuntu0.10) over (1:9.9.5.dfsg-3ubuntu0.8) ...
    ubuntu-14.04-server-amd64: Preparing to unpack .../openssl_1.0.1f-1ubuntu2.21_amd64.deb ...
    ubuntu-14.04-server-amd64: Unpacking openssl (1.0.1f-1ubuntu2.21) over (1.0.1f-1ubuntu2.19) ...
    ubuntu-14.04-server-amd64: Preparing to unpack .../python3-update-manager_1%3a0.196.22_all.deb ...
    ubuntu-14.04-server-amd64: Unpacking python3-update-manager (1:0.196.22) over (1:0.196.14) ...
    ubuntu-14.04-server-amd64: Preparing to unpack .../update-manager-core_1%3a0.196.22_all.deb ...
    ubuntu-14.04-server-amd64: Unpacking update-manager-core (1:0.196.22) over (1:0.196.14) ...
    ubuntu-14.04-server-amd64: Processing triggers for man-db (2.6.7.1-1ubuntu1) ...
    ubuntu-14.04-server-amd64: Processing triggers for ureadahead (0.100.0-16) ...
    ubuntu-14.04-server-amd64: ureadahead will be reprofiled on next reboot
    ubuntu-14.04-server-amd64: Setting up libapt-inst1.5:amd64 (1.0.1ubuntu2.15) ...
    ubuntu-14.04-server-amd64: Setting up libgcrypt11:amd64 (1.5.3-2ubuntu4.4) ...
    ubuntu-14.04-server-amd64: Setting up libssl1.0.0:amd64 (1.0.1f-1ubuntu2.21) ...
    ubuntu-14.04-server-amd64: Setting up libpython3.4-minimal:amd64 (3.4.3-1ubuntu1~14.04.4) ...
    ubuntu-14.04-server-amd64: Setting up python3.4-minimal (3.4.3-1ubuntu1~14.04.4) ...
    ubuntu-14.04-server-amd64: Setting up libpython3.4-stdlib:amd64 (3.4.3-1ubuntu1~14.04.4) ...
    ubuntu-14.04-server-amd64: Setting up python3.4 (3.4.3-1ubuntu1~14.04.4) ...
    ubuntu-14.04-server-amd64: Setting up ntpdate (1:4.2.6.p5+dfsg-3ubuntu2.14.04.10) ...
    ubuntu-14.04-server-amd64: Setting up libdbus-1-3:amd64 (1.6.18-0ubuntu4.4) ...
    ubuntu-14.04-server-amd64: Setting up libidn11:amd64 (1.28-1ubuntu2.1) ...
    ubuntu-14.04-server-amd64: Setting up libcurl3-gnutls:amd64 (7.35.0-1ubuntu2.10) ...
    ubuntu-14.04-server-amd64: Setting up libnl-3-200:amd64 (3.2.21-1ubuntu4) ...
    ubuntu-14.04-server-amd64: Setting up libnl-genl-3-200:amd64 (3.2.21-1ubuntu4) ...
    ubuntu-14.04-server-amd64: Setting up apt-utils (1.0.1ubuntu2.15) ...
    ubuntu-14.04-server-amd64: Setting up isc-dhcp-common (4.2.4-7ubuntu12.7) ...
    ubuntu-14.04-server-amd64: Setting up isc-dhcp-client (4.2.4-7ubuntu12.7) ...
    ubuntu-14.04-server-amd64: Setting up lsb-release (4.1+Debian11ubuntu6.2) ...
    ubuntu-14.04-server-amd64: Setting up sudo (1.8.9p5-1ubuntu1.3) ...
    ubuntu-14.04-server-amd64: Installing new version of config file /etc/sudoers ...
    ubuntu-14.04-server-amd64: Setting up dbus (1.6.18-0ubuntu4.4) ...
    ubuntu-14.04-server-amd64: Installing new version of config file /etc/dbus-1/system.conf ...
    ubuntu-14.04-server-amd64: Setting up libaccountsservice0:amd64 (0.6.35-0ubuntu7.3) ...
    ubuntu-14.04-server-amd64: Setting up accountsservice (0.6.35-0ubuntu7.3) ...
    ubuntu-14.04-server-amd64: Setting up apt-transport-https (1.0.1ubuntu2.15) ...
    ubuntu-14.04-server-amd64: Setting up libisc95 (1:9.9.5.dfsg-3ubuntu0.10) ...
    ubuntu-14.04-server-amd64: Setting up libdns100 (1:9.9.5.dfsg-3ubuntu0.10) ...
    ubuntu-14.04-server-amd64: Setting up libisccc90 (1:9.9.5.dfsg-3ubuntu0.10) ...
    ubuntu-14.04-server-amd64: Setting up libisccfg90 (1:9.9.5.dfsg-3ubuntu0.10) ...
    ubuntu-14.04-server-amd64: Setting up libbind9-90 (1:9.9.5.dfsg-3ubuntu0.10) ...
    ubuntu-14.04-server-amd64: Setting up liblwres90 (1:9.9.5.dfsg-3ubuntu0.10) ...
    ubuntu-14.04-server-amd64: Setting up bind9-host (1:9.9.5.dfsg-3ubuntu0.10) ...
    ubuntu-14.04-server-amd64: Setting up dnsutils (1:9.9.5.dfsg-3ubuntu0.10) ...
    ubuntu-14.04-server-amd64: Setting up openssl (1.0.1f-1ubuntu2.21) ...
    ubuntu-14.04-server-amd64: Setting up python3-update-manager (1:0.196.22) ...
    ubuntu-14.04-server-amd64: Setting up update-manager-core (1:0.196.22) ...
    ubuntu-14.04-server-amd64: Processing triggers for libc-bin (2.19-0ubuntu6.9) ...
==> ubuntu-14.04-server-amd64: Provisioning with shell script: scripts/linux-common/vagrant.sh
    ubuntu-14.04-server-amd64: [sudo] password for vagrant: + date
    ubuntu-14.04-server-amd64: + SSH_USER=vagrant
    ubuntu-14.04-server-amd64: + SSH_USER_HOME=/home/vagrant
    ubuntu-14.04-server-amd64: + VAGRANT_INSECURE_KEY='ssh-rsa AAAAB3NzaC1yc2EAAAABIwAAAQEA6NF8iallvQVp22WDkTkyrtvp9eWW6A8YVr+kz4TjGYe7gHzIw+niNltGEFHzD8+v1I2YJ6oXevct1YeS0o9HZyN1Q9qgCgzUFtdOKLv6IedplqoPkcmF0aYet2PkEDo3MlTBckFXPITAMzF8dJSIFo9D8HfdOV0IAdx4O7PtixWKn5y2hMNG0zQPyUecp4pzC6kivAIhyfHilFR61RGL+GPXQ2MWZWFYbAGjyiYJnAmCP3NOTd0jMZEnDkbUvxhMmBYSdETk1rRgm+R4LOzFUGaHqHDLKLX+FIPKcF96hrucXzcWyLbIbEgE98OHlnVYCzRdK8jlqm8tehUc9c9WhQ== vagrant insecure public key'
    ubuntu-14.04-server-amd64: + echo '==> Giving vagrant sudo powers'
    ubuntu-14.04-server-amd64: ==> Giving vagrant sudo powers
    ubuntu-14.04-server-amd64: + echo 'vagrant        ALL=(ALL)       NOPASSWD: ALL'
    ubuntu-14.04-server-amd64: ==> Installing vagrant key
    ubuntu-14.04-server-amd64: + echo '==> Installing vagrant key'
    ubuntu-14.04-server-amd64: + mkdir /home/vagrant/.ssh
    ubuntu-14.04-server-amd64: + chmod 700 /home/vagrant/.ssh
    ubuntu-14.04-server-amd64: + cd /home/vagrant/.ssh
    ubuntu-14.04-server-amd64: + echo 'ssh-rsa AAAAB3NzaC1yc2EAAAABIwAAAQEA6NF8iallvQVp22WDkTkyrtvp9eWW6A8YVr+kz4TjGYe7gHzIw+niNltGEFHzD8+v1I2YJ6oXevct1YeS0o9HZyN1Q9qgCgzUFtdOKLv6IedplqoPkcmF0aYet2PkEDo3MlTBckFXPITAMzF8dJSIFo9D8HfdOV0IAdx4O7PtixWKn5y2hMNG0zQPyUecp4pzC6kivAIhyfHilFR61RGL+GPXQ2MWZWFYbAGjyiYJnAmCP3NOTd0jMZEnDkbUvxhMmBYSdETk1rRgm+R4LOzFUGaHqHDLKLX+FIPKcF96hrucXzcWyLbIbEgE98OHlnVYCzRdK8jlqm8tehUc9c9WhQ== vagrant insecure public key'
    ubuntu-14.04-server-amd64: + chmod 600 /home/vagrant/.ssh/authorized_keys
    ubuntu-14.04-server-amd64: + chown -R vagrant:vagrant /home/vagrant/.ssh
==> ubuntu-14.04-server-amd64: Provisioning with shell script: scripts/linux-common/cleanup.sh
    ubuntu-14.04-server-amd64: + SSH_USER=vagrant
    ubuntu-14.04-server-amd64: + echo '==> Cleaning up udev rules'
    ubuntu-14.04-server-amd64: ==> Cleaning up udev rules
    ubuntu-14.04-server-amd64: + rm -rf /dev/.udev/ /lib/udev/rules.d/75-persistent-net-generator.rules
    ubuntu-14.04-server-amd64: + service rsyslog stop
    ubuntu-14.04-server-amd64: rsyslog stop/waiting
    ubuntu-14.04-server-amd64: + '[' -f /etc/os-release ']'
    ubuntu-14.04-server-amd64: + grep -iq debian /etc/os-release
    ubuntu-14.04-server-amd64: + export DEBIAN_FRONTEND=noninteractive
    ubuntu-14.04-server-amd64: + DEBIAN_FRONTEND=noninteractive
    ubuntu-14.04-server-amd64: + echo 'pre-up sleep 2'
    ubuntu-14.04-server-amd64: ==> Cleaning up leftover dhcp leases
    ubuntu-14.04-server-amd64: + echo '==> Cleaning up leftover dhcp leases'
    ubuntu-14.04-server-amd64: + '[' -d /var/lib/dhcp3 ']'
    ubuntu-14.04-server-amd64: + '[' -d /var/lib/dhcp ']'
    ubuntu-14.04-server-amd64: + rm /var/lib/dhcp/dhclient.eth0.leases /var/lib/dhcp/dhclient.leases
    ubuntu-14.04-server-amd64: + apt-get -y autoremove --purge
    ubuntu-14.04-server-amd64: Reading package lists...
    ubuntu-14.04-server-amd64: Building dependency tree...
    ubuntu-14.04-server-amd64: Reading state information...
    ubuntu-14.04-server-amd64: 0 upgraded, 0 newly installed, 0 to remove and 3 not upgraded.
    ubuntu-14.04-server-amd64: + apt-get -y clean
    ubuntu-14.04-server-amd64: + apt-get -y autoclean
    ubuntu-14.04-server-amd64: Reading package lists...
    ubuntu-14.04-server-amd64: Building dependency tree...
    ubuntu-14.04-server-amd64: Reading state information...
    ubuntu-14.04-server-amd64: + echo '==> Cleaning up tmp'
    ubuntu-14.04-server-amd64: ==> Cleaning up tmp
    ubuntu-14.04-server-amd64: + rm -rf /tmp/script_6788.sh /tmp/ssh-bVlJxqhX2H
    ubuntu-14.04-server-amd64: + unset HISTFILE
    ubuntu-14.04-server-amd64: + rm -f /root/.bash_history
    ubuntu-14.04-server-amd64: + rm -f /home/vagrant/.bash_history
    ubuntu-14.04-server-amd64: + read f
    ubuntu-14.04-server-amd64: + find /var/log -type f
    ubuntu-14.04-server-amd64: + echo -ne ''
    ubuntu-14.04-server-amd64: + read f
    ubuntu-14.04-server-amd64: + echo -ne ''
    ubuntu-14.04-server-amd64: + read f
    ubuntu-14.04-server-amd64: + echo -ne ''
    ubuntu-14.04-server-amd64: + read f
    ubuntu-14.04-server-amd64: + echo -ne ''
    ubuntu-14.04-server-amd64: + read f
    ubuntu-14.04-server-amd64: + echo -ne ''
    ubuntu-14.04-server-amd64: + read f
    ubuntu-14.04-server-amd64: ==> Clearing last login information
    ubuntu-14.04-server-amd64: + echo -ne ''
    ubuntu-14.04-server-amd64: + read f
    ubuntu-14.04-server-amd64: + echo -ne ''
    ubuntu-14.04-server-amd64: + read f
    ubuntu-14.04-server-amd64: + echo -ne ''
    ubuntu-14.04-server-amd64: + read f
    ubuntu-14.04-server-amd64: + echo -ne ''
    ubuntu-14.04-server-amd64: + read f
    ubuntu-14.04-server-amd64: + echo -ne ''
    ubuntu-14.04-server-amd64: + read f
    ubuntu-14.04-server-amd64: + echo -ne ''
    ubuntu-14.04-server-amd64: + read f
    ubuntu-14.04-server-amd64: + echo -ne ''
    ubuntu-14.04-server-amd64: + read f
    ubuntu-14.04-server-amd64: + echo -ne ''
    ubuntu-14.04-server-amd64: + read f
    ubuntu-14.04-server-amd64: + echo -ne ''
    ubuntu-14.04-server-amd64: + read f
    ubuntu-14.04-server-amd64: + echo -ne ''
    ubuntu-14.04-server-amd64: + read f
    ubuntu-14.04-server-amd64: + echo -ne ''
    ubuntu-14.04-server-amd64: + read f
    ubuntu-14.04-server-amd64: + echo -ne ''
    ubuntu-14.04-server-amd64: + read f
    ubuntu-14.04-server-amd64: + echo -ne ''
    ubuntu-14.04-server-amd64: + read f
    ubuntu-14.04-server-amd64: + echo -ne ''
    ubuntu-14.04-server-amd64: + read f
    ubuntu-14.04-server-amd64: + echo -ne ''
    ubuntu-14.04-server-amd64: + read f
    ubuntu-14.04-server-amd64: + echo -ne ''
    ubuntu-14.04-server-amd64: + read f
    ubuntu-14.04-server-amd64: + echo -ne ''
    ubuntu-14.04-server-amd64: + read f
    ubuntu-14.04-server-amd64: + echo -ne ''
    ubuntu-14.04-server-amd64: + read f
    ubuntu-14.04-server-amd64: + echo -ne ''
    ubuntu-14.04-server-amd64: + read f
    ubuntu-14.04-server-amd64: + echo -ne ''
    ubuntu-14.04-server-amd64: + read f
    ubuntu-14.04-server-amd64: + echo -ne ''
    ubuntu-14.04-server-amd64: + read f
    ubuntu-14.04-server-amd64: + echo -ne ''
    ubuntu-14.04-server-amd64: + read f
    ubuntu-14.04-server-amd64: + echo -ne ''
    ubuntu-14.04-server-amd64: + read f
    ubuntu-14.04-server-amd64: + echo -ne ''
    ubuntu-14.04-server-amd64: + read f
    ubuntu-14.04-server-amd64: + echo -ne ''
    ubuntu-14.04-server-amd64: + read f
    ubuntu-14.04-server-amd64: + echo -ne ''
    ubuntu-14.04-server-amd64: + read f
    ubuntu-14.04-server-amd64: + echo -ne ''
    ubuntu-14.04-server-amd64: + read f
    ubuntu-14.04-server-amd64: + echo -ne ''
    ubuntu-14.04-server-amd64: + read f
    ubuntu-14.04-server-amd64: + echo -ne ''
    ubuntu-14.04-server-amd64: + read f
    ubuntu-14.04-server-amd64: + echo -ne ''
    ubuntu-14.04-server-amd64: + read f
    ubuntu-14.04-server-amd64: + echo -ne ''
    ubuntu-14.04-server-amd64: + read f
    ubuntu-14.04-server-amd64: + echo -ne ''
    ubuntu-14.04-server-amd64: + read f
    ubuntu-14.04-server-amd64: + echo -ne ''
    ubuntu-14.04-server-amd64: + read f
    ubuntu-14.04-server-amd64: + echo '==> Clearing last login information'
    ubuntu-14.04-server-amd64: + dd if=/dev/zero of=/EMPTY_FILE bs=1M
    ubuntu-14.04-server-amd64: dd: error writing ‘/EMPTY_FILE’: No space left on device
    ubuntu-14.04-server-amd64: 99302+0 records in
    ubuntu-14.04-server-amd64: 99301+0 records out
    ubuntu-14.04-server-amd64: 104124645376 bytes (104 GB) copied, 1269.86 s, 82.0 MB/s
    ubuntu-14.04-server-amd64: + echo 'dd exit code 1 is suppressed'
    ubuntu-14.04-server-amd64: dd exit code 1 is suppressed
    ubuntu-14.04-server-amd64: + rm -f /EMPTY_FILE
    ubuntu-14.04-server-amd64: + sync
==> ubuntu-14.04-server-amd64: Gracefully halting virtual machine...
==> ubuntu-14.04-server-amd64: Converting hard drive...
==> ubuntu-14.04-server-amd64: Running post-processor: vagrant
==> ubuntu-14.04-server-amd64 (vagrant): Creating Vagrant box for 'libvirt' provider
    ubuntu-14.04-server-amd64 (vagrant): Copying from artifact: output-ubuntu-14.04-server-amd64/packer-ubuntu-14.04-server-amd64
    ubuntu-14.04-server-amd64 (vagrant): Using custom Vagrantfile: Vagrantfile-linux.template
    ubuntu-14.04-server-amd64 (vagrant): Compressing: Vagrantfile
    ubuntu-14.04-server-amd64 (vagrant): Compressing: box.img
    ubuntu-14.04-server-amd64 (vagrant): Compressing: metadata.json
Build 'ubuntu-14.04-server-amd64' finished.

==> Builds finished. The artifacts of successful builds are:
--> ubuntu-14.04-server-amd64: 'libvirt' provider box: ubuntu-14.04-server-amd64-libvirt.box
