==> qemu: Downloading or copying ISO
    qemu: Found already downloaded, initial checksum matched, no download needed: http://archive.ubuntu.com/ubuntu/dists/artful/main/installer-amd64/current/images/netboot/mini.iso
==> qemu: Creating hard drive...
==> qemu: Starting HTTP server on port 8931
==> qemu: Found port for communicator (SSH, WinRM, etc): 4237.
==> qemu: Looking for available port between 5900 and 6000 on 127.0.0.1
==> qemu: Starting VM, booting from CD-ROM
    qemu: The VM will be run headless, without a GUI. If you want to
    qemu: view the screen of the VM, connect via VNC without a password to
    qemu: vnc://127.0.0.1:5901
==> qemu: Overriding defaults Qemu arguments with QemuArgs...
==> qemu: Waiting 2s for boot...
==> qemu: Connecting to VM via VNC
==> qemu: Typing the boot command over VNC...
==> qemu: Waiting for SSH to become available...
==> qemu: Connected to SSH!
==> qemu: Provisioning with shell script: scripts/ubuntu/update.sh
    qemu: [sudo] password for vagrant: + export DEBIAN_FRONTEND=noninteractive
    qemu: + DEBIAN_FRONTEND=noninteractive
    qemu: + apt update
    qemu:
    qemu: WARNING: apt does not have a stable CLI interface. Use with caution in scripts.
    qemu:
    qemu: + apt -y upgrade
    qemu:
    qemu: WARNING: apt does not have a stable CLI interface. Use with caution in scripts.
    qemu:
==> qemu: Provisioning with shell script: scripts/ubuntu/disable_apt-daily.sh
    qemu: [sudo] password for vagrant: + echo 'Disabling unattended upgrades'
    qemu: Disabling unattended upgrades
    qemu: + cat
==> qemu: Provisioning with shell script: scripts/ubuntu/spice-vdagent.sh
    qemu: [sudo] password for vagrant: + apt-get install -y -q spice-vdagent
    qemu: Reading package lists...
    qemu: Building dependency tree...
    qemu: Reading state information...
    qemu: The following NEW packages will be installed:
    qemu:   spice-vdagent
    qemu: 0 upgraded, 1 newly installed, 0 to remove and 0 not upgraded.
    qemu: Need to get 47.2 kB of archives.
    qemu: After this operation, 165 kB of additional disk space will be used.
    qemu: Get:1 http://archive.ubuntu.com/ubuntu artful/universe amd64 spice-vdagent amd64 0.17.0-1ubuntu1 [47.2 kB]
    qemu: debconf: unable to initialize frontend: Dialog
    qemu: debconf: (Dialog frontend will not work on a dumb terminal, an emacs shell buffer, or without a controlling terminal.)
    qemu: debconf: falling back to frontend: Readline
    qemu: debconf: unable to initialize frontend: Readline
    qemu: debconf: (This frontend requires a controlling tty.)
    qemu: debconf: falling back to frontend: Teletype
    qemu: dpkg-preconfigure: unable to re-open stdin:
    qemu: Fetched 47.2 kB in 0s (175 kB/s)
    qemu: Selecting previously unselected package spice-vdagent.
    qemu: (Reading database ... 129281 files and directories currently installed.)
    qemu: Preparing to unpack .../spice-vdagent_0.17.0-1ubuntu1_amd64.deb ...
    qemu: Unpacking spice-vdagent (0.17.0-1ubuntu1) ...
    qemu: Setting up spice-vdagent (0.17.0-1ubuntu1) ...
    qemu: Created symlink /etc/systemd/system/spice-vdagentd.target.wants/spice-vdagentd.service → /lib/systemd/system/spice-vdagentd.service.
    qemu: spice-vdagentd.target is a disabled or a static unit, not starting it.
    qemu: Processing triggers for ureadahead (0.100.0-20) ...
    qemu: Processing triggers for systemd (234-2ubuntu12.1) ...
    qemu: Processing triggers for man-db (2.7.6.1-2) ...
    qemu: + echo 'SPICE_VDAGENTD_EXTRA_ARGS="-X"'
==> qemu: Provisioning with shell script: scripts/linux-common/vagrant.sh
    qemu: [sudo] password for vagrant: + date
    qemu: + SSH_USER=vagrant
    qemu: ==> Giving vagrant sudo powers
    qemu: ==> Installing vagrant key
    qemu: + SSH_USER_HOME=/home/vagrant
    qemu: + VAGRANT_INSECURE_KEY='ssh-rsa AAAAB3NzaC1yc2EAAAABIwAAAQEA6NF8iallvQVp22WDkTkyrtvp9eWW6A8YVr+kz4TjGYe7gHzIw+niNltGEFHzD8+v1I2YJ6oXevct1YeS0o9HZyN1Q9qgCgzUFtdOKLv6IedplqoPkcmF0aYet2PkEDo3MlTBckFXPITAMzF8dJSIFo9D8HfdOV0IAdx4O7PtixWKn5y2hMNG0zQPyUecp4pzC6kivAIhyfHilFR61RGL+GPXQ2MWZWFYbAGjyiYJnAmCP3NOTd0jMZEnDkbUvxhMmBYSdETk1rRgm+R4LOzFUGaHqHDLKLX+FIPKcF96hrucXzcWyLbIbEgE98OHlnVYCzRdK8jlqm8tehUc9c9WhQ== vagrant insecure public key'
    qemu: + echo '==> Giving vagrant sudo powers'
    qemu: + echo 'vagrant        ALL=(ALL)       NOPASSWD: ALL'
    qemu: + echo '==> Installing vagrant key'
    qemu: + '[' '!' -d /home/vagrant/.ssh ']'
    qemu: + mkdir /home/vagrant/.ssh
    qemu: + chmod 700 /home/vagrant/.ssh
    qemu: + echo 'ssh-rsa AAAAB3NzaC1yc2EAAAABIwAAAQEA6NF8iallvQVp22WDkTkyrtvp9eWW6A8YVr+kz4TjGYe7gHzIw+niNltGEFHzD8+v1I2YJ6oXevct1YeS0o9HZyN1Q9qgCgzUFtdOKLv6IedplqoPkcmF0aYet2PkEDo3MlTBckFXPITAMzF8dJSIFo9D8HfdOV0IAdx4O7PtixWKn5y2hMNG0zQPyUecp4pzC6kivAIhyfHilFR61RGL+GPXQ2MWZWFYbAGjyiYJnAmCP3NOTd0jMZEnDkbUvxhMmBYSdETk1rRgm+R4LOzFUGaHqHDLKLX+FIPKcF96hrucXzcWyLbIbEgE98OHlnVYCzRdK8jlqm8tehUc9c9WhQ== vagrant insecure public key'
    qemu: + chmod 600 /home/vagrant/.ssh/authorized_keys
    qemu: + chown -R vagrant:vagrant /home/vagrant/.ssh
==> qemu: Provisioning with shell script: scripts/linux-common/cleanup.sh
    qemu: ==> Cleaning up udev rules
    qemu: + SSH_USER=vagrant
    qemu: + echo '==> Cleaning up udev rules'
    qemu: + rm -rf /dev/.udev/ /lib/udev/rules.d/75-persistent-net-generator.rules
    qemu: + service rsyslog stop
    qemu: + '[' -f /etc/os-release ']'
    qemu: + grep -iq debian /etc/os-release
    qemu: ==> Cleaning up leftover dhcp leases
    qemu: + export DEBIAN_FRONTEND=noninteractive
    qemu: + DEBIAN_FRONTEND=noninteractive
    qemu: + echo 'pre-up sleep 2'
    qemu: + echo '==> Cleaning up leftover dhcp leases'
    qemu: + '[' -d /var/lib/dhcp3 ']'
    qemu: + '[' -d /var/lib/dhcp ']'
    qemu: + rm '/var/lib/dhcp/*'
    qemu: rm: cannot remove '/var/lib/dhcp/*': No such file or directory
    qemu: + apt-get -y autoremove --purge
    qemu: Reading package lists...
    qemu: Building dependency tree...
    qemu: Reading state information...
    qemu: 0 upgraded, 0 newly installed, 0 to remove and 0 not upgraded.
    qemu: + apt-get -y clean
    qemu: + apt-get -y autoclean
    qemu: Reading package lists...
    qemu: Building dependency tree...
    qemu: Reading state information...
    qemu: + echo '==> Cleaning up tmp'
    qemu: + rm -rf /tmp/script_3959.sh /tmp/ssh-a6dqMGSeBn /tmp/systemd-private-25d704c203564f0584380c597d530b6d-colord.service-1VjyMX /tmp/systemd-private-25d704c203564f0584380c597d530b6d-rtkit-daemon.service-eShcQS /tmp/systemd-private-25d704c203564f0584380c597d530b6d-spice-vdagentd.service-ktejme /tmp/systemd-private-25d704c203564f0584380c597d530b6d-systemd-resolved.service-kJTy7h /tmp/systemd-private-25d704c203564f0584380c597d530b6d-systemd-timesyncd.service-2CHGVd
    qemu: ==> Cleaning up tmp
    qemu: + unset HISTFILE
    qemu: + rm -f /root/.bash_history
    qemu: + rm -f /home/vagrant/.bash_history
    qemu: + find /var/log -type f
    qemu: + read f
    qemu: + echo -ne ''
    qemu: + read f
    qemu: + echo -ne ''
    qemu: + read f
    qemu: + echo -ne ''
    qemu: + read f
    qemu: + echo -ne ''
    qemu: + read f
    qemu: + echo -ne ''
    qemu: + read f
    qemu: + echo -ne ''
    qemu: + read f
    qemu: + echo -ne ''
    qemu: + read f
    qemu: + echo -ne ''
    qemu: + read f
    qemu: + echo -ne ''
    qemu: + read f
    qemu: + echo -ne ''
    qemu: + read f
    qemu: + echo -ne ''
    qemu: + read f
    qemu: + echo -ne ''
    qemu: + read f
    qemu: ==> Clearing last login information
    qemu: + echo -ne ''
    qemu: + read f
    qemu: + echo -ne ''
    qemu: + read f
    qemu: + echo -ne ''
    qemu: + read f
    qemu: + echo -ne ''
    qemu: + read f
    qemu: + echo -ne ''
    qemu: + read f
    qemu: + echo -ne ''
    qemu: + read f
    qemu: + echo -ne ''
    qemu: + read f
    qemu: + echo -ne ''
    qemu: + read f
    qemu: + echo -ne ''
    qemu: + read f
    qemu: + echo -ne ''
    qemu: + read f
    qemu: + echo -ne ''
    qemu: + read f
    qemu: + echo -ne ''
    qemu: + read f
    qemu: + echo '==> Clearing last login information'
    qemu: + dd if=/dev/zero of=/EMPTY_FILE bs=1M
    qemu: + echo 'dd exit code 1 is suppressed'
    qemu: dd exit code 1 is suppressed
    qemu: + rm -f /EMPTY_FILE
    qemu: + sync
==> qemu: Gracefully halting virtual machine...
==> qemu: Converting hard drive...
==> qemu: Running post-processor: vagrant
==> qemu (vagrant): Creating Vagrant box for 'libvirt' provider
    qemu (vagrant): Copying from artifact: ubuntu-17.10-desktop-amd64-qemu/ubuntu-17.10-desktop-amd64
    qemu (vagrant): Using custom Vagrantfile: Vagrantfile-linux.template
    qemu (vagrant): Compressing: Vagrantfile
    qemu (vagrant): Compressing: box.img
    qemu (vagrant): Compressing: metadata.json
Build 'qemu' finished.

==> Builds finished. The artifacts of successful builds are:
--> qemu: 'libvirt' provider box: ubuntu-17.10-desktop-amd64-libvirt.box
